<?xml version="1.0" encoding="UTF-8"?>
<coverage generated="1658939721377" clover="3.2.0">
  <project timestamp="1658939721377" name="All files">
    <metrics statements="617" coveredstatements="573" conditionals="295" coveredconditionals="254" methods="166" coveredmethods="154" elements="1078" coveredelements="981" complexity="0" loc="617" ncloc="617" packages="6" files="26" classes="26"/>
    <package name="js">
      <metrics statements="26" coveredstatements="22" conditionals="16" coveredconditionals="12" methods="13" coveredmethods="10"/>
      <file name="App.tsx" path="/home/runner/work/multiJSnake/multiJSnake/src/main/js/App.tsx">
        <metrics statements="7" coveredstatements="6" conditionals="4" coveredconditionals="3" methods="3" coveredmethods="3"/>
        <line num="12" count="24" type="cond" truecount="3" falsecount="1"/>
        <line num="13" count="0" type="stmt"/>
        <line num="17" count="60" type="stmt"/>
        <line num="19" count="58" type="stmt"/>
        <line num="21" count="58" type="stmt"/>
        <line num="25" count="10" type="stmt"/>
        <line num="43" count="24" type="stmt"/>
      </file>
      <file name="GenId.ts" path="/home/runner/work/multiJSnake/multiJSnake/src/main/js/GenId.ts">
        <metrics statements="6" coveredstatements="6" conditionals="0" coveredconditionals="0" methods="1" coveredmethods="1"/>
        <line num="3" count="22" type="stmt"/>
        <line num="4" count="22" type="stmt"/>
        <line num="5" count="22" type="stmt"/>
        <line num="6" count="22" type="stmt"/>
        <line num="7" count="220" type="stmt"/>
        <line num="9" count="22" type="stmt"/>
      </file>
      <file name="NavBar.tsx" path="/home/runner/work/multiJSnake/multiJSnake/src/main/js/NavBar.tsx">
        <metrics statements="13" coveredstatements="10" conditionals="12" coveredconditionals="9" methods="9" coveredmethods="6"/>
        <line num="32" count="58" type="stmt"/>
        <line num="36" count="24" type="cond" truecount="1" falsecount="1"/>
        <line num="37" count="0" type="stmt"/>
        <line num="38" count="0" type="cond" truecount="0" falsecount="2"/>
        <line num="40" count="0" type="stmt"/>
        <line num="44" count="24" type="stmt"/>
        <line num="47" count="24" type="stmt"/>
        <line num="49" count="24" type="stmt"/>
        <line num="52" count="58" type="stmt"/>
        <line num="93" count="5" type="stmt"/>
        <line num="94" count="5" type="stmt"/>
        <line num="105" count="2" type="stmt"/>
        <line num="113" count="3" type="stmt"/>
      </file>
    </package>
    <package name="js.SnakeLogic">
      <metrics statements="166" coveredstatements="162" conditionals="78" coveredconditionals="71" methods="22" coveredmethods="22"/>
      <file name="JsGameState.ts" path="/home/runner/work/multiJSnake/multiJSnake/src/main/js/SnakeLogic/JsGameState.ts">
        <metrics statements="159" coveredstatements="155" conditionals="78" coveredconditionals="71" methods="21" coveredmethods="21"/>
        <line num="23" count="429" type="stmt"/>
        <line num="24" count="429" type="stmt"/>
        <line num="25" count="429" type="stmt"/>
        <line num="26" count="429" type="stmt"/>
        <line num="27" count="429" type="stmt"/>
        <line num="28" count="429" type="stmt"/>
        <line num="30" count="429" type="stmt"/>
        <line num="31" count="429" type="stmt"/>
        <line num="33" count="429" type="stmt"/>
        <line num="38" count="2570" type="stmt"/>
        <line num="39" count="2570" type="stmt"/>
        <line num="40" count="2570" type="stmt"/>
        <line num="41" count="8381" type="cond" truecount="2" falsecount="0"/>
        <line num="47" count="1572" type="stmt"/>
        <line num="48" count="1572" type="cond" truecount="4" falsecount="0"/>
        <line num="52" count="243" type="cond" truecount="3" falsecount="0"/>
        <line num="56" count="1116" type="stmt"/>
        <line num="57" count="1116" type="stmt"/>
        <line num="61" count="872" type="cond" truecount="1" falsecount="1"/>
        <line num="62" count="0" type="stmt"/>
        <line num="65" count="872" type="stmt"/>
        <line num="66" count="875" type="stmt"/>
        <line num="68" count="872" type="stmt"/>
        <line num="72" count="442" type="stmt"/>
        <line num="86" count="141" type="stmt"/>
        <line num="87" count="141" type="stmt"/>
        <line num="88" count="1410" type="stmt"/>
        <line num="89" count="1410" type="stmt"/>
        <line num="90" count="14100" type="stmt"/>
        <line num="91" count="14100" type="stmt"/>
        <line num="92" count="42300" type="stmt"/>
        <line num="96" count="141" type="stmt"/>
        <line num="99" count="141" type="cond" truecount="1" falsecount="1"/>
        <line num="100" count="141" type="stmt"/>
        <line num="103" count="141" type="cond" truecount="1" falsecount="1"/>
        <line num="104" count="141" type="stmt"/>
        <line num="107" count="141" type="stmt"/>
        <line num="108" count="141" type="stmt"/>
        <line num="109" count="1082" type="stmt"/>
        <line num="110" count="1082" type="stmt"/>
        <line num="113" count="141" type="stmt"/>
        <line num="125" count="132" type="stmt"/>
        <line num="126" count="132" type="stmt"/>
        <line num="128" count="132" type="cond" truecount="1" falsecount="1"/>
        <line num="129" count="132" type="stmt"/>
        <line num="132" count="132" type="cond" truecount="2" falsecount="0"/>
        <line num="133" count="64" type="stmt"/>
        <line num="135" count="68" type="stmt"/>
        <line num="139" count="132" type="cond" truecount="4" falsecount="0"/>
        <line num="140" count="127" type="stmt"/>
        <line num="142" count="5" type="stmt"/>
        <line num="146" count="132" type="cond" truecount="4" falsecount="0"/>
        <line num="147" count="5" type="stmt"/>
        <line num="149" count="127" type="stmt"/>
        <line num="153" count="132" type="cond" truecount="2" falsecount="0"/>
        <line num="154" count="54" type="stmt"/>
        <line num="156" count="78" type="stmt"/>
        <line num="160" count="132" type="stmt"/>
        <line num="161" count="132" type="stmt"/>
        <line num="162" count="132" type="stmt"/>
        <line num="163" count="132" type="stmt"/>
        <line num="164" count="132" type="stmt"/>
        <line num="165" count="132" type="stmt"/>
        <line num="166" count="132" type="stmt"/>
        <line num="170" count="132" type="stmt"/>
        <line num="171" count="132" type="stmt"/>
        <line num="172" count="132" type="stmt"/>
        <line num="173" count="132" type="stmt"/>
        <line num="174" count="132" type="stmt"/>
        <line num="175" count="132" type="stmt"/>
        <line num="176" count="132" type="stmt"/>
        <line num="177" count="132" type="stmt"/>
        <line num="180" count="132" type="stmt"/>
        <line num="181" count="132" type="stmt"/>
        <line num="182" count="132" type="stmt"/>
        <line num="183" count="132" type="stmt"/>
        <line num="184" count="132" type="stmt"/>
        <line num="185" count="132" type="stmt"/>
        <line num="186" count="132" type="stmt"/>
        <line num="187" count="132" type="stmt"/>
        <line num="189" count="132" type="stmt"/>
        <line num="193" count="1452" type="cond" truecount="4" falsecount="0"/>
        <line num="194" count="686" type="stmt"/>
        <line num="195" count="766" type="stmt"/>
        <line num="200" count="132" type="stmt"/>
        <line num="201" count="132" type="stmt"/>
        <line num="206" count="132" type="cond" truecount="4" falsecount="0"/>
        <line num="208" count="26" type="stmt"/>
        <line num="209" count="26" type="stmt"/>
        <line num="211" count="28" type="stmt"/>
        <line num="212" count="28" type="stmt"/>
        <line num="214" count="26" type="stmt"/>
        <line num="215" count="26" type="stmt"/>
        <line num="217" count="52" type="stmt"/>
        <line num="218" count="52" type="stmt"/>
        <line num="221" count="132" type="stmt"/>
        <line num="225" count="132" type="stmt"/>
        <line num="226" count="132" type="cond" truecount="2" falsecount="1"/>
        <line num="229" count="14" type="stmt"/>
        <line num="230" count="14" type="stmt"/>
        <line num="233" count="118" type="stmt"/>
        <line num="236" count="0" type="stmt"/>
        <line num="237" count="0" type="stmt"/>
        <line num="242" count="141" type="stmt"/>
        <line num="243" count="141" type="cond" truecount="4" falsecount="0"/>
        <line num="246" count="31" type="stmt"/>
        <line num="247" count="31" type="stmt"/>
        <line num="250" count="37" type="stmt"/>
        <line num="251" count="37" type="stmt"/>
        <line num="254" count="32" type="stmt"/>
        <line num="255" count="32" type="stmt"/>
        <line num="258" count="41" type="stmt"/>
        <line num="259" count="41" type="stmt"/>
        <line num="264" count="1827" type="cond" truecount="4" falsecount="0"/>
        <line num="267" count="483" type="stmt"/>
        <line num="270" count="430" type="stmt"/>
        <line num="273" count="478" type="stmt"/>
        <line num="276" count="436" type="stmt"/>
        <line num="281" count="278" type="cond" truecount="4" falsecount="0"/>
        <line num="283" count="60" type="stmt"/>
        <line num="285" count="107" type="stmt"/>
        <line num="287" count="55" type="stmt"/>
        <line num="289" count="56" type="stmt"/>
        <line num="294" count="264" type="cond" truecount="4" falsecount="0"/>
        <line num="296" count="56" type="stmt"/>
        <line num="298" count="104" type="stmt"/>
        <line num="300" count="52" type="stmt"/>
        <line num="302" count="52" type="stmt"/>
        <line num="307" count="528" type="cond" truecount="4" falsecount="0"/>
        <line num="309" count="112" type="stmt"/>
        <line num="311" count="208" type="stmt"/>
        <line num="313" count="104" type="stmt"/>
        <line num="315" count="104" type="stmt"/>
        <line num="320" count="430" type="stmt"/>
        <line num="321" count="430" type="stmt"/>
        <line num="322" count="430" type="stmt"/>
        <line num="324" count="430" type="stmt"/>
        <line num="325" count="430" type="cond" truecount="1" falsecount="1"/>
        <line num="326" count="0" type="stmt"/>
        <line num="329" count="430" type="stmt"/>
        <line num="330" count="430" type="stmt"/>
        <line num="334" count="273" type="stmt"/>
        <line num="335" count="273" type="cond" truecount="4" falsecount="0"/>
        <line num="337" count="243" type="stmt"/>
        <line num="340" count="243" type="stmt"/>
        <line num="342" count="243" type="cond" truecount="2" falsecount="0"/>
        <line num="343" count="12" type="stmt"/>
        <line num="344" count="12" type="stmt"/>
        <line num="347" count="243" type="stmt"/>
        <line num="348" count="227" type="stmt"/>
        <line num="351" count="243" type="cond" truecount="4" falsecount="0"/>
        <line num="352" count="1" type="stmt"/>
        <line num="355" count="243" type="stmt"/>
        <line num="357" count="30" type="stmt"/>
        <line num="358" count="30" type="cond" truecount="2" falsecount="0"/>
        <line num="359" count="1" type="cond" truecount="1" falsecount="1"/>
        <line num="360" count="1" type="cond" truecount="2" falsecount="0"/>
        <line num="361" count="1" type="stmt"/>
        <line num="362" count="1" type="stmt"/>
      </file>
      <file name="JsSnake.ts" path="/home/runner/work/multiJSnake/multiJSnake/src/main/js/SnakeLogic/JsSnake.ts">
        <metrics statements="7" coveredstatements="7" conditionals="0" coveredconditionals="0" methods="1" coveredmethods="1"/>
        <line num="17" count="429" type="stmt"/>
        <line num="18" count="429" type="stmt"/>
        <line num="19" count="429" type="stmt"/>
        <line num="20" count="429" type="stmt"/>
        <line num="21" count="429" type="stmt"/>
        <line num="22" count="429" type="stmt"/>
        <line num="24" count="429" type="stmt"/>
      </file>
    </package>
    <package name="js.auth">
      <metrics statements="21" coveredstatements="20" conditionals="14" coveredconditionals="11" methods="7" coveredmethods="7"/>
      <file name="AuthService.ts" path="/home/runner/work/multiJSnake/multiJSnake/src/main/js/auth/AuthService.ts">
        <metrics statements="16" coveredstatements="16" conditionals="8" coveredconditionals="6" methods="6" coveredmethods="6"/>
        <line num="5" count="24" type="stmt"/>
        <line num="7" count="24" type="stmt"/>
        <line num="8" count="24" type="stmt"/>
        <line num="9" count="24" type="cond" truecount="3" falsecount="1"/>
        <line num="11" count="24" type="stmt"/>
        <line num="13" count="24" type="stmt"/>
        <line num="15" count="24" type="stmt"/>
        <line num="20" count="7" type="stmt"/>
        <line num="27" count="5" type="cond" truecount="1" falsecount="1"/>
        <line num="28" count="5" type="stmt"/>
        <line num="31" count="5" type="stmt"/>
        <line num="36" count="5" type="stmt"/>
        <line num="40" count="5" type="stmt"/>
        <line num="46" count="3" type="stmt"/>
        <line num="50" count="58" type="stmt"/>
        <line num="51" count="58" type="cond" truecount="2" falsecount="0"/>
      </file>
      <file name="authHeader.ts" path="/home/runner/work/multiJSnake/multiJSnake/src/main/js/auth/authHeader.ts">
        <metrics statements="5" coveredstatements="4" conditionals="6" coveredconditionals="5" methods="1" coveredmethods="1"/>
        <line num="6" count="2" type="stmt"/>
        <line num="7" count="2" type="cond" truecount="2" falsecount="0"/>
        <line num="9" count="2" type="cond" truecount="3" falsecount="1"/>
        <line num="10" count="2" type="stmt"/>
        <line num="12" count="0" type="stmt"/>
      </file>
    </package>
    <package name="js.visualization">
      <metrics statements="107" coveredstatements="100" conditionals="40" coveredconditionals="31" methods="14" coveredmethods="14"/>
      <file name="canvas.tsx" path="/home/runner/work/multiJSnake/multiJSnake/src/main/js/visualization/canvas.tsx">
        <metrics statements="18" coveredstatements="15" conditionals="6" coveredconditionals="3" methods="5" coveredmethods="5"/>
        <line num="18" count="421" type="stmt"/>
        <line num="20" count="421" type="stmt"/>
        <line num="22" count="421" type="stmt"/>
        <line num="23" count="23" type="stmt"/>
        <line num="25" count="23" type="cond" truecount="1" falsecount="1"/>
        <line num="26" count="0" type="stmt"/>
        <line num="29" count="23" type="stmt"/>
        <line num="32" count="421" type="stmt"/>
        <line num="33" count="421" type="stmt"/>
        <line num="35" count="421" type="cond" truecount="1" falsecount="1"/>
        <line num="36" count="0" type="stmt"/>
        <line num="39" count="421" type="stmt"/>
        <line num="41" count="421" type="cond" truecount="1" falsecount="1"/>
        <line num="42" count="0" type="stmt"/>
        <line num="45" count="421" type="stmt"/>
        <line num="48" count="421" type="stmt"/>
        <line num="55" count="21" type="stmt"/>
        <line num="56" count="27" type="stmt"/>
      </file>
      <file name="canvasDraw.ts" path="/home/runner/work/multiJSnake/multiJSnake/src/main/js/visualization/canvasDraw.ts">
        <metrics statements="58" coveredstatements="57" conditionals="20" coveredconditionals="18" methods="3" coveredmethods="3"/>
        <line num="12" count="24" type="stmt"/>
        <line num="20" count="713" type="stmt"/>
        <line num="21" count="713" type="stmt"/>
        <line num="23" count="713" type="cond" truecount="2" falsecount="0"/>
        <line num="24" count="32" type="stmt"/>
        <line num="26" count="681" type="stmt"/>
        <line num="29" count="713" type="stmt"/>
        <line num="30" count="713" type="stmt"/>
        <line num="31" count="713" type="stmt"/>
        <line num="32" count="713" type="cond" truecount="2" falsecount="0"/>
        <line num="33" count="153" type="stmt"/>
        <line num="35" count="713" type="cond" truecount="2" falsecount="0"/>
        <line num="36" count="173" type="stmt"/>
        <line num="38" count="713" type="cond" truecount="2" falsecount="0"/>
        <line num="39" count="157" type="stmt"/>
        <line num="41" count="713" type="cond" truecount="2" falsecount="0"/>
        <line num="42" count="230" type="stmt"/>
        <line num="45" count="713" type="stmt"/>
        <line num="46" count="713" type="stmt"/>
        <line num="47" count="713" type="stmt"/>
        <line num="48" count="713" type="stmt"/>
        <line num="49" count="1951" type="stmt"/>
        <line num="51" count="713" type="stmt"/>
        <line num="52" count="713" type="stmt"/>
        <line num="56" count="696" type="cond" truecount="1" falsecount="1"/>
        <line num="57" count="0" type="stmt"/>
        <line num="60" count="696" type="stmt"/>
        <line num="61" count="696" type="stmt"/>
        <line num="62" count="696" type="stmt"/>
        <line num="64" count="696" type="stmt"/>
        <line num="65" count="696" type="stmt"/>
        <line num="67" count="696" type="cond" truecount="1" falsecount="1"/>
        <line num="68" count="696" type="stmt"/>
        <line num="69" count="696" type="stmt"/>
        <line num="70" count="696" type="stmt"/>
        <line num="71" count="696" type="stmt"/>
        <line num="74" count="713" type="stmt"/>
        <line num="76" count="696" type="cond" truecount="2" falsecount="0"/>
        <line num="77" count="173" type="stmt"/>
        <line num="78" count="173" type="stmt"/>
        <line num="79" count="173" type="stmt"/>
        <line num="80" count="173" type="stmt"/>
        <line num="81" count="173" type="stmt"/>
        <line num="82" count="173" type="stmt"/>
        <line num="85" count="696" type="cond" truecount="2" falsecount="0"/>
        <line num="86" count="265" type="stmt"/>
        <line num="87" count="265" type="stmt"/>
        <line num="88" count="265" type="stmt"/>
        <line num="89" count="265" type="stmt"/>
        <line num="90" count="265" type="stmt"/>
        <line num="91" count="265" type="stmt"/>
        <line num="94" count="696" type="cond" truecount="2" falsecount="0"/>
        <line num="95" count="2" type="stmt"/>
        <line num="96" count="2" type="stmt"/>
        <line num="97" count="2" type="stmt"/>
        <line num="98" count="2" type="stmt"/>
        <line num="99" count="2" type="stmt"/>
        <line num="100" count="2" type="stmt"/>
      </file>
      <file name="color.ts" path="/home/runner/work/multiJSnake/multiJSnake/src/main/js/visualization/color.ts">
        <metrics statements="31" coveredstatements="28" conditionals="14" coveredconditionals="10" methods="6" coveredmethods="6"/>
        <line num="4" count="1357" type="stmt"/>
        <line num="5" count="1357" type="stmt"/>
        <line num="6" count="1357" type="stmt"/>
        <line num="7" count="1357" type="stmt"/>
        <line num="8" count="1357" type="stmt"/>
        <line num="11" count="1357" type="cond" truecount="2" falsecount="0"/>
        <line num="12" count="8" type="stmt"/>
        <line num="13" count="1349" type="cond" truecount="2" falsecount="0"/>
        <line num="14" count="1323" type="stmt"/>
        <line num="15" count="26" type="cond" truecount="1" falsecount="1"/>
        <line num="16" count="0" type="stmt"/>
        <line num="17" count="26" type="cond" truecount="2" falsecount="0"/>
        <line num="18" count="10" type="stmt"/>
        <line num="19" count="16" type="cond" truecount="1" falsecount="1"/>
        <line num="20" count="0" type="stmt"/>
        <line num="21" count="16" type="cond" truecount="1" falsecount="1"/>
        <line num="22" count="16" type="stmt"/>
        <line num="24" count="0" type="stmt"/>
        <line num="28" count="4071" type="stmt"/>
        <line num="29" count="4071" type="cond" truecount="1" falsecount="1"/>
        <line num="33" count="1357" type="stmt"/>
        <line num="36" count="1357" type="stmt"/>
        <line num="40" count="1357" type="stmt"/>
        <line num="41" count="1357" type="stmt"/>
        <line num="43" count="1357" type="stmt"/>
        <line num="44" count="1357" type="stmt"/>
        <line num="46" count="1357" type="stmt"/>
        <line num="50" count="1325" type="stmt"/>
        <line num="51" count="1325" type="stmt"/>
        <line num="55" count="32" type="stmt"/>
        <line num="56" count="32" type="stmt"/>
      </file>
    </package>
    <package name="js.websockets">
      <metrics statements="22" coveredstatements="19" conditionals="4" coveredconditionals="3" methods="8" coveredmethods="7"/>
      <file name="BufferedStompClient.ts" path="/home/runner/work/multiJSnake/multiJSnake/src/main/js/websockets/BufferedStompClient.ts">
        <metrics statements="7" coveredstatements="7" conditionals="2" coveredconditionals="2" methods="3" coveredmethods="3"/>
        <line num="9" count="25" type="stmt"/>
        <line num="11" count="25" type="stmt"/>
        <line num="15" count="119" type="cond" truecount="2" falsecount="0"/>
        <line num="16" count="25" type="stmt"/>
        <line num="18" count="94" type="stmt"/>
        <line num="23" count="25" type="stmt"/>
        <line num="24" count="25" type="stmt"/>
      </file>
      <file name="websocket-listener.ts" path="/home/runner/work/multiJSnake/multiJSnake/src/main/js/websockets/websocket-listener.ts">
        <metrics statements="15" coveredstatements="12" conditionals="2" coveredconditionals="1" methods="5" coveredmethods="4"/>
        <line num="13" count="24" type="stmt"/>
        <line num="15" count="25" type="cond" truecount="1" falsecount="1"/>
        <line num="16" count="0" type="stmt"/>
        <line num="18" count="25" type="stmt"/>
        <line num="21" count="25" type="stmt"/>
        <line num="24" count="785" type="stmt"/>
        <line num="29" count="25" type="stmt"/>
        <line num="30" count="25" type="stmt"/>
        <line num="31" count="100" type="stmt"/>
        <line num="33" count="25" type="stmt"/>
        <line num="36" count="25" type="stmt"/>
        <line num="37" count="0" type="stmt"/>
        <line num="38" count="0" type="stmt"/>
        <line num="41" count="25" type="stmt"/>
        <line num="43" count="25" type="stmt"/>
      </file>
    </package>
    <package name="js.widgets">
      <metrics statements="275" coveredstatements="250" conditionals="143" coveredconditionals="126" methods="102" coveredmethods="94"/>
      <file name="AddAutopilot.tsx" path="/home/runner/work/multiJSnake/multiJSnake/src/main/js/widgets/AddAutopilot.tsx">
        <metrics statements="7" coveredstatements="7" conditionals="19" coveredconditionals="19" methods="5" coveredmethods="5"/>
        <line num="17" count="432" type="cond" truecount="2" falsecount="0"/>
        <line num="19" count="432" type="stmt"/>
        <line num="27" count="264" type="stmt"/>
        <line num="28" count="471" type="stmt"/>
        <line num="30" count="7" type="cond" truecount="2" falsecount="0"/>
        <line num="31" count="7" type="cond" truecount="3" falsecount="0"/>
        <line num="38" count="5" type="cond" truecount="2" falsecount="0"/>
      </file>
      <file name="Ai.tsx" path="/home/runner/work/multiJSnake/multiJSnake/src/main/js/widgets/Ai.tsx">
        <metrics statements="44" coveredstatements="40" conditionals="12" coveredconditionals="8" methods="15" coveredmethods="13"/>
        <line num="12" count="24" type="stmt"/>
        <line num="32" count="6" type="stmt"/>
        <line num="34" count="72" type="stmt"/>
        <line num="36" count="6" type="stmt"/>
        <line num="39" count="6" type="stmt"/>
        <line num="40" count="6" type="stmt"/>
        <line num="44" count="6" type="stmt"/>
        <line num="46" count="6" type="stmt"/>
        <line num="48" count="6" type="cond" truecount="2" falsecount="0"/>
        <line num="49" count="4" type="stmt"/>
        <line num="52" count="273" type="stmt"/>
        <line num="54" count="2" type="stmt"/>
        <line num="56" count="2" type="stmt"/>
        <line num="57" count="2" type="stmt"/>
        <line num="61" count="6" type="stmt"/>
        <line num="62" count="3" type="stmt"/>
        <line num="64" count="2" type="cond" truecount="1" falsecount="1"/>
        <line num="65" count="2" type="stmt"/>
        <line num="75" count="273" type="cond" truecount="1" falsecount="1"/>
        <line num="76" count="0" type="stmt"/>
        <line num="79" count="273" type="stmt"/>
        <line num="80" count="273" type="cond" truecount="2" falsecount="0"/>
        <line num="81" count="141" type="stmt"/>
        <line num="82" count="141" type="stmt"/>
        <line num="84" count="141" type="stmt"/>
        <line num="85" count="141" type="stmt"/>
        <line num="87" count="132" type="stmt"/>
        <line num="88" count="132" type="stmt"/>
        <line num="90" count="132" type="stmt"/>
        <line num="91" count="132" type="stmt"/>
        <line num="93" count="273" type="stmt"/>
        <line num="95" count="273" type="stmt"/>
        <line num="96" count="273" type="stmt"/>
        <line num="100" count="275" type="stmt"/>
        <line num="101" count="275" type="cond" truecount="1" falsecount="1"/>
        <line num="102" count="0" type="stmt"/>
        <line num="104" count="275" type="stmt"/>
        <line num="105" count="275" type="cond" truecount="1" falsecount="1"/>
        <line num="106" count="0" type="stmt"/>
        <line num="108" count="275" type="stmt"/>
        <line num="112" count="1" type="stmt"/>
        <line num="115" count="6" type="stmt"/>
        <line num="129" count="0" type="stmt"/>
        <line num="130" count="2" type="stmt"/>
      </file>
      <file name="ColorViewer.tsx" path="/home/runner/work/multiJSnake/multiJSnake/src/main/js/widgets/ColorViewer.tsx">
        <metrics statements="1" coveredstatements="1" conditionals="0" coveredconditionals="0" methods="1" coveredmethods="1"/>
        <line num="9" count="694" type="stmt"/>
      </file>
      <file name="FieldSizeSelector.tsx" path="/home/runner/work/multiJSnake/multiJSnake/src/main/js/widgets/FieldSizeSelector.tsx">
        <metrics statements="6" coveredstatements="6" conditionals="0" coveredconditionals="0" methods="4" coveredmethods="4"/>
        <line num="13" count="439" type="stmt"/>
        <line num="14" count="437" type="stmt"/>
        <line num="16" count="437" type="stmt"/>
        <line num="23" count="8" type="stmt"/>
        <line num="30" count="8" type="stmt"/>
        <line num="34" count="2" type="stmt"/>
      </file>
      <file name="GameView.tsx" path="/home/runner/work/multiJSnake/multiJSnake/src/main/js/widgets/GameView.tsx">
        <metrics statements="147" coveredstatements="134" conditionals="67" coveredconditionals="58" methods="35" coveredmethods="35"/>
        <line num="35" count="425" type="stmt"/>
        <line num="36" count="425" type="stmt"/>
        <line num="37" count="425" type="stmt"/>
        <line num="39" count="425" type="stmt"/>
        <line num="41" count="423" type="cond" truecount="2" falsecount="0"/>
        <line num="44" count="3" type="stmt"/>
        <line num="45" count="3" type="stmt"/>
        <line num="48" count="423" type="stmt"/>
        <line num="49" count="423" type="stmt"/>
        <line num="50" count="423" type="stmt"/>
        <line num="51" count="423" type="stmt"/>
        <line num="52" count="423" type="stmt"/>
        <line num="53" count="423" type="stmt"/>
        <line num="54" count="423" type="stmt"/>
        <line num="55" count="423" type="stmt"/>
        <line num="57" count="423" type="stmt"/>
        <line num="58" count="423" type="stmt"/>
        <line num="59" count="423" type="stmt"/>
        <line num="61" count="423" type="stmt"/>
        <line num="63" count="423" type="stmt"/>
        <line num="64" count="23" type="stmt"/>
        <line num="66" count="23" type="stmt"/>
        <line num="68" count="23" type="stmt"/>
        <line num="72" count="423" type="stmt"/>
        <line num="73" count="54" type="cond" truecount="2" falsecount="0"/>
        <line num="74" count="5" type="stmt"/>
        <line num="78" count="423" type="stmt"/>
        <line num="79" count="101" type="cond" truecount="5" falsecount="0"/>
        <line num="80" count="71" type="stmt"/>
        <line num="83" count="30" type="stmt"/>
        <line num="88" count="30" type="stmt"/>
        <line num="91" count="423" type="stmt"/>
        <line num="92" count="48" type="cond" truecount="2" falsecount="0"/>
        <line num="93" count="23" type="stmt"/>
        <line num="96" count="25" type="stmt"/>
        <line num="103" count="25" type="cond" truecount="2" falsecount="0"/>
        <line num="107" count="25" type="stmt"/>
        <line num="112" count="25" type="stmt"/>
        <line num="114" count="25" type="stmt"/>
        <line num="115" count="4" type="stmt"/>
        <line num="116" count="4" type="stmt"/>
        <line num="117" count="4" type="stmt"/>
        <line num="122" count="2" type="stmt"/>
        <line num="123" count="2" type="stmt"/>
        <line num="130" count="25" type="cond" truecount="2" falsecount="0"/>
        <line num="131" count="22" type="stmt"/>
        <line num="133" count="3" type="stmt"/>
        <line num="138" count="22" type="stmt"/>
        <line num="139" count="22" type="stmt"/>
        <line num="148" count="3" type="stmt"/>
        <line num="155" count="25" type="stmt"/>
        <line num="157" count="25" type="stmt"/>
        <line num="158" count="25" type="stmt"/>
        <line num="159" count="25" type="stmt"/>
        <line num="160" count="25" type="stmt"/>
        <line num="161" count="25" type="stmt"/>
        <line num="163" count="25" type="stmt"/>
        <line num="164" count="25" type="stmt"/>
        <line num="165" count="25" type="stmt"/>
        <line num="169" count="25" type="stmt"/>
        <line num="170" count="25" type="cond" truecount="2" falsecount="0"/>
        <line num="171" count="5" type="stmt"/>
        <line num="173" count="20" type="stmt"/>
        <line num="178" count="26" type="cond" truecount="3" falsecount="1"/>
        <line num="179" count="0" type="stmt"/>
        <line num="180" count="0" type="stmt"/>
        <line num="183" count="26" type="stmt"/>
        <line num="190" count="4" type="cond" truecount="3" falsecount="1"/>
        <line num="191" count="0" type="stmt"/>
        <line num="192" count="0" type="stmt"/>
        <line num="195" count="4" type="stmt"/>
        <line num="201" count="31" type="cond" truecount="2" falsecount="0"/>
        <line num="202" count="17" type="cond" truecount="3" falsecount="1"/>
        <line num="203" count="0" type="stmt"/>
        <line num="204" count="0" type="stmt"/>
        <line num="207" count="17" type="stmt"/>
        <line num="214" count="12" type="cond" truecount="1" falsecount="1"/>
        <line num="215" count="12" type="cond" truecount="3" falsecount="1"/>
        <line num="216" count="0" type="stmt"/>
        <line num="217" count="0" type="stmt"/>
        <line num="220" count="12" type="stmt"/>
        <line num="227" count="17" type="cond" truecount="2" falsecount="0"/>
        <line num="228" count="5" type="stmt"/>
        <line num="230" count="12" type="stmt"/>
        <line num="235" count="125" type="stmt"/>
        <line num="236" count="125" type="stmt"/>
        <line num="240" count="25" type="cond" truecount="1" falsecount="1"/>
        <line num="241" count="0" type="stmt"/>
        <line num="244" count="25" type="stmt"/>
        <line num="245" count="25" type="stmt"/>
        <line num="249" count="25" type="cond" truecount="1" falsecount="1"/>
        <line num="250" count="0" type="stmt"/>
        <line num="253" count="25" type="stmt"/>
        <line num="254" count="25" type="stmt"/>
        <line num="258" count="22" type="cond" truecount="10" falsecount="0"/>
        <line num="261" count="6" type="stmt"/>
        <line num="262" count="6" type="stmt"/>
        <line num="263" count="6" type="stmt"/>
        <line num="266" count="2" type="stmt"/>
        <line num="267" count="2" type="stmt"/>
        <line num="268" count="2" type="stmt"/>
        <line num="271" count="4" type="stmt"/>
        <line num="272" count="4" type="stmt"/>
        <line num="273" count="4" type="stmt"/>
        <line num="276" count="6" type="stmt"/>
        <line num="277" count="6" type="stmt"/>
        <line num="278" count="6" type="stmt"/>
        <line num="280" count="2" type="stmt"/>
        <line num="281" count="2" type="stmt"/>
        <line num="283" count="2" type="stmt"/>
        <line num="284" count="2" type="stmt"/>
        <line num="289" count="8" type="stmt"/>
        <line num="291" count="8" type="stmt"/>
        <line num="298" count="8" type="stmt"/>
        <line num="299" count="8" type="cond" truecount="3" falsecount="1"/>
        <line num="300" count="0" type="stmt"/>
        <line num="303" count="8" type="stmt"/>
        <line num="304" count="8" type="stmt"/>
        <line num="306" count="8" type="stmt"/>
        <line num="307" count="8" type="stmt"/>
        <line num="310" count="8" type="cond" truecount="2" falsecount="0"/>
        <line num="311" count="4" type="cond" truecount="2" falsecount="0"/>
        <line num="312" count="2" type="stmt"/>
        <line num="314" count="2" type="stmt"/>
        <line num="317" count="4" type="cond" truecount="2" falsecount="0"/>
        <line num="318" count="2" type="stmt"/>
        <line num="320" count="2" type="stmt"/>
        <line num="324" count="8" type="stmt"/>
        <line num="326" count="8" type="stmt"/>
        <line num="327" count="8" type="stmt"/>
        <line num="331" count="2" type="stmt"/>
        <line num="335" count="5" type="stmt"/>
        <line num="337" count="5" type="cond" truecount="3" falsecount="1"/>
        <line num="338" count="0" type="stmt"/>
        <line num="339" count="0" type="stmt"/>
        <line num="342" count="5" type="stmt"/>
        <line num="348" count="423" type="stmt"/>
        <line num="353" count="421" type="stmt"/>
        <line num="357" count="22" type="stmt"/>
        <line num="358" count="8" type="stmt"/>
        <line num="359" count="8" type="stmt"/>
        <line num="360" count="48" type="stmt"/>
        <line num="371" count="2" type="stmt"/>
        <line num="372" count="2" type="stmt"/>
        <line num="373" count="5" type="stmt"/>
        <line num="375" count="15" type="stmt"/>
        <line num="376" count="2" type="stmt"/>
      </file>
      <file name="LoginDialog.tsx" path="/home/runner/work/multiJSnake/multiJSnake/src/main/js/widgets/LoginDialog.tsx">
        <metrics statements="10" coveredstatements="9" conditionals="12" coveredconditionals="10" methods="4" coveredmethods="4"/>
        <line num="22" count="431" type="stmt"/>
        <line num="33" count="431" type="stmt"/>
        <line num="40" count="4" type="stmt"/>
        <line num="42" count="2" type="stmt"/>
        <line num="45" count="2" type="cond" truecount="1" falsecount="1"/>
        <line num="46" count="0" type="stmt"/>
        <line num="49" count="2" type="cond" truecount="1" falsecount="1"/>
        <line num="50" count="2" type="stmt"/>
        <line num="59" count="431" type="stmt"/>
        <line num="83" count="431" type="stmt"/>
      </file>
      <file name="PlayerName.tsx" path="/home/runner/work/multiJSnake/multiJSnake/src/main/js/widgets/PlayerName.tsx">
        <metrics statements="11" coveredstatements="11" conditionals="11" coveredconditionals="11" methods="5" coveredmethods="5"/>
        <line num="17" count="256" type="stmt"/>
        <line num="18" count="256" type="stmt"/>
        <line num="19" count="256" type="stmt"/>
        <line num="22" count="8" type="stmt"/>
        <line num="23" count="8" type="stmt"/>
        <line num="27" count="2" type="stmt"/>
        <line num="28" count="2" type="stmt"/>
        <line num="32" count="2" type="stmt"/>
        <line num="33" count="2" type="stmt"/>
        <line num="36" count="256" type="stmt"/>
        <line num="47" count="44" type="stmt"/>
      </file>
      <file name="PlayerPane.tsx" path="/home/runner/work/multiJSnake/multiJSnake/src/main/js/widgets/PlayerPane.tsx">
        <metrics statements="5" coveredstatements="5" conditionals="4" coveredconditionals="4" methods="5" coveredmethods="5"/>
        <line num="31" count="423" type="stmt"/>
        <line num="42" count="15" type="stmt"/>
        <line num="45" count="2" type="stmt"/>
        <line num="68" count="2" type="stmt"/>
        <line num="75" count="5" type="stmt"/>
      </file>
      <file name="Profile.tsx" path="/home/runner/work/multiJSnake/multiJSnake/src/main/js/widgets/Profile.tsx">
        <metrics statements="16" coveredstatements="11" conditionals="4" coveredconditionals="3" methods="10" coveredmethods="6"/>
        <line num="26" count="8" type="stmt"/>
        <line num="27" count="8" type="stmt"/>
        <line num="29" count="8" type="stmt"/>
        <line num="32" count="0" type="stmt"/>
        <line num="36" count="2" type="stmt"/>
        <line num="37" count="2" type="cond" truecount="1" falsecount="1"/>
        <line num="38" count="0" type="stmt"/>
        <line num="41" count="2" type="stmt"/>
        <line num="42" count="2" type="stmt"/>
        <line num="43" count="0" type="stmt"/>
        <line num="45" count="2" type="stmt"/>
        <line num="47" count="2" type="stmt"/>
        <line num="48" count="0" type="stmt"/>
        <line num="54" count="2" type="stmt"/>
        <line num="55" count="0" type="stmt"/>
        <line num="58" count="8" type="stmt"/>
      </file>
      <file name="RegisterDialog.tsx" path="/home/runner/work/multiJSnake/multiJSnake/src/main/js/widgets/RegisterDialog.tsx">
        <metrics statements="8" coveredstatements="8" conditionals="14" coveredconditionals="13" methods="4" coveredmethods="4"/>
        <line num="23" count="648" type="stmt"/>
        <line num="41" count="648" type="stmt"/>
        <line num="49" count="5" type="stmt"/>
        <line num="51" count="3" type="stmt"/>
        <line num="54" count="2" type="cond" truecount="1" falsecount="1"/>
        <line num="55" count="2" type="stmt"/>
        <line num="61" count="648" type="stmt"/>
        <line num="95" count="648" type="stmt"/>
      </file>
      <file name="ScorePane.tsx" path="/home/runner/work/multiJSnake/multiJSnake/src/main/js/widgets/ScorePane.tsx">
        <metrics statements="3" coveredstatements="3" conditionals="0" coveredconditionals="0" methods="2" coveredmethods="2"/>
        <line num="15" count="421" type="stmt"/>
        <line num="16" count="438" type="stmt"/>
        <line num="24" count="421" type="stmt"/>
      </file>
      <file name="Scores.tsx" path="/home/runner/work/multiJSnake/multiJSnake/src/main/js/widgets/Scores.tsx">
        <metrics statements="3" coveredstatements="3" conditionals="0" coveredconditionals="0" methods="2" coveredmethods="2"/>
        <line num="18" count="1263" type="stmt"/>
        <line num="19" count="438" type="stmt"/>
        <line num="32" count="1263" type="stmt"/>
      </file>
      <file name="ShareLink.tsx" path="/home/runner/work/multiJSnake/multiJSnake/src/main/js/widgets/ShareLink.tsx">
        <metrics statements="6" coveredstatements="4" conditionals="0" coveredconditionals="0" methods="4" coveredmethods="2"/>
        <line num="10" count="422" type="stmt"/>
        <line num="12" count="422" type="stmt"/>
        <line num="22" count="1" type="stmt"/>
        <line num="23" count="1" type="stmt"/>
        <line num="25" count="0" type="stmt"/>
        <line num="26" count="0" type="stmt"/>
      </file>
      <file name="SimpleFormDialog.tsx" path="/home/runner/work/multiJSnake/multiJSnake/src/main/js/widgets/SimpleFormDialog.tsx">
        <metrics statements="8" coveredstatements="8" conditionals="0" coveredconditionals="0" methods="6" coveredmethods="6"/>
        <line num="24" count="817" type="stmt"/>
        <line num="27" count="10" type="stmt"/>
        <line num="31" count="4" type="stmt"/>
        <line num="32" count="4" type="stmt"/>
        <line num="35" count="817" type="stmt"/>
        <line num="37" count="10" type="stmt"/>
        <line num="40" count="2" type="stmt"/>
        <line num="47" count="2" type="stmt"/>
      </file>
    </package>
  </project>
</coverage>
