<?xml version="1.0" encoding="UTF-8"?>
<coverage generated="1741717600408" clover="3.2.0">
  <project timestamp="1741717600408" name="All files">
    <metrics statements="617" coveredstatements="573" conditionals="295" coveredconditionals="254" methods="166" coveredmethods="154" elements="1078" coveredelements="981" complexity="0" loc="617" ncloc="617" packages="6" files="26" classes="26"/>
    <package name="js">
      <metrics statements="26" coveredstatements="22" conditionals="16" coveredconditionals="12" methods="13" coveredmethods="10"/>
      <file name="App.tsx" path="/home/runner/work/multiJSnake/multiJSnake/src/main/js/App.tsx">
        <metrics statements="7" coveredstatements="6" conditionals="4" coveredconditionals="3" methods="3" coveredmethods="3"/>
        <line num="12" count="15" type="cond" truecount="3" falsecount="1"/>
        <line num="13" count="0" type="stmt"/>
        <line num="17" count="37" type="stmt"/>
        <line num="19" count="36" type="stmt"/>
        <line num="21" count="36" type="stmt"/>
        <line num="25" count="6" type="stmt"/>
        <line num="43" count="15" type="stmt"/>
      </file>
      <file name="GenId.ts" path="/home/runner/work/multiJSnake/multiJSnake/src/main/js/GenId.ts">
        <metrics statements="6" coveredstatements="6" conditionals="0" coveredconditionals="0" methods="1" coveredmethods="1"/>
        <line num="3" count="13" type="stmt"/>
        <line num="4" count="13" type="stmt"/>
        <line num="5" count="13" type="stmt"/>
        <line num="6" count="13" type="stmt"/>
        <line num="7" count="130" type="stmt"/>
        <line num="9" count="13" type="stmt"/>
      </file>
      <file name="NavBar.tsx" path="/home/runner/work/multiJSnake/multiJSnake/src/main/js/NavBar.tsx">
        <metrics statements="13" coveredstatements="10" conditionals="12" coveredconditionals="9" methods="9" coveredmethods="6"/>
        <line num="32" count="36" type="stmt"/>
        <line num="36" count="15" type="cond" truecount="1" falsecount="1"/>
        <line num="37" count="0" type="stmt"/>
        <line num="38" count="0" type="cond" truecount="0" falsecount="2"/>
        <line num="40" count="0" type="stmt"/>
        <line num="44" count="15" type="stmt"/>
        <line num="47" count="15" type="stmt"/>
        <line num="49" count="15" type="stmt"/>
        <line num="52" count="36" type="stmt"/>
        <line num="93" count="3" type="stmt"/>
        <line num="94" count="3" type="stmt"/>
        <line num="105" count="1" type="stmt"/>
        <line num="113" count="2" type="stmt"/>
      </file>
    </package>
    <package name="js.SnakeLogic">
      <metrics statements="166" coveredstatements="162" conditionals="78" coveredconditionals="71" methods="22" coveredmethods="22"/>
      <file name="JsGameState.ts" path="/home/runner/work/multiJSnake/multiJSnake/src/main/js/SnakeLogic/JsGameState.ts">
        <metrics statements="159" coveredstatements="155" conditionals="78" coveredconditionals="71" methods="21" coveredmethods="21"/>
        <line num="23" count="250" type="stmt"/>
        <line num="24" count="250" type="stmt"/>
        <line num="25" count="250" type="stmt"/>
        <line num="26" count="250" type="stmt"/>
        <line num="27" count="250" type="stmt"/>
        <line num="28" count="250" type="stmt"/>
        <line num="30" count="250" type="stmt"/>
        <line num="31" count="250" type="stmt"/>
        <line num="33" count="250" type="stmt"/>
        <line num="38" count="2131" type="stmt"/>
        <line num="39" count="2131" type="stmt"/>
        <line num="40" count="2131" type="stmt"/>
        <line num="41" count="7990" type="cond" truecount="2" falsecount="0"/>
        <line num="47" count="1459" type="stmt"/>
        <line num="48" count="1459" type="cond" truecount="4" falsecount="0"/>
        <line num="52" count="205" type="cond" truecount="3" falsecount="0"/>
        <line num="56" count="720" type="stmt"/>
        <line num="57" count="720" type="stmt"/>
        <line num="61" count="514" type="cond" truecount="1" falsecount="1"/>
        <line num="62" count="0" type="stmt"/>
        <line num="65" count="514" type="stmt"/>
        <line num="66" count="518" type="stmt"/>
        <line num="68" count="514" type="stmt"/>
        <line num="72" count="263" type="stmt"/>
        <line num="86" count="107" type="stmt"/>
        <line num="87" count="107" type="stmt"/>
        <line num="88" count="1070" type="stmt"/>
        <line num="89" count="1070" type="stmt"/>
        <line num="90" count="10700" type="stmt"/>
        <line num="91" count="10700" type="stmt"/>
        <line num="92" count="32100" type="stmt"/>
        <line num="96" count="107" type="stmt"/>
        <line num="99" count="107" type="cond" truecount="1" falsecount="1"/>
        <line num="100" count="107" type="stmt"/>
        <line num="103" count="107" type="cond" truecount="1" falsecount="1"/>
        <line num="104" count="107" type="stmt"/>
        <line num="107" count="107" type="stmt"/>
        <line num="108" count="107" type="stmt"/>
        <line num="109" count="790" type="stmt"/>
        <line num="110" count="790" type="stmt"/>
        <line num="113" count="107" type="stmt"/>
        <line num="125" count="128" type="stmt"/>
        <line num="126" count="128" type="stmt"/>
        <line num="128" count="128" type="cond" truecount="1" falsecount="1"/>
        <line num="129" count="128" type="stmt"/>
        <line num="132" count="128" type="cond" truecount="2" falsecount="0"/>
        <line num="133" count="63" type="stmt"/>
        <line num="135" count="65" type="stmt"/>
        <line num="139" count="128" type="cond" truecount="4" falsecount="0"/>
        <line num="140" count="123" type="stmt"/>
        <line num="142" count="5" type="stmt"/>
        <line num="146" count="128" type="cond" truecount="4" falsecount="0"/>
        <line num="147" count="5" type="stmt"/>
        <line num="149" count="123" type="stmt"/>
        <line num="153" count="128" type="cond" truecount="2" falsecount="0"/>
        <line num="154" count="53" type="stmt"/>
        <line num="156" count="75" type="stmt"/>
        <line num="160" count="128" type="stmt"/>
        <line num="161" count="128" type="stmt"/>
        <line num="162" count="128" type="stmt"/>
        <line num="163" count="128" type="stmt"/>
        <line num="164" count="128" type="stmt"/>
        <line num="165" count="128" type="stmt"/>
        <line num="166" count="128" type="stmt"/>
        <line num="170" count="128" type="stmt"/>
        <line num="171" count="128" type="stmt"/>
        <line num="172" count="128" type="stmt"/>
        <line num="173" count="128" type="stmt"/>
        <line num="174" count="128" type="stmt"/>
        <line num="175" count="128" type="stmt"/>
        <line num="176" count="128" type="stmt"/>
        <line num="177" count="128" type="stmt"/>
        <line num="180" count="128" type="stmt"/>
        <line num="181" count="128" type="stmt"/>
        <line num="182" count="128" type="stmt"/>
        <line num="183" count="128" type="stmt"/>
        <line num="184" count="128" type="stmt"/>
        <line num="185" count="128" type="stmt"/>
        <line num="186" count="128" type="stmt"/>
        <line num="187" count="128" type="stmt"/>
        <line num="189" count="128" type="stmt"/>
        <line num="193" count="1408" type="cond" truecount="4" falsecount="0"/>
        <line num="194" count="727" type="stmt"/>
        <line num="195" count="681" type="stmt"/>
        <line num="200" count="128" type="stmt"/>
        <line num="201" count="128" type="stmt"/>
        <line num="206" count="128" type="cond" truecount="4" falsecount="0"/>
        <line num="208" count="32" type="stmt"/>
        <line num="209" count="32" type="stmt"/>
        <line num="211" count="20" type="stmt"/>
        <line num="212" count="20" type="stmt"/>
        <line num="214" count="22" type="stmt"/>
        <line num="215" count="22" type="stmt"/>
        <line num="217" count="54" type="stmt"/>
        <line num="218" count="54" type="stmt"/>
        <line num="221" count="128" type="stmt"/>
        <line num="225" count="128" type="stmt"/>
        <line num="226" count="128" type="cond" truecount="2" falsecount="1"/>
        <line num="229" count="13" type="stmt"/>
        <line num="230" count="13" type="stmt"/>
        <line num="233" count="115" type="stmt"/>
        <line num="236" count="0" type="stmt"/>
        <line num="237" count="0" type="stmt"/>
        <line num="242" count="107" type="stmt"/>
        <line num="243" count="107" type="cond" truecount="4" falsecount="0"/>
        <line num="246" count="34" type="stmt"/>
        <line num="247" count="34" type="stmt"/>
        <line num="250" count="24" type="stmt"/>
        <line num="251" count="24" type="stmt"/>
        <line num="254" count="27" type="stmt"/>
        <line num="255" count="27" type="stmt"/>
        <line num="258" count="22" type="stmt"/>
        <line num="259" count="22" type="stmt"/>
        <line num="264" count="1741" type="cond" truecount="4" falsecount="0"/>
        <line num="267" count="459" type="stmt"/>
        <line num="270" count="419" type="stmt"/>
        <line num="273" count="455" type="stmt"/>
        <line num="276" count="408" type="stmt"/>
        <line num="281" count="269" type="cond" truecount="4" falsecount="0"/>
        <line num="283" count="43" type="stmt"/>
        <line num="285" count="111" type="stmt"/>
        <line num="287" count="47" type="stmt"/>
        <line num="289" count="68" type="stmt"/>
        <line num="294" count="256" type="cond" truecount="4" falsecount="0"/>
        <line num="296" count="40" type="stmt"/>
        <line num="298" count="108" type="stmt"/>
        <line num="300" count="44" type="stmt"/>
        <line num="302" count="64" type="stmt"/>
        <line num="307" count="512" type="cond" truecount="4" falsecount="0"/>
        <line num="309" count="80" type="stmt"/>
        <line num="311" count="216" type="stmt"/>
        <line num="313" count="88" type="stmt"/>
        <line num="315" count="128" type="stmt"/>
        <line num="320" count="251" type="stmt"/>
        <line num="321" count="251" type="stmt"/>
        <line num="322" count="251" type="stmt"/>
        <line num="324" count="251" type="stmt"/>
        <line num="325" count="251" type="cond" truecount="1" falsecount="1"/>
        <line num="326" count="0" type="stmt"/>
        <line num="329" count="251" type="stmt"/>
        <line num="330" count="251" type="stmt"/>
        <line num="334" count="235" type="stmt"/>
        <line num="335" count="235" type="cond" truecount="4" falsecount="0"/>
        <line num="337" count="205" type="stmt"/>
        <line num="340" count="205" type="stmt"/>
        <line num="342" count="205" type="cond" truecount="2" falsecount="0"/>
        <line num="343" count="12" type="stmt"/>
        <line num="344" count="12" type="stmt"/>
        <line num="347" count="205" type="stmt"/>
        <line num="348" count="189" type="stmt"/>
        <line num="351" count="205" type="cond" truecount="4" falsecount="0"/>
        <line num="352" count="1" type="stmt"/>
        <line num="355" count="205" type="stmt"/>
        <line num="357" count="30" type="stmt"/>
        <line num="358" count="30" type="cond" truecount="2" falsecount="0"/>
        <line num="359" count="1" type="cond" truecount="1" falsecount="1"/>
        <line num="360" count="1" type="cond" truecount="2" falsecount="0"/>
        <line num="361" count="1" type="stmt"/>
        <line num="362" count="1" type="stmt"/>
      </file>
      <file name="JsSnake.ts" path="/home/runner/work/multiJSnake/multiJSnake/src/main/js/SnakeLogic/JsSnake.ts">
        <metrics statements="7" coveredstatements="7" conditionals="0" coveredconditionals="0" methods="1" coveredmethods="1"/>
        <line num="17" count="250" type="stmt"/>
        <line num="18" count="250" type="stmt"/>
        <line num="19" count="250" type="stmt"/>
        <line num="20" count="250" type="stmt"/>
        <line num="21" count="250" type="stmt"/>
        <line num="22" count="250" type="stmt"/>
        <line num="24" count="250" type="stmt"/>
      </file>
    </package>
    <package name="js.auth">
      <metrics statements="21" coveredstatements="20" conditionals="14" coveredconditionals="11" methods="7" coveredmethods="7"/>
      <file name="AuthService.ts" path="/home/runner/work/multiJSnake/multiJSnake/src/main/js/auth/AuthService.ts">
        <metrics statements="16" coveredstatements="16" conditionals="8" coveredconditionals="6" methods="6" coveredmethods="6"/>
        <line num="5" count="15" type="stmt"/>
        <line num="7" count="15" type="stmt"/>
        <line num="8" count="15" type="stmt"/>
        <line num="9" count="15" type="cond" truecount="3" falsecount="1"/>
        <line num="11" count="15" type="stmt"/>
        <line num="13" count="15" type="stmt"/>
        <line num="15" count="15" type="stmt"/>
        <line num="20" count="4" type="stmt"/>
        <line num="27" count="3" type="cond" truecount="1" falsecount="1"/>
        <line num="28" count="3" type="stmt"/>
        <line num="31" count="3" type="stmt"/>
        <line num="36" count="3" type="stmt"/>
        <line num="40" count="4" type="stmt"/>
        <line num="46" count="2" type="stmt"/>
        <line num="50" count="36" type="stmt"/>
        <line num="51" count="36" type="cond" truecount="2" falsecount="0"/>
      </file>
      <file name="authHeader.ts" path="/home/runner/work/multiJSnake/multiJSnake/src/main/js/auth/authHeader.ts">
        <metrics statements="5" coveredstatements="4" conditionals="6" coveredconditionals="5" methods="1" coveredmethods="1"/>
        <line num="6" count="1" type="stmt"/>
        <line num="7" count="1" type="cond" truecount="2" falsecount="0"/>
        <line num="9" count="1" type="cond" truecount="3" falsecount="1"/>
        <line num="10" count="1" type="stmt"/>
        <line num="12" count="0" type="stmt"/>
      </file>
    </package>
    <package name="js.visualization">
      <metrics statements="107" coveredstatements="100" conditionals="40" coveredconditionals="31" methods="14" coveredmethods="14"/>
      <file name="canvas.tsx" path="/home/runner/work/multiJSnake/multiJSnake/src/main/js/visualization/canvas.tsx">
        <metrics statements="18" coveredstatements="15" conditionals="6" coveredconditionals="3" methods="5" coveredmethods="5"/>
        <line num="18" count="242" type="stmt"/>
        <line num="20" count="242" type="stmt"/>
        <line num="22" count="242" type="stmt"/>
        <line num="23" count="14" type="stmt"/>
        <line num="25" count="14" type="cond" truecount="1" falsecount="1"/>
        <line num="26" count="0" type="stmt"/>
        <line num="29" count="14" type="stmt"/>
        <line num="32" count="242" type="stmt"/>
        <line num="33" count="242" type="stmt"/>
        <line num="35" count="242" type="cond" truecount="1" falsecount="1"/>
        <line num="36" count="0" type="stmt"/>
        <line num="39" count="242" type="stmt"/>
        <line num="41" count="242" type="cond" truecount="1" falsecount="1"/>
        <line num="42" count="0" type="stmt"/>
        <line num="45" count="242" type="stmt"/>
        <line num="48" count="242" type="stmt"/>
        <line num="55" count="12" type="stmt"/>
        <line num="56" count="16" type="stmt"/>
      </file>
      <file name="canvasDraw.ts" path="/home/runner/work/multiJSnake/multiJSnake/src/main/js/visualization/canvasDraw.ts">
        <metrics statements="58" coveredstatements="57" conditionals="20" coveredconditionals="18" methods="3" coveredmethods="3"/>
        <line num="12" count="15" type="stmt"/>
        <line num="20" count="496" type="stmt"/>
        <line num="21" count="496" type="stmt"/>
        <line num="23" count="496" type="cond" truecount="2" falsecount="0"/>
        <line num="24" count="32" type="stmt"/>
        <line num="26" count="464" type="stmt"/>
        <line num="29" count="496" type="stmt"/>
        <line num="30" count="496" type="stmt"/>
        <line num="31" count="496" type="stmt"/>
        <line num="32" count="496" type="cond" truecount="2" falsecount="0"/>
        <line num="33" count="84" type="stmt"/>
        <line num="35" count="496" type="cond" truecount="2" falsecount="0"/>
        <line num="36" count="116" type="stmt"/>
        <line num="38" count="496" type="cond" truecount="2" falsecount="0"/>
        <line num="39" count="136" type="stmt"/>
        <line num="41" count="496" type="cond" truecount="2" falsecount="0"/>
        <line num="42" count="160" type="stmt"/>
        <line num="45" count="496" type="stmt"/>
        <line num="46" count="496" type="stmt"/>
        <line num="47" count="496" type="stmt"/>
        <line num="48" count="496" type="stmt"/>
        <line num="49" count="1593" type="stmt"/>
        <line num="51" count="496" type="stmt"/>
        <line num="52" count="496" type="stmt"/>
        <line num="56" count="480" type="cond" truecount="1" falsecount="1"/>
        <line num="57" count="0" type="stmt"/>
        <line num="60" count="480" type="stmt"/>
        <line num="61" count="480" type="stmt"/>
        <line num="62" count="480" type="stmt"/>
        <line num="64" count="480" type="stmt"/>
        <line num="65" count="480" type="stmt"/>
        <line num="67" count="480" type="cond" truecount="1" falsecount="1"/>
        <line num="68" count="480" type="stmt"/>
        <line num="69" count="480" type="stmt"/>
        <line num="70" count="480" type="stmt"/>
        <line num="71" count="480" type="stmt"/>
        <line num="74" count="496" type="stmt"/>
        <line num="76" count="480" type="cond" truecount="2" falsecount="0"/>
        <line num="77" count="99" type="stmt"/>
        <line num="78" count="99" type="stmt"/>
        <line num="79" count="99" type="stmt"/>
        <line num="80" count="99" type="stmt"/>
        <line num="81" count="99" type="stmt"/>
        <line num="82" count="99" type="stmt"/>
        <line num="85" count="480" type="cond" truecount="2" falsecount="0"/>
        <line num="86" count="155" type="stmt"/>
        <line num="87" count="155" type="stmt"/>
        <line num="88" count="155" type="stmt"/>
        <line num="89" count="155" type="stmt"/>
        <line num="90" count="155" type="stmt"/>
        <line num="91" count="155" type="stmt"/>
        <line num="94" count="480" type="cond" truecount="2" falsecount="0"/>
        <line num="95" count="1" type="stmt"/>
        <line num="96" count="1" type="stmt"/>
        <line num="97" count="1" type="stmt"/>
        <line num="98" count="1" type="stmt"/>
        <line num="99" count="1" type="stmt"/>
        <line num="100" count="1" type="stmt"/>
      </file>
      <file name="color.ts" path="/home/runner/work/multiJSnake/multiJSnake/src/main/js/visualization/color.ts">
        <metrics statements="31" coveredstatements="28" conditionals="14" coveredconditionals="10" methods="6" coveredmethods="6"/>
        <line num="4" count="865" type="stmt"/>
        <line num="5" count="865" type="stmt"/>
        <line num="6" count="865" type="stmt"/>
        <line num="7" count="865" type="stmt"/>
        <line num="8" count="865" type="stmt"/>
        <line num="11" count="865" type="cond" truecount="2" falsecount="0"/>
        <line num="12" count="8" type="stmt"/>
        <line num="13" count="857" type="cond" truecount="2" falsecount="0"/>
        <line num="14" count="833" type="stmt"/>
        <line num="15" count="24" type="cond" truecount="1" falsecount="1"/>
        <line num="16" count="0" type="stmt"/>
        <line num="17" count="24" type="cond" truecount="2" falsecount="0"/>
        <line num="18" count="10" type="stmt"/>
        <line num="19" count="14" type="cond" truecount="1" falsecount="1"/>
        <line num="20" count="0" type="stmt"/>
        <line num="21" count="14" type="cond" truecount="1" falsecount="1"/>
        <line num="22" count="14" type="stmt"/>
        <line num="24" count="0" type="stmt"/>
        <line num="28" count="2595" type="stmt"/>
        <line num="29" count="2595" type="cond" truecount="1" falsecount="1"/>
        <line num="33" count="865" type="stmt"/>
        <line num="36" count="865" type="stmt"/>
        <line num="40" count="865" type="stmt"/>
        <line num="41" count="865" type="stmt"/>
        <line num="43" count="865" type="stmt"/>
        <line num="44" count="865" type="stmt"/>
        <line num="46" count="865" type="stmt"/>
        <line num="50" count="833" type="stmt"/>
        <line num="51" count="833" type="stmt"/>
        <line num="55" count="32" type="stmt"/>
        <line num="56" count="32" type="stmt"/>
      </file>
    </package>
    <package name="js.websockets">
      <metrics statements="22" coveredstatements="19" conditionals="4" coveredconditionals="3" methods="8" coveredmethods="7"/>
      <file name="BufferedStompClient.ts" path="/home/runner/work/multiJSnake/multiJSnake/src/main/js/websockets/BufferedStompClient.ts">
        <metrics statements="7" coveredstatements="7" conditionals="2" coveredconditionals="2" methods="3" coveredmethods="3"/>
        <line num="9" count="15" type="stmt"/>
        <line num="11" count="15" type="stmt"/>
        <line num="15" count="67" type="cond" truecount="2" falsecount="0"/>
        <line num="16" count="15" type="stmt"/>
        <line num="18" count="52" type="stmt"/>
        <line num="23" count="15" type="stmt"/>
        <line num="24" count="15" type="stmt"/>
      </file>
      <file name="websocket-listener.ts" path="/home/runner/work/multiJSnake/multiJSnake/src/main/js/websockets/websocket-listener.ts">
        <metrics statements="15" coveredstatements="12" conditionals="2" coveredconditionals="1" methods="5" coveredmethods="4"/>
        <line num="13" count="15" type="stmt"/>
        <line num="15" count="15" type="cond" truecount="1" falsecount="1"/>
        <line num="16" count="0" type="stmt"/>
        <line num="18" count="15" type="stmt"/>
        <line num="21" count="15" type="stmt"/>
        <line num="24" count="447" type="stmt"/>
        <line num="29" count="15" type="stmt"/>
        <line num="30" count="15" type="stmt"/>
        <line num="31" count="60" type="stmt"/>
        <line num="33" count="15" type="stmt"/>
        <line num="36" count="15" type="stmt"/>
        <line num="37" count="0" type="stmt"/>
        <line num="38" count="0" type="stmt"/>
        <line num="41" count="15" type="stmt"/>
        <line num="43" count="15" type="stmt"/>
      </file>
    </package>
    <package name="js.widgets">
      <metrics statements="275" coveredstatements="250" conditionals="143" coveredconditionals="126" methods="102" coveredmethods="94"/>
      <file name="AddAutopilot.tsx" path="/home/runner/work/multiJSnake/multiJSnake/src/main/js/widgets/AddAutopilot.tsx">
        <metrics statements="7" coveredstatements="7" conditionals="19" coveredconditionals="19" methods="5" coveredmethods="5"/>
        <line num="17" count="253" type="cond" truecount="2" falsecount="0"/>
        <line num="19" count="253" type="stmt"/>
        <line num="27" count="264" type="stmt"/>
        <line num="28" count="283" type="stmt"/>
        <line num="30" count="6" type="cond" truecount="2" falsecount="0"/>
        <line num="31" count="6" type="cond" truecount="3" falsecount="0"/>
        <line num="38" count="4" type="cond" truecount="2" falsecount="0"/>
      </file>
      <file name="Ai.tsx" path="/home/runner/work/multiJSnake/multiJSnake/src/main/js/widgets/Ai.tsx">
        <metrics statements="44" coveredstatements="40" conditionals="12" coveredconditionals="8" methods="15" coveredmethods="13"/>
        <line num="12" count="15" type="stmt"/>
        <line num="32" count="7" type="stmt"/>
        <line num="34" count="84" type="stmt"/>
        <line num="36" count="7" type="stmt"/>
        <line num="39" count="7" type="stmt"/>
        <line num="40" count="7" type="stmt"/>
        <line num="44" count="7" type="stmt"/>
        <line num="46" count="7" type="stmt"/>
        <line num="48" count="7" type="cond" truecount="2" falsecount="0"/>
        <line num="49" count="4" type="stmt"/>
        <line num="52" count="235" type="stmt"/>
        <line num="54" count="3" type="stmt"/>
        <line num="56" count="3" type="stmt"/>
        <line num="57" count="2" type="stmt"/>
        <line num="61" count="7" type="stmt"/>
        <line num="62" count="3" type="stmt"/>
        <line num="64" count="3" type="cond" truecount="1" falsecount="1"/>
        <line num="65" count="3" type="stmt"/>
        <line num="75" count="235" type="cond" truecount="1" falsecount="1"/>
        <line num="76" count="0" type="stmt"/>
        <line num="79" count="235" type="stmt"/>
        <line num="80" count="235" type="cond" truecount="2" falsecount="0"/>
        <line num="81" count="107" type="stmt"/>
        <line num="82" count="107" type="stmt"/>
        <line num="84" count="107" type="stmt"/>
        <line num="85" count="107" type="stmt"/>
        <line num="87" count="128" type="stmt"/>
        <line num="88" count="128" type="stmt"/>
        <line num="90" count="128" type="stmt"/>
        <line num="91" count="128" type="stmt"/>
        <line num="93" count="235" type="stmt"/>
        <line num="95" count="235" type="stmt"/>
        <line num="96" count="235" type="stmt"/>
        <line num="100" count="238" type="stmt"/>
        <line num="101" count="238" type="cond" truecount="1" falsecount="1"/>
        <line num="102" count="0" type="stmt"/>
        <line num="104" count="238" type="stmt"/>
        <line num="105" count="238" type="cond" truecount="1" falsecount="1"/>
        <line num="106" count="0" type="stmt"/>
        <line num="108" count="238" type="stmt"/>
        <line num="112" count="1" type="stmt"/>
        <line num="115" count="7" type="stmt"/>
        <line num="129" count="0" type="stmt"/>
        <line num="130" count="2" type="stmt"/>
      </file>
      <file name="ColorViewer.tsx" path="/home/runner/work/multiJSnake/multiJSnake/src/main/js/widgets/ColorViewer.tsx">
        <metrics statements="1" coveredstatements="1" conditionals="0" coveredconditionals="0" methods="1" coveredmethods="1"/>
        <line num="9" count="394" type="stmt"/>
      </file>
      <file name="FieldSizeSelector.tsx" path="/home/runner/work/multiJSnake/multiJSnake/src/main/js/widgets/FieldSizeSelector.tsx">
        <metrics statements="6" coveredstatements="6" conditionals="0" coveredconditionals="0" methods="4" coveredmethods="4"/>
        <line num="13" count="251" type="stmt"/>
        <line num="14" count="250" type="stmt"/>
        <line num="16" count="250" type="stmt"/>
        <line num="23" count="4" type="stmt"/>
        <line num="30" count="4" type="stmt"/>
        <line num="34" count="1" type="stmt"/>
      </file>
      <file name="GameView.tsx" path="/home/runner/work/multiJSnake/multiJSnake/src/main/js/widgets/GameView.tsx">
        <metrics statements="147" coveredstatements="134" conditionals="67" coveredconditionals="58" methods="35" coveredmethods="35"/>
        <line num="35" count="244" type="stmt"/>
        <line num="36" count="244" type="stmt"/>
        <line num="37" count="244" type="stmt"/>
        <line num="39" count="244" type="stmt"/>
        <line num="41" count="243" type="cond" truecount="2" falsecount="0"/>
        <line num="44" count="2" type="stmt"/>
        <line num="45" count="2" type="stmt"/>
        <line num="48" count="243" type="stmt"/>
        <line num="49" count="243" type="stmt"/>
        <line num="50" count="243" type="stmt"/>
        <line num="51" count="243" type="stmt"/>
        <line num="52" count="243" type="stmt"/>
        <line num="53" count="243" type="stmt"/>
        <line num="54" count="243" type="stmt"/>
        <line num="55" count="243" type="stmt"/>
        <line num="57" count="243" type="stmt"/>
        <line num="58" count="243" type="stmt"/>
        <line num="59" count="243" type="stmt"/>
        <line num="61" count="243" type="stmt"/>
        <line num="63" count="243" type="stmt"/>
        <line num="64" count="14" type="stmt"/>
        <line num="66" count="14" type="stmt"/>
        <line num="68" count="14" type="stmt"/>
        <line num="72" count="243" type="stmt"/>
        <line num="73" count="33" type="cond" truecount="2" falsecount="0"/>
        <line num="74" count="3" type="stmt"/>
        <line num="78" count="243" type="stmt"/>
        <line num="79" count="61" type="cond" truecount="5" falsecount="0"/>
        <line num="80" count="43" type="stmt"/>
        <line num="83" count="18" type="stmt"/>
        <line num="88" count="18" type="stmt"/>
        <line num="91" count="243" type="stmt"/>
        <line num="92" count="29" type="cond" truecount="2" falsecount="0"/>
        <line num="93" count="14" type="stmt"/>
        <line num="96" count="15" type="stmt"/>
        <line num="103" count="15" type="cond" truecount="2" falsecount="0"/>
        <line num="107" count="15" type="stmt"/>
        <line num="112" count="15" type="stmt"/>
        <line num="114" count="15" type="stmt"/>
        <line num="115" count="2" type="stmt"/>
        <line num="116" count="2" type="stmt"/>
        <line num="117" count="2" type="stmt"/>
        <line num="122" count="1" type="stmt"/>
        <line num="123" count="1" type="stmt"/>
        <line num="130" count="15" type="cond" truecount="2" falsecount="0"/>
        <line num="131" count="13" type="stmt"/>
        <line num="133" count="2" type="stmt"/>
        <line num="138" count="13" type="stmt"/>
        <line num="139" count="13" type="stmt"/>
        <line num="148" count="2" type="stmt"/>
        <line num="155" count="15" type="stmt"/>
        <line num="157" count="15" type="stmt"/>
        <line num="158" count="15" type="stmt"/>
        <line num="159" count="15" type="stmt"/>
        <line num="160" count="15" type="stmt"/>
        <line num="161" count="15" type="stmt"/>
        <line num="163" count="15" type="stmt"/>
        <line num="164" count="15" type="stmt"/>
        <line num="165" count="15" type="stmt"/>
        <line num="169" count="15" type="stmt"/>
        <line num="170" count="15" type="cond" truecount="2" falsecount="0"/>
        <line num="171" count="3" type="stmt"/>
        <line num="173" count="12" type="stmt"/>
        <line num="178" count="13" type="cond" truecount="3" falsecount="1"/>
        <line num="179" count="0" type="stmt"/>
        <line num="180" count="0" type="stmt"/>
        <line num="183" count="13" type="stmt"/>
        <line num="190" count="2" type="cond" truecount="3" falsecount="1"/>
        <line num="191" count="0" type="stmt"/>
        <line num="192" count="0" type="stmt"/>
        <line num="195" count="2" type="stmt"/>
        <line num="201" count="16" type="cond" truecount="2" falsecount="0"/>
        <line num="202" count="9" type="cond" truecount="3" falsecount="1"/>
        <line num="203" count="0" type="stmt"/>
        <line num="204" count="0" type="stmt"/>
        <line num="207" count="9" type="stmt"/>
        <line num="214" count="6" type="cond" truecount="1" falsecount="1"/>
        <line num="215" count="6" type="cond" truecount="3" falsecount="1"/>
        <line num="216" count="0" type="stmt"/>
        <line num="217" count="0" type="stmt"/>
        <line num="220" count="6" type="stmt"/>
        <line num="227" count="9" type="cond" truecount="2" falsecount="0"/>
        <line num="228" count="3" type="stmt"/>
        <line num="230" count="6" type="stmt"/>
        <line num="235" count="66" type="stmt"/>
        <line num="236" count="66" type="stmt"/>
        <line num="240" count="15" type="cond" truecount="1" falsecount="1"/>
        <line num="241" count="0" type="stmt"/>
        <line num="244" count="15" type="stmt"/>
        <line num="245" count="15" type="stmt"/>
        <line num="249" count="15" type="cond" truecount="1" falsecount="1"/>
        <line num="250" count="0" type="stmt"/>
        <line num="253" count="15" type="stmt"/>
        <line num="254" count="15" type="stmt"/>
        <line num="258" count="11" type="cond" truecount="10" falsecount="0"/>
        <line num="261" count="3" type="stmt"/>
        <line num="262" count="3" type="stmt"/>
        <line num="263" count="3" type="stmt"/>
        <line num="266" count="1" type="stmt"/>
        <line num="267" count="1" type="stmt"/>
        <line num="268" count="1" type="stmt"/>
        <line num="271" count="2" type="stmt"/>
        <line num="272" count="2" type="stmt"/>
        <line num="273" count="2" type="stmt"/>
        <line num="276" count="3" type="stmt"/>
        <line num="277" count="3" type="stmt"/>
        <line num="278" count="3" type="stmt"/>
        <line num="280" count="1" type="stmt"/>
        <line num="281" count="1" type="stmt"/>
        <line num="283" count="1" type="stmt"/>
        <line num="284" count="1" type="stmt"/>
        <line num="289" count="4" type="stmt"/>
        <line num="291" count="4" type="stmt"/>
        <line num="298" count="4" type="stmt"/>
        <line num="299" count="4" type="cond" truecount="3" falsecount="1"/>
        <line num="300" count="0" type="stmt"/>
        <line num="303" count="4" type="stmt"/>
        <line num="304" count="4" type="stmt"/>
        <line num="306" count="4" type="stmt"/>
        <line num="307" count="4" type="stmt"/>
        <line num="310" count="4" type="cond" truecount="2" falsecount="0"/>
        <line num="311" count="2" type="cond" truecount="2" falsecount="0"/>
        <line num="312" count="1" type="stmt"/>
        <line num="314" count="1" type="stmt"/>
        <line num="317" count="2" type="cond" truecount="2" falsecount="0"/>
        <line num="318" count="1" type="stmt"/>
        <line num="320" count="1" type="stmt"/>
        <line num="324" count="4" type="stmt"/>
        <line num="326" count="4" type="stmt"/>
        <line num="327" count="4" type="stmt"/>
        <line num="331" count="1" type="stmt"/>
        <line num="335" count="4" type="stmt"/>
        <line num="337" count="4" type="cond" truecount="3" falsecount="1"/>
        <line num="338" count="0" type="stmt"/>
        <line num="339" count="0" type="stmt"/>
        <line num="342" count="4" type="stmt"/>
        <line num="348" count="243" type="stmt"/>
        <line num="353" count="242" type="stmt"/>
        <line num="357" count="11" type="stmt"/>
        <line num="358" count="4" type="stmt"/>
        <line num="359" count="4" type="stmt"/>
        <line num="360" count="28" type="stmt"/>
        <line num="371" count="1" type="stmt"/>
        <line num="372" count="1" type="stmt"/>
        <line num="373" count="4" type="stmt"/>
        <line num="375" count="8" type="stmt"/>
        <line num="376" count="1" type="stmt"/>
      </file>
      <file name="LoginDialog.tsx" path="/home/runner/work/multiJSnake/multiJSnake/src/main/js/widgets/LoginDialog.tsx">
        <metrics statements="10" coveredstatements="9" conditionals="12" coveredconditionals="10" methods="4" coveredmethods="4"/>
        <line num="22" count="166" type="stmt"/>
        <line num="33" count="166" type="stmt"/>
        <line num="40" count="2" type="stmt"/>
        <line num="42" count="1" type="stmt"/>
        <line num="45" count="1" type="cond" truecount="1" falsecount="1"/>
        <line num="46" count="0" type="stmt"/>
        <line num="49" count="1" type="cond" truecount="1" falsecount="1"/>
        <line num="50" count="1" type="stmt"/>
        <line num="59" count="166" type="stmt"/>
        <line num="83" count="166" type="stmt"/>
      </file>
      <file name="PlayerName.tsx" path="/home/runner/work/multiJSnake/multiJSnake/src/main/js/widgets/PlayerName.tsx">
        <metrics statements="11" coveredstatements="11" conditionals="11" coveredconditionals="11" methods="5" coveredmethods="5"/>
        <line num="17" count="136" type="stmt"/>
        <line num="18" count="136" type="stmt"/>
        <line num="19" count="136" type="stmt"/>
        <line num="22" count="4" type="stmt"/>
        <line num="23" count="4" type="stmt"/>
        <line num="27" count="1" type="stmt"/>
        <line num="28" count="1" type="stmt"/>
        <line num="32" count="1" type="stmt"/>
        <line num="33" count="1" type="stmt"/>
        <line num="36" count="136" type="stmt"/>
        <line num="47" count="22" type="stmt"/>
      </file>
      <file name="PlayerPane.tsx" path="/home/runner/work/multiJSnake/multiJSnake/src/main/js/widgets/PlayerPane.tsx">
        <metrics statements="5" coveredstatements="5" conditionals="4" coveredconditionals="4" methods="5" coveredmethods="5"/>
        <line num="31" count="243" type="stmt"/>
        <line num="42" count="8" type="stmt"/>
        <line num="45" count="1" type="stmt"/>
        <line num="68" count="1" type="stmt"/>
        <line num="75" count="4" type="stmt"/>
      </file>
      <file name="Profile.tsx" path="/home/runner/work/multiJSnake/multiJSnake/src/main/js/widgets/Profile.tsx">
        <metrics statements="16" coveredstatements="11" conditionals="4" coveredconditionals="3" methods="10" coveredmethods="6"/>
        <line num="26" count="4" type="stmt"/>
        <line num="27" count="4" type="stmt"/>
        <line num="29" count="4" type="stmt"/>
        <line num="32" count="0" type="stmt"/>
        <line num="36" count="1" type="stmt"/>
        <line num="37" count="1" type="cond" truecount="1" falsecount="1"/>
        <line num="38" count="0" type="stmt"/>
        <line num="41" count="1" type="stmt"/>
        <line num="42" count="1" type="stmt"/>
        <line num="43" count="0" type="stmt"/>
        <line num="45" count="1" type="stmt"/>
        <line num="47" count="1" type="stmt"/>
        <line num="48" count="0" type="stmt"/>
        <line num="54" count="1" type="stmt"/>
        <line num="55" count="0" type="stmt"/>
        <line num="58" count="4" type="stmt"/>
      </file>
      <file name="RegisterDialog.tsx" path="/home/runner/work/multiJSnake/multiJSnake/src/main/js/widgets/RegisterDialog.tsx">
        <metrics statements="8" coveredstatements="8" conditionals="14" coveredconditionals="13" methods="4" coveredmethods="4"/>
        <line num="23" count="386" type="stmt"/>
        <line num="41" count="386" type="stmt"/>
        <line num="49" count="4" type="stmt"/>
        <line num="51" count="2" type="stmt"/>
        <line num="54" count="2" type="cond" truecount="1" falsecount="1"/>
        <line num="55" count="2" type="stmt"/>
        <line num="61" count="386" type="stmt"/>
        <line num="95" count="386" type="stmt"/>
      </file>
      <file name="ScorePane.tsx" path="/home/runner/work/multiJSnake/multiJSnake/src/main/js/widgets/ScorePane.tsx">
        <metrics statements="3" coveredstatements="3" conditionals="0" coveredconditionals="0" methods="2" coveredmethods="2"/>
        <line num="15" count="242" type="stmt"/>
        <line num="16" count="258" type="stmt"/>
        <line num="24" count="242" type="stmt"/>
      </file>
      <file name="Scores.tsx" path="/home/runner/work/multiJSnake/multiJSnake/src/main/js/widgets/Scores.tsx">
        <metrics statements="3" coveredstatements="3" conditionals="0" coveredconditionals="0" methods="2" coveredmethods="2"/>
        <line num="18" count="726" type="stmt"/>
        <line num="19" count="258" type="stmt"/>
        <line num="32" count="726" type="stmt"/>
      </file>
      <file name="ShareLink.tsx" path="/home/runner/work/multiJSnake/multiJSnake/src/main/js/widgets/ShareLink.tsx">
        <metrics statements="6" coveredstatements="4" conditionals="0" coveredconditionals="0" methods="4" coveredmethods="2"/>
        <line num="10" count="243" type="stmt"/>
        <line num="12" count="243" type="stmt"/>
        <line num="22" count="1" type="stmt"/>
        <line num="23" count="1" type="stmt"/>
        <line num="25" count="0" type="stmt"/>
        <line num="26" count="0" type="stmt"/>
      </file>
      <file name="SimpleFormDialog.tsx" path="/home/runner/work/multiJSnake/multiJSnake/src/main/js/widgets/SimpleFormDialog.tsx">
        <metrics statements="8" coveredstatements="8" conditionals="0" coveredconditionals="0" methods="6" coveredmethods="6"/>
        <line num="24" count="558" type="stmt"/>
        <line num="27" count="6" type="stmt"/>
        <line num="31" count="2" type="stmt"/>
        <line num="32" count="2" type="stmt"/>
        <line num="35" count="558" type="stmt"/>
        <line num="37" count="6" type="stmt"/>
        <line num="40" count="1" type="stmt"/>
        <line num="47" count="1" type="stmt"/>
      </file>
    </package>
  </project>
</coverage>
