{"/home/runner/work/multiJSnake/multiJSnake/src/main/js/App.tsx": {"path":"/home/runner/work/multiJSnake/multiJSnake/src/main/js/App.tsx","statementMap":{"0":{"start":{"line":12,"column":0},"end":{"line":14,"column":1}},"1":{"start":{"line":13,"column":4},"end":{"line":13,"column":65}},"2":{"start":{"line":17,"column":42},"end":{"line":17,"column":77}},"3":{"start":{"line":19,"column":4},"end":{"line":19,"column":69}},"4":{"start":{"line":19,"column":20},"end":{"line":19,"column":64}},"5":{"start":{"line":21,"column":4},"end":{"line":40,"column":5}},"6":{"start":{"line":25,"column":36},"end":{"line":25,"column":80}},"7":{"start":{"line":43,"column":0},"end":{"line":46,"column":1}}},"fnMap":{"0":{"name":"App","decl":{"start":{"line":16,"column":9},"end":{"line":16,"column":12}},"loc":{"start":{"line":16,"column":15},"end":{"line":41,"column":1}},"line":16},"1":{"name":"(anonymous_1)","decl":{"start":{"line":19,"column":14},"end":{"line":19,"column":15}},"loc":{"start":{"line":19,"column":20},"end":{"line":19,"column":64}},"line":19},"2":{"name":"(anonymous_2)","decl":{"start":{"line":25,"column":30},"end":{"line":25,"column":31}},"loc":{"start":{"line":25,"column":36},"end":{"line":25,"column":80}},"line":25}},"branchMap":{"0":{"loc":{"start":{"line":12,"column":0},"end":{"line":14,"column":1}},"type":"if","locations":[{"start":{"line":12,"column":0},"end":{"line":14,"column":1}},{"start":{},"end":{}}],"line":12},"1":{"loc":{"start":{"line":12,"column":4},"end":{"line":12,"column":71}},"type":"binary-expr","locations":[{"start":{"line":12,"column":4},"end":{"line":12,"column":34}},{"start":{"line":12,"column":38},"end":{"line":12,"column":71}}],"line":12}},"s":{"0":15,"1":0,"2":37,"3":36,"4":15,"5":36,"6":6,"7":15},"f":{"0":37,"1":15,"2":6},"b":{"0":[0,15],"1":[15,15]},"_coverageSchema":"1a1c01bbd47fc00a2c39e90264f33305004495a9","hash":"6e5719ffef806c3b3a650c4441d0e67fb817ca06"}
,"/home/runner/work/multiJSnake/multiJSnake/src/main/js/GenId.ts": {"path":"/home/runner/work/multiJSnake/multiJSnake/src/main/js/GenId.ts","statementMap":{"0":{"start":{"line":3,"column":27},"end":{"line":3,"column":29}},"1":{"start":{"line":4,"column":27},"end":{"line":4,"column":91}},"2":{"start":{"line":5,"column":27},"end":{"line":5,"column":44}},"3":{"start":{"line":6,"column":4},"end":{"line":8,"column":5}},"4":{"start":{"line":6,"column":17},"end":{"line":6,"column":18}},"5":{"start":{"line":7,"column":8},"end":{"line":7,"column":82}},"6":{"start":{"line":9,"column":4},"end":{"line":9,"column":18}}},"fnMap":{"0":{"name":"genId","decl":{"start":{"line":2,"column":9},"end":{"line":2,"column":14}},"loc":{"start":{"line":2,"column":39},"end":{"line":10,"column":1}},"line":2}},"branchMap":{},"s":{"0":13,"1":13,"2":13,"3":13,"4":13,"5":130,"6":13},"f":{"0":13},"b":{},"_coverageSchema":"1a1c01bbd47fc00a2c39e90264f33305004495a9","hash":"27683825560f16a63b30e7516f037c205ac8a6d5"}
,"/home/runner/work/multiJSnake/multiJSnake/src/main/js/NavBar.tsx": {"path":"/home/runner/work/multiJSnake/multiJSnake/src/main/js/NavBar.tsx","statementMap":{"0":{"start":{"line":32,"column":4},"end":{"line":50,"column":10}},"1":{"start":{"line":36,"column":12},"end":{"line":41,"column":13}},"2":{"start":{"line":37,"column":31},"end":{"line":37,"column":43}},"3":{"start":{"line":38,"column":16},"end":{"line":40,"column":78}},"4":{"start":{"line":40,"column":33},"end":{"line":40,"column":54}},"5":{"start":{"line":40,"column":55},"end":{"line":40,"column":75}},"6":{"start":{"line":44,"column":8},"end":{"line":44,"column":18}},"7":{"start":{"line":47,"column":25},"end":{"line":47,"column":72}},"8":{"start":{"line":47,"column":50},"end":{"line":47,"column":59}},"9":{"start":{"line":49,"column":8},"end":{"line":49,"column":52}},"10":{"start":{"line":49,"column":21},"end":{"line":49,"column":51}},"11":{"start":{"line":52,"column":4},"end":{"line":120,"column":6}},"12":{"start":{"line":93,"column":24},"end":{"line":93,"column":45}},"13":{"start":{"line":94,"column":24},"end":{"line":94,"column":44}},"14":{"start":{"line":105,"column":40},"end":{"line":105,"column":60}},"15":{"start":{"line":113,"column":40},"end":{"line":113,"column":60}}},"fnMap":{"0":{"name":"NavBar","decl":{"start":{"line":31,"column":24},"end":{"line":31,"column":30}},"loc":{"start":{"line":31,"column":45},"end":{"line":121,"column":1}},"line":31},"1":{"name":"(anonymous_1)","decl":{"start":{"line":32,"column":14},"end":{"line":32,"column":15}},"loc":{"start":{"line":32,"column":20},"end":{"line":50,"column":5}},"line":32},"2":{"name":"testJwt","decl":{"start":{"line":35,"column":17},"end":{"line":35,"column":24}},"loc":{"start":{"line":35,"column":27},"end":{"line":42,"column":9}},"line":35},"3":{"name":"(anonymous_3)","decl":{"start":{"line":40,"column":27},"end":{"line":40,"column":28}},"loc":{"start":{"line":40,"column":32},"end":{"line":40,"column":76}},"line":40},"4":{"name":"(anonymous_4)","decl":{"start":{"line":47,"column":44},"end":{"line":47,"column":45}},"loc":{"start":{"line":47,"column":50},"end":{"line":47,"column":59}},"line":47},"5":{"name":"(anonymous_5)","decl":{"start":{"line":49,"column":15},"end":{"line":49,"column":16}},"loc":{"start":{"line":49,"column":21},"end":{"line":49,"column":51}},"line":49},"6":{"name":"(anonymous_6)","decl":{"start":{"line":92,"column":80},"end":{"line":92,"column":81}},"loc":{"start":{"line":92,"column":85},"end":{"line":96,"column":21}},"line":92},"7":{"name":"(anonymous_7)","decl":{"start":{"line":105,"column":35},"end":{"line":105,"column":36}},"loc":{"start":{"line":105,"column":40},"end":{"line":105,"column":60}},"line":105},"8":{"name":"(anonymous_8)","decl":{"start":{"line":113,"column":35},"end":{"line":113,"column":36}},"loc":{"start":{"line":113,"column":40},"end":{"line":113,"column":60}},"line":113}},"branchMap":{"0":{"loc":{"start":{"line":36,"column":12},"end":{"line":41,"column":13}},"type":"if","locations":[{"start":{"line":36,"column":12},"end":{"line":41,"column":13}},{"start":{},"end":{}}],"line":36},"1":{"loc":{"start":{"line":38,"column":16},"end":{"line":40,"column":77}},"type":"binary-expr","locations":[{"start":{"line":38,"column":16},"end":{"line":38,"column":22}},{"start":{"line":38,"column":26},"end":{"line":40,"column":77}}],"line":38},"2":{"loc":{"start":{"line":67,"column":21},"end":{"line":72,"column":30}},"type":"binary-expr","locations":[{"start":{"line":67,"column":21},"end":{"line":67,"column":38}},{"start":{"line":68,"column":20},"end":{"line":72,"column":30}}],"line":67},"3":{"loc":{"start":{"line":91,"column":21},"end":{"line":98,"column":29}},"type":"binary-expr","locations":[{"start":{"line":91,"column":21},"end":{"line":91,"column":38}},{"start":{"line":92,"column":20},"end":{"line":98,"column":29}}],"line":91},"4":{"loc":{"start":{"line":100,"column":21},"end":{"line":106,"column":22}},"type":"binary-expr","locations":[{"start":{"line":100,"column":21},"end":{"line":100,"column":39}},{"start":{"line":101,"column":20},"end":{"line":106,"column":22}}],"line":100},"5":{"loc":{"start":{"line":108,"column":21},"end":{"line":114,"column":22}},"type":"binary-expr","locations":[{"start":{"line":108,"column":21},"end":{"line":108,"column":39}},{"start":{"line":109,"column":20},"end":{"line":114,"column":22}}],"line":108}},"s":{"0":36,"1":15,"2":0,"3":0,"4":0,"5":0,"6":15,"7":15,"8":0,"9":15,"10":0,"11":36,"12":3,"13":3,"14":1,"15":2},"f":{"0":36,"1":15,"2":15,"3":0,"4":0,"5":0,"6":3,"7":1,"8":2},"b":{"0":[0,15],"1":[0,0],"2":[36,3],"3":[36,3],"4":[36,33],"5":[36,33]},"_coverageSchema":"1a1c01bbd47fc00a2c39e90264f33305004495a9","hash":"ed1dbcf0897faf9edd382500cf93730124b5e59d"}
,"/home/runner/work/multiJSnake/multiJSnake/src/main/js/SnakeLogic/JsGameState.ts": {"path":"/home/runner/work/multiJSnake/multiJSnake/src/main/js/SnakeLogic/JsGameState.ts","statementMap":{"0":{"start":{"line":23,"column":8},"end":{"line":23,"column":27}},"1":{"start":{"line":24,"column":8},"end":{"line":24,"column":29}},"2":{"start":{"line":25,"column":8},"end":{"line":25,"column":35}},"3":{"start":{"line":26,"column":8},"end":{"line":26,"column":53}},"4":{"start":{"line":27,"column":8},"end":{"line":27,"column":28}},"5":{"start":{"line":28,"column":8},"end":{"line":28,"column":30}},"6":{"start":{"line":30,"column":8},"end":{"line":30,"column":49}},"7":{"start":{"line":31,"column":8},"end":{"line":31,"column":27}},"8":{"start":{"line":33,"column":8},"end":{"line":33,"column":21}},"9":{"start":{"line":38,"column":23},"end":{"line":38,"column":27}},"10":{"start":{"line":39,"column":8},"end":{"line":43,"column":10}},"11":{"start":{"line":40,"column":21},"end":{"line":42,"column":13}},"12":{"start":{"line":41,"column":38},"end":{"line":41,"column":66}},"13":{"start":{"line":47,"column":23},"end":{"line":47,"column":27}},"14":{"start":{"line":48,"column":8},"end":{"line":48,"column":69}},"15":{"start":{"line":52,"column":8},"end":{"line":52,"column":89}},"16":{"start":{"line":56,"column":32},"end":{"line":56,"column":57}},"17":{"start":{"line":57,"column":8},"end":{"line":57,"column":64}},"18":{"start":{"line":61,"column":8},"end":{"line":62,"column":24}},"19":{"start":{"line":62,"column":12},"end":{"line":62,"column":24}},"20":{"start":{"line":65,"column":8},"end":{"line":67,"column":40}},"21":{"start":{"line":66,"column":12},"end":{"line":66,"column":107}},"22":{"start":{"line":68,"column":8},"end":{"line":68,"column":20}},"23":{"start":{"line":72,"column":8},"end":{"line":72,"column":38}},"24":{"start":{"line":86,"column":20},"end":{"line":86,"column":41}},"25":{"start":{"line":87,"column":8},"end":{"line":95,"column":9}},"26":{"start":{"line":87,"column":21},"end":{"line":87,"column":22}},"27":{"start":{"line":88,"column":12},"end":{"line":88,"column":46}},"28":{"start":{"line":89,"column":12},"end":{"line":94,"column":13}},"29":{"start":{"line":89,"column":25},"end":{"line":89,"column":26}},"30":{"start":{"line":90,"column":16},"end":{"line":90,"column":43}},"31":{"start":{"line":91,"column":16},"end":{"line":93,"column":17}},"32":{"start":{"line":91,"column":29},"end":{"line":91,"column":30}},"33":{"start":{"line":92,"column":20},"end":{"line":92,"column":39}},"34":{"start":{"line":96,"column":20},"end":{"line":96,"column":34}},"35":{"start":{"line":99,"column":8},"end":{"line":101,"column":9}},"36":{"start":{"line":100,"column":12},"end":{"line":100,"column":51}},"37":{"start":{"line":103,"column":8},"end":{"line":105,"column":9}},"38":{"start":{"line":104,"column":12},"end":{"line":104,"column":53}},"39":{"start":{"line":107,"column":18},"end":{"line":107,"column":19}},"40":{"start":{"line":108,"column":8},"end":{"line":111,"column":9}},"41":{"start":{"line":109,"column":12},"end":{"line":109,"column":43}},"42":{"start":{"line":110,"column":12},"end":{"line":110,"column":21}},"43":{"start":{"line":113,"column":8},"end":{"line":113,"column":21}},"44":{"start":{"line":125,"column":22},"end":{"line":125,"column":36}},"45":{"start":{"line":126,"column":20},"end":{"line":126,"column":22}},"46":{"start":{"line":128,"column":20},"end":{"line":128,"column":99}},"47":{"start":{"line":129,"column":20},"end":{"line":129,"column":24}},"48":{"start":{"line":132,"column":8},"end":{"line":136,"column":9}},"49":{"start":{"line":133,"column":12},"end":{"line":133,"column":26}},"50":{"start":{"line":135,"column":12},"end":{"line":135,"column":26}},"51":{"start":{"line":139,"column":8},"end":{"line":143,"column":9}},"52":{"start":{"line":140,"column":12},"end":{"line":140,"column":26}},"53":{"start":{"line":142,"column":12},"end":{"line":142,"column":26}},"54":{"start":{"line":146,"column":8},"end":{"line":150,"column":9}},"55":{"start":{"line":147,"column":12},"end":{"line":147,"column":26}},"56":{"start":{"line":149,"column":12},"end":{"line":149,"column":26}},"57":{"start":{"line":153,"column":8},"end":{"line":157,"column":9}},"58":{"start":{"line":154,"column":12},"end":{"line":154,"column":26}},"59":{"start":{"line":156,"column":12},"end":{"line":156,"column":26}},"60":{"start":{"line":160,"column":25},"end":{"line":160,"column":72}},"61":{"start":{"line":161,"column":21},"end":{"line":161,"column":80}},"62":{"start":{"line":162,"column":22},"end":{"line":162,"column":82}},"63":{"start":{"line":163,"column":21},"end":{"line":163,"column":79}},"64":{"start":{"line":164,"column":8},"end":{"line":164,"column":38}},"65":{"start":{"line":165,"column":8},"end":{"line":165,"column":42}},"66":{"start":{"line":166,"column":8},"end":{"line":166,"column":39}},"67":{"start":{"line":170,"column":19},"end":{"line":170,"column":71}},"68":{"start":{"line":171,"column":19},"end":{"line":171,"column":60}},"69":{"start":{"line":172,"column":19},"end":{"line":172,"column":61}},"70":{"start":{"line":173,"column":19},"end":{"line":173,"column":72}},"71":{"start":{"line":174,"column":8},"end":{"line":174,"column":36}},"72":{"start":{"line":175,"column":8},"end":{"line":175,"column":36}},"73":{"start":{"line":176,"column":8},"end":{"line":176,"column":36}},"74":{"start":{"line":177,"column":8},"end":{"line":177,"column":36}},"75":{"start":{"line":180,"column":19},"end":{"line":180,"column":72}},"76":{"start":{"line":181,"column":19},"end":{"line":181,"column":64}},"77":{"start":{"line":182,"column":19},"end":{"line":182,"column":74}},"78":{"start":{"line":183,"column":19},"end":{"line":183,"column":71}},"79":{"start":{"line":184,"column":8},"end":{"line":184,"column":36}},"80":{"start":{"line":185,"column":8},"end":{"line":185,"column":36}},"81":{"start":{"line":186,"column":8},"end":{"line":186,"column":36}},"82":{"start":{"line":187,"column":8},"end":{"line":187,"column":36}},"83":{"start":{"line":189,"column":8},"end":{"line":189,"column":21}},"84":{"start":{"line":193,"column":8},"end":{"line":194,"column":21}},"85":{"start":{"line":194,"column":12},"end":{"line":194,"column":21}},"86":{"start":{"line":195,"column":8},"end":{"line":195,"column":17}},"87":{"start":{"line":200,"column":19},"end":{"line":200,"column":39}},"88":{"start":{"line":201,"column":19},"end":{"line":201,"column":39}},"89":{"start":{"line":206,"column":8},"end":{"line":219,"column":9}},"90":{"start":{"line":208,"column":16},"end":{"line":208,"column":42}},"91":{"start":{"line":209,"column":16},"end":{"line":209,"column":22}},"92":{"start":{"line":211,"column":16},"end":{"line":211,"column":43}},"93":{"start":{"line":212,"column":16},"end":{"line":212,"column":22}},"94":{"start":{"line":214,"column":16},"end":{"line":214,"column":44}},"95":{"start":{"line":215,"column":16},"end":{"line":215,"column":22}},"96":{"start":{"line":217,"column":16},"end":{"line":217,"column":41}},"97":{"start":{"line":218,"column":16},"end":{"line":218,"column":22}},"98":{"start":{"line":221,"column":8},"end":{"line":221,"column":19}},"99":{"start":{"line":225,"column":22},"end":{"line":225,"column":36}},"100":{"start":{"line":226,"column":8},"end":{"line":238,"column":9}},"101":{"start":{"line":229,"column":16},"end":{"line":229,"column":70}},"102":{"start":{"line":230,"column":16},"end":{"line":230,"column":22}},"103":{"start":{"line":233,"column":16},"end":{"line":233,"column":22}},"104":{"start":{"line":236,"column":16},"end":{"line":236,"column":71}},"105":{"start":{"line":237,"column":16},"end":{"line":237,"column":22}},"106":{"start":{"line":242,"column":22},"end":{"line":242,"column":36}},"107":{"start":{"line":243,"column":8},"end":{"line":260,"column":9}},"108":{"start":{"line":246,"column":16},"end":{"line":246,"column":43}},"109":{"start":{"line":247,"column":16},"end":{"line":247,"column":22}},"110":{"start":{"line":250,"column":16},"end":{"line":250,"column":46}},"111":{"start":{"line":251,"column":16},"end":{"line":251,"column":22}},"112":{"start":{"line":254,"column":16},"end":{"line":254,"column":45}},"113":{"start":{"line":255,"column":16},"end":{"line":255,"column":22}},"114":{"start":{"line":258,"column":16},"end":{"line":258,"column":45}},"115":{"start":{"line":259,"column":16},"end":{"line":259,"column":22}},"116":{"start":{"line":264,"column":8},"end":{"line":277,"column":9}},"117":{"start":{"line":267,"column":16},"end":{"line":267,"column":50}},"118":{"start":{"line":270,"column":16},"end":{"line":270,"column":50}},"119":{"start":{"line":273,"column":16},"end":{"line":273,"column":50}},"120":{"start":{"line":276,"column":16},"end":{"line":276,"column":50}},"121":{"start":{"line":281,"column":8},"end":{"line":290,"column":9}},"122":{"start":{"line":283,"column":16},"end":{"line":283,"column":30}},"123":{"start":{"line":285,"column":16},"end":{"line":285,"column":31}},"124":{"start":{"line":287,"column":16},"end":{"line":287,"column":30}},"125":{"start":{"line":289,"column":16},"end":{"line":289,"column":28}},"126":{"start":{"line":294,"column":8},"end":{"line":303,"column":9}},"127":{"start":{"line":296,"column":16},"end":{"line":296,"column":31}},"128":{"start":{"line":298,"column":16},"end":{"line":298,"column":30}},"129":{"start":{"line":300,"column":16},"end":{"line":300,"column":28}},"130":{"start":{"line":302,"column":16},"end":{"line":302,"column":30}},"131":{"start":{"line":307,"column":8},"end":{"line":316,"column":9}},"132":{"start":{"line":309,"column":16},"end":{"line":309,"column":30}},"133":{"start":{"line":311,"column":16},"end":{"line":311,"column":28}},"134":{"start":{"line":313,"column":16},"end":{"line":313,"column":31}},"135":{"start":{"line":315,"column":16},"end":{"line":315,"column":30}},"136":{"start":{"line":320,"column":8},"end":{"line":320,"column":34}},"137":{"start":{"line":321,"column":8},"end":{"line":321,"column":36}},"138":{"start":{"line":322,"column":8},"end":{"line":322,"column":33}},"139":{"start":{"line":324,"column":24},"end":{"line":324,"column":41}},"140":{"start":{"line":325,"column":8},"end":{"line":327,"column":9}},"141":{"start":{"line":326,"column":12},"end":{"line":326,"column":59}},"142":{"start":{"line":329,"column":8},"end":{"line":329,"column":39}},"143":{"start":{"line":330,"column":8},"end":{"line":330,"column":24}},"144":{"start":{"line":334,"column":22},"end":{"line":334,"column":36}},"145":{"start":{"line":335,"column":8},"end":{"line":364,"column":9}},"146":{"start":{"line":337,"column":23},"end":{"line":337,"column":70}},"147":{"start":{"line":340,"column":12},"end":{"line":340,"column":64}},"148":{"start":{"line":342,"column":12},"end":{"line":345,"column":13}},"149":{"start":{"line":343,"column":16},"end":{"line":343,"column":34}},"150":{"start":{"line":344,"column":16},"end":{"line":344,"column":32}},"151":{"start":{"line":347,"column":12},"end":{"line":349,"column":13}},"152":{"start":{"line":348,"column":16},"end":{"line":348,"column":35}},"153":{"start":{"line":351,"column":12},"end":{"line":353,"column":13}},"154":{"start":{"line":352,"column":16},"end":{"line":352,"column":34}},"155":{"start":{"line":355,"column":12},"end":{"line":355,"column":30}},"156":{"start":{"line":357,"column":12},"end":{"line":357,"column":32}},"157":{"start":{"line":358,"column":12},"end":{"line":363,"column":13}},"158":{"start":{"line":359,"column":30},"end":{"line":359,"column":98}},"159":{"start":{"line":360,"column":16},"end":{"line":360,"column":70}},"160":{"start":{"line":361,"column":16},"end":{"line":361,"column":29}},"161":{"start":{"line":362,"column":16},"end":{"line":362,"column":35}}},"fnMap":{"0":{"name":"(anonymous_0)","decl":{"start":{"line":22,"column":4},"end":{"line":22,"column":5}},"loc":{"start":{"line":22,"column":91},"end":{"line":34,"column":5}},"line":22},"1":{"name":"(anonymous_1)","decl":{"start":{"line":37,"column":4},"end":{"line":37,"column":5}},"loc":{"start":{"line":37,"column":33},"end":{"line":44,"column":5}},"line":37},"2":{"name":"(anonymous_2)","decl":{"start":{"line":40,"column":12},"end":{"line":40,"column":13}},"loc":{"start":{"line":40,"column":21},"end":{"line":42,"column":13}},"line":40},"3":{"name":"(anonymous_3)","decl":{"start":{"line":41,"column":16},"end":{"line":41,"column":17}},"loc":{"start":{"line":41,"column":38},"end":{"line":41,"column":66}},"line":41},"4":{"name":"(anonymous_4)","decl":{"start":{"line":46,"column":4},"end":{"line":46,"column":5}},"loc":{"start":{"line":46,"column":29},"end":{"line":49,"column":5}},"line":46},"5":{"name":"(anonymous_5)","decl":{"start":{"line":51,"column":4},"end":{"line":51,"column":5}},"loc":{"start":{"line":51,"column":29},"end":{"line":53,"column":5}},"line":51},"6":{"name":"(anonymous_6)","decl":{"start":{"line":55,"column":4},"end":{"line":55,"column":5}},"loc":{"start":{"line":55,"column":23},"end":{"line":58,"column":5}},"line":55},"7":{"name":"(anonymous_7)","decl":{"start":{"line":60,"column":4},"end":{"line":60,"column":5}},"loc":{"start":{"line":60,"column":17},"end":{"line":69,"column":5}},"line":60},"8":{"name":"(anonymous_8)","decl":{"start":{"line":71,"column":4},"end":{"line":71,"column":5}},"loc":{"start":{"line":71,"column":15},"end":{"line":77,"column":5}},"line":71},"9":{"name":"(anonymous_9)","decl":{"start":{"line":85,"column":4},"end":{"line":85,"column":5}},"loc":{"start":{"line":85,"column":21},"end":{"line":114,"column":5}},"line":85},"10":{"name":"(anonymous_10)","decl":{"start":{"line":124,"column":4},"end":{"line":124,"column":5}},"loc":{"start":{"line":124,"column":20},"end":{"line":190,"column":5}},"line":124},"11":{"name":"(anonymous_11)","decl":{"start":{"line":192,"column":4},"end":{"line":192,"column":5}},"loc":{"start":{"line":192,"column":29},"end":{"line":196,"column":5}},"line":192},"12":{"name":"(anonymous_12)","decl":{"start":{"line":198,"column":4},"end":{"line":198,"column":5}},"loc":{"start":{"line":198,"column":73},"end":{"line":222,"column":5}},"line":198},"13":{"name":"(anonymous_13)","decl":{"start":{"line":224,"column":4},"end":{"line":224,"column":5}},"loc":{"start":{"line":224,"column":40},"end":{"line":239,"column":5}},"line":224},"14":{"name":"(anonymous_14)","decl":{"start":{"line":241,"column":4},"end":{"line":241,"column":5}},"loc":{"start":{"line":241,"column":40},"end":{"line":261,"column":5}},"line":241},"15":{"name":"(anonymous_15)","decl":{"start":{"line":263,"column":4},"end":{"line":263,"column":5}},"loc":{"start":{"line":263,"column":54},"end":{"line":278,"column":5}},"line":263},"16":{"name":"(anonymous_16)","decl":{"start":{"line":280,"column":4},"end":{"line":280,"column":5}},"loc":{"start":{"line":280,"column":32},"end":{"line":291,"column":5}},"line":280},"17":{"name":"(anonymous_17)","decl":{"start":{"line":293,"column":4},"end":{"line":293,"column":5}},"loc":{"start":{"line":293,"column":33},"end":{"line":304,"column":5}},"line":293},"18":{"name":"(anonymous_18)","decl":{"start":{"line":306,"column":4},"end":{"line":306,"column":5}},"loc":{"start":{"line":306,"column":31},"end":{"line":317,"column":5}},"line":306},"19":{"name":"(anonymous_19)","decl":{"start":{"line":319,"column":4},"end":{"line":319,"column":5}},"loc":{"start":{"line":319,"column":12},"end":{"line":331,"column":5}},"line":319},"20":{"name":"(anonymous_20)","decl":{"start":{"line":333,"column":4},"end":{"line":333,"column":5}},"loc":{"start":{"line":333,"column":13},"end":{"line":365,"column":5}},"line":333}},"branchMap":{"0":{"loc":{"start":{"line":41,"column":38},"end":{"line":41,"column":66}},"type":"binary-expr","locations":[{"start":{"line":41,"column":38},"end":{"line":41,"column":50}},{"start":{"line":41,"column":54},"end":{"line":41,"column":66}}],"line":41},"1":{"loc":{"start":{"line":48,"column":15},"end":{"line":48,"column":68}},"type":"binary-expr","locations":[{"start":{"line":48,"column":15},"end":{"line":48,"column":20}},{"start":{"line":48,"column":24},"end":{"line":48,"column":39}},{"start":{"line":48,"column":43},"end":{"line":48,"column":48}},{"start":{"line":48,"column":52},"end":{"line":48,"column":68}}],"line":48},"2":{"loc":{"start":{"line":52,"column":15},"end":{"line":52,"column":88}},"type":"binary-expr","locations":[{"start":{"line":52,"column":15},"end":{"line":52,"column":24}},{"start":{"line":52,"column":28},"end":{"line":52,"column":56}},{"start":{"line":52,"column":60},"end":{"line":52,"column":88}}],"line":52},"3":{"loc":{"start":{"line":61,"column":8},"end":{"line":62,"column":24}},"type":"if","locations":[{"start":{"line":61,"column":8},"end":{"line":62,"column":24}},{"start":{},"end":{}}],"line":61},"4":{"loc":{"start":{"line":99,"column":8},"end":{"line":101,"column":9}},"type":"if","locations":[{"start":{"line":99,"column":8},"end":{"line":101,"column":9}},{"start":{},"end":{}}],"line":99},"5":{"loc":{"start":{"line":103,"column":8},"end":{"line":105,"column":9}},"type":"if","locations":[{"start":{"line":103,"column":8},"end":{"line":105,"column":9}},{"start":{},"end":{}}],"line":103},"6":{"loc":{"start":{"line":128,"column":20},"end":{"line":128,"column":99}},"type":"cond-expr","locations":[{"start":{"line":128,"column":41},"end":{"line":128,"column":42}},{"start":{"line":128,"column":45},"end":{"line":128,"column":99}}],"line":128},"7":{"loc":{"start":{"line":132,"column":8},"end":{"line":136,"column":9}},"type":"if","locations":[{"start":{"line":132,"column":8},"end":{"line":136,"column":9}},{"start":{"line":134,"column":15},"end":{"line":136,"column":9}}],"line":132},"8":{"loc":{"start":{"line":139,"column":8},"end":{"line":143,"column":9}},"type":"if","locations":[{"start":{"line":139,"column":8},"end":{"line":143,"column":9}},{"start":{"line":141,"column":15},"end":{"line":143,"column":9}}],"line":139},"9":{"loc":{"start":{"line":139,"column":12},"end":{"line":139,"column":44}},"type":"binary-expr","locations":[{"start":{"line":139,"column":12},"end":{"line":139,"column":21}},{"start":{"line":139,"column":25},"end":{"line":139,"column":44}}],"line":139},"10":{"loc":{"start":{"line":146,"column":8},"end":{"line":150,"column":9}},"type":"if","locations":[{"start":{"line":146,"column":8},"end":{"line":150,"column":9}},{"start":{"line":148,"column":15},"end":{"line":150,"column":9}}],"line":146},"11":{"loc":{"start":{"line":146,"column":12},"end":{"line":146,"column":46}},"type":"binary-expr","locations":[{"start":{"line":146,"column":12},"end":{"line":146,"column":22}},{"start":{"line":146,"column":26},"end":{"line":146,"column":46}}],"line":146},"12":{"loc":{"start":{"line":153,"column":8},"end":{"line":157,"column":9}},"type":"if","locations":[{"start":{"line":153,"column":8},"end":{"line":157,"column":9}},{"start":{"line":155,"column":15},"end":{"line":157,"column":9}}],"line":153},"13":{"loc":{"start":{"line":193,"column":8},"end":{"line":194,"column":21}},"type":"if","locations":[{"start":{"line":193,"column":8},"end":{"line":194,"column":21}},{"start":{},"end":{}}],"line":193},"14":{"loc":{"start":{"line":193,"column":11},"end":{"line":193,"column":53}},"type":"binary-expr","locations":[{"start":{"line":193,"column":11},"end":{"line":193,"column":32}},{"start":{"line":193,"column":36},"end":{"line":193,"column":53}}],"line":193},"15":{"loc":{"start":{"line":206,"column":8},"end":{"line":219,"column":9}},"type":"switch","locations":[{"start":{"line":207,"column":12},"end":{"line":209,"column":22}},{"start":{"line":210,"column":12},"end":{"line":212,"column":22}},{"start":{"line":213,"column":12},"end":{"line":215,"column":22}},{"start":{"line":216,"column":12},"end":{"line":218,"column":22}}],"line":206},"16":{"loc":{"start":{"line":226,"column":8},"end":{"line":238,"column":9}},"type":"switch","locations":[{"start":{"line":227,"column":12},"end":{"line":230,"column":22}},{"start":{"line":231,"column":12},"end":{"line":233,"column":22}},{"start":{"line":234,"column":12},"end":{"line":237,"column":22}}],"line":226},"17":{"loc":{"start":{"line":243,"column":8},"end":{"line":260,"column":9}},"type":"switch","locations":[{"start":{"line":244,"column":12},"end":{"line":247,"column":22}},{"start":{"line":248,"column":12},"end":{"line":251,"column":22}},{"start":{"line":252,"column":12},"end":{"line":255,"column":22}},{"start":{"line":256,"column":12},"end":{"line":259,"column":22}}],"line":243},"18":{"loc":{"start":{"line":264,"column":8},"end":{"line":277,"column":9}},"type":"switch","locations":[{"start":{"line":265,"column":12},"end":{"line":267,"column":50}},{"start":{"line":268,"column":12},"end":{"line":270,"column":50}},{"start":{"line":271,"column":12},"end":{"line":273,"column":50}},{"start":{"line":274,"column":12},"end":{"line":276,"column":50}}],"line":264},"19":{"loc":{"start":{"line":281,"column":8},"end":{"line":290,"column":9}},"type":"switch","locations":[{"start":{"line":282,"column":12},"end":{"line":283,"column":30}},{"start":{"line":284,"column":12},"end":{"line":285,"column":31}},{"start":{"line":286,"column":12},"end":{"line":287,"column":30}},{"start":{"line":288,"column":12},"end":{"line":289,"column":28}}],"line":281},"20":{"loc":{"start":{"line":294,"column":8},"end":{"line":303,"column":9}},"type":"switch","locations":[{"start":{"line":295,"column":12},"end":{"line":296,"column":31}},{"start":{"line":297,"column":12},"end":{"line":298,"column":30}},{"start":{"line":299,"column":12},"end":{"line":300,"column":28}},{"start":{"line":301,"column":12},"end":{"line":302,"column":30}}],"line":294},"21":{"loc":{"start":{"line":307,"column":8},"end":{"line":316,"column":9}},"type":"switch","locations":[{"start":{"line":308,"column":12},"end":{"line":309,"column":30}},{"start":{"line":310,"column":12},"end":{"line":311,"column":28}},{"start":{"line":312,"column":12},"end":{"line":313,"column":31}},{"start":{"line":314,"column":12},"end":{"line":315,"column":30}}],"line":307},"22":{"loc":{"start":{"line":325,"column":8},"end":{"line":327,"column":9}},"type":"if","locations":[{"start":{"line":325,"column":8},"end":{"line":327,"column":9}},{"start":{},"end":{}}],"line":325},"23":{"loc":{"start":{"line":335,"column":8},"end":{"line":364,"column":9}},"type":"if","locations":[{"start":{"line":335,"column":8},"end":{"line":364,"column":9}},{"start":{"line":356,"column":15},"end":{"line":364,"column":9}}],"line":335},"24":{"loc":{"start":{"line":335,"column":11},"end":{"line":335,"column":50}},"type":"binary-expr","locations":[{"start":{"line":335,"column":11},"end":{"line":335,"column":22}},{"start":{"line":335,"column":26},"end":{"line":335,"column":50}}],"line":335},"25":{"loc":{"start":{"line":342,"column":12},"end":{"line":345,"column":13}},"type":"if","locations":[{"start":{"line":342,"column":12},"end":{"line":345,"column":13}},{"start":{},"end":{}}],"line":342},"26":{"loc":{"start":{"line":351,"column":12},"end":{"line":353,"column":13}},"type":"if","locations":[{"start":{"line":351,"column":12},"end":{"line":353,"column":13}},{"start":{},"end":{}}],"line":351},"27":{"loc":{"start":{"line":351,"column":16},"end":{"line":351,"column":58}},"type":"binary-expr","locations":[{"start":{"line":351,"column":16},"end":{"line":351,"column":33}},{"start":{"line":351,"column":37},"end":{"line":351,"column":58}}],"line":351},"28":{"loc":{"start":{"line":358,"column":12},"end":{"line":363,"column":13}},"type":"if","locations":[{"start":{"line":358,"column":12},"end":{"line":363,"column":13}},{"start":{},"end":{}}],"line":358},"29":{"loc":{"start":{"line":359,"column":30},"end":{"line":359,"column":98}},"type":"cond-expr","locations":[{"start":{"line":359,"column":56},"end":{"line":359,"column":78}},{"start":{"line":359,"column":81},"end":{"line":359,"column":98}}],"line":359},"30":{"loc":{"start":{"line":360,"column":16},"end":{"line":360,"column":69}},"type":"binary-expr","locations":[{"start":{"line":360,"column":16},"end":{"line":360,"column":37}},{"start":{"line":360,"column":41},"end":{"line":360,"column":69}}],"line":360}},"s":{"0":252,"1":252,"2":252,"3":252,"4":252,"5":252,"6":252,"7":252,"8":252,"9":2133,"10":2133,"11":2133,"12":21537,"13":1596,"14":1596,"15":231,"16":747,"17":747,"18":516,"19":0,"20":516,"21":516,"22":516,"23":264,"24":105,"25":105,"26":105,"27":1050,"28":1050,"29":1050,"30":10500,"31":10500,"32":10500,"33":31500,"34":105,"35":105,"36":105,"37":105,"38":105,"39":105,"40":105,"41":835,"42":835,"43":105,"44":126,"45":126,"46":126,"47":126,"48":126,"49":55,"50":71,"51":126,"52":115,"53":11,"54":126,"55":3,"56":123,"57":126,"58":59,"59":67,"60":126,"61":126,"62":126,"63":126,"64":126,"65":126,"66":126,"67":126,"68":126,"69":126,"70":126,"71":126,"72":126,"73":126,"74":126,"75":126,"76":126,"77":126,"78":126,"79":126,"80":126,"81":126,"82":126,"83":126,"84":1386,"85":693,"86":693,"87":126,"88":126,"89":126,"90":36,"91":36,"92":30,"93":30,"94":30,"95":30,"96":30,"97":30,"98":126,"99":126,"100":126,"101":15,"102":15,"103":111,"104":0,"105":0,"106":105,"107":105,"108":27,"109":27,"110":25,"111":25,"112":26,"113":26,"114":27,"115":27,"116":1743,"117":430,"118":445,"119":428,"120":440,"121":267,"122":63,"123":64,"124":64,"125":76,"126":252,"127":60,"128":60,"129":60,"130":72,"131":504,"132":120,"133":120,"134":120,"135":144,"136":252,"137":252,"138":252,"139":252,"140":252,"141":0,"142":252,"143":252,"144":231,"145":231,"146":231,"147":231,"148":231,"149":12,"150":12,"151":231,"152":217,"153":231,"154":0,"155":231,"156":0,"157":0,"158":0,"159":0,"160":0,"161":0},"f":{"0":252,"1":2133,"2":2133,"3":21537,"4":1596,"5":231,"6":747,"7":516,"8":264,"9":105,"10":126,"11":1386,"12":126,"13":126,"14":105,"15":1743,"16":267,"17":252,"18":504,"19":252,"20":231},"b":{"0":[21537,2098],"1":[1596,1452,1309,1189],"2":[231,231,45],"3":[0,516],"4":[105,0],"5":[105,0],"6":[0,126],"7":[55,71],"8":[115,11],"9":[126,118],"10":[3,123],"11":[126,3],"12":[59,67],"13":[693,693],"14":[1386,1260],"15":[36,30,30,30],"16":[15,111,0],"17":[27,25,26,27],"18":[430,445,428,440],"19":[63,64,64,76],"20":[60,60,60,72],"21":[120,120,120,144],"22":[0,252],"23":[231,0],"24":[231,231],"25":[12,219],"26":[0,231],"27":[231,231],"28":[0,0],"29":[0,0],"30":[0,0]},"_coverageSchema":"1a1c01bbd47fc00a2c39e90264f33305004495a9","hash":"f6c13070e04910598f10a848b7d501d4177b28ba"}
,"/home/runner/work/multiJSnake/multiJSnake/src/main/js/SnakeLogic/JsSnake.ts": {"path":"/home/runner/work/multiJSnake/multiJSnake/src/main/js/SnakeLogic/JsSnake.ts","statementMap":{"0":{"start":{"line":17,"column":8},"end":{"line":17,"column":23}},"1":{"start":{"line":18,"column":8},"end":{"line":18,"column":24}},"2":{"start":{"line":19,"column":8},"end":{"line":19,"column":25}},"3":{"start":{"line":20,"column":8},"end":{"line":20,"column":34}},"4":{"start":{"line":21,"column":8},"end":{"line":21,"column":26}},"5":{"start":{"line":22,"column":8},"end":{"line":22,"column":21}},"6":{"start":{"line":24,"column":8},"end":{"line":24,"column":32}}},"fnMap":{"0":{"name":"(anonymous_0)","decl":{"start":{"line":16,"column":4},"end":{"line":16,"column":5}},"loc":{"start":{"line":16,"column":34},"end":{"line":25,"column":5}},"line":16}},"branchMap":{},"s":{"0":252,"1":252,"2":252,"3":252,"4":252,"5":252,"6":252},"f":{"0":252},"b":{},"_coverageSchema":"1a1c01bbd47fc00a2c39e90264f33305004495a9","hash":"58d2712957c2969215aeeb0d34246fae0421444a"}
,"/home/runner/work/multiJSnake/multiJSnake/src/main/js/auth/AuthService.ts": {"path":"/home/runner/work/multiJSnake/multiJSnake/src/main/js/auth/AuthService.ts","statementMap":{"0":{"start":{"line":5,"column":16},"end":{"line":5,"column":28}},"1":{"start":{"line":7,"column":18},"end":{"line":7,"column":62}},"2":{"start":{"line":8,"column":25},"end":{"line":8,"column":76}},"3":{"start":{"line":9,"column":0},"end":{"line":16,"column":1}},"4":{"start":{"line":11,"column":23},"end":{"line":11,"column":40}},"5":{"start":{"line":13,"column":24},"end":{"line":13,"column":48}},"6":{"start":{"line":15,"column":4},"end":{"line":15,"column":58}},"7":{"start":{"line":20,"column":8},"end":{"line":32,"column":15}},"8":{"start":{"line":27,"column":16},"end":{"line":29,"column":17}},"9":{"start":{"line":28,"column":20},"end":{"line":28,"column":80}},"10":{"start":{"line":31,"column":16},"end":{"line":31,"column":32}},"11":{"start":{"line":36,"column":8},"end":{"line":36,"column":40}},"12":{"start":{"line":40,"column":8},"end":{"line":46,"column":56}},"13":{"start":{"line":46,"column":24},"end":{"line":46,"column":54}},"14":{"start":{"line":50,"column":26},"end":{"line":50,"column":54}},"15":{"start":{"line":51,"column":8},"end":{"line":51,"column":50}}},"fnMap":{"0":{"name":"(anonymous_0)","decl":{"start":{"line":19,"column":4},"end":{"line":19,"column":5}},"loc":{"start":{"line":19,"column":46},"end":{"line":33,"column":5}},"line":19},"1":{"name":"(anonymous_1)","decl":{"start":{"line":25,"column":18},"end":{"line":25,"column":19}},"loc":{"start":{"line":25,"column":30},"end":{"line":32,"column":13}},"line":25},"2":{"name":"(anonymous_2)","decl":{"start":{"line":35,"column":4},"end":{"line":35,"column":5}},"loc":{"start":{"line":35,"column":13},"end":{"line":37,"column":5}},"line":35},"3":{"name":"(anonymous_3)","decl":{"start":{"line":39,"column":4},"end":{"line":39,"column":5}},"loc":{"start":{"line":39,"column":64},"end":{"line":47,"column":5}},"line":39},"4":{"name":"(anonymous_4)","decl":{"start":{"line":46,"column":18},"end":{"line":46,"column":19}},"loc":{"start":{"line":46,"column":24},"end":{"line":46,"column":54}},"line":46},"5":{"name":"(anonymous_5)","decl":{"start":{"line":49,"column":4},"end":{"line":49,"column":5}},"loc":{"start":{"line":49,"column":21},"end":{"line":52,"column":5}},"line":49}},"branchMap":{"0":{"loc":{"start":{"line":9,"column":0},"end":{"line":16,"column":1}},"type":"if","locations":[{"start":{"line":9,"column":0},"end":{"line":16,"column":1}},{"start":{},"end":{}}],"line":9},"1":{"loc":{"start":{"line":9,"column":4},"end":{"line":9,"column":51}},"type":"binary-expr","locations":[{"start":{"line":9,"column":4},"end":{"line":9,"column":22}},{"start":{"line":9,"column":26},"end":{"line":9,"column":51}}],"line":9},"2":{"loc":{"start":{"line":27,"column":16},"end":{"line":29,"column":17}},"type":"if","locations":[{"start":{"line":27,"column":16},"end":{"line":29,"column":17}},{"start":{},"end":{}}],"line":27},"3":{"loc":{"start":{"line":51,"column":15},"end":{"line":51,"column":49}},"type":"binary-expr","locations":[{"start":{"line":51,"column":15},"end":{"line":51,"column":24}},{"start":{"line":51,"column":28},"end":{"line":51,"column":49}}],"line":51}},"s":{"0":15,"1":15,"2":15,"3":15,"4":15,"5":15,"6":15,"7":4,"8":3,"9":3,"10":3,"11":3,"12":4,"13":2,"14":36,"15":36},"f":{"0":4,"1":3,"2":3,"3":4,"4":2,"5":36},"b":{"0":[15,0],"1":[15,15],"2":[3,0],"3":[36,3]},"_coverageSchema":"1a1c01bbd47fc00a2c39e90264f33305004495a9","hash":"dd52b8d3feb60d0fb6cbdf94d48e95dc187c3079"}
,"/home/runner/work/multiJSnake/multiJSnake/src/main/js/auth/authHeader.ts": {"path":"/home/runner/work/multiJSnake/multiJSnake/src/main/js/auth/authHeader.ts","statementMap":{"0":{"start":{"line":6,"column":23},"end":{"line":6,"column":51}},"1":{"start":{"line":7,"column":17},"end":{"line":7,"column":53}},"2":{"start":{"line":9,"column":4},"end":{"line":13,"column":5}},"3":{"start":{"line":10,"column":8},"end":{"line":10,"column":63}},"4":{"start":{"line":12,"column":8},"end":{"line":12,"column":20}}},"fnMap":{"0":{"name":"authHeader","decl":{"start":{"line":5,"column":24},"end":{"line":5,"column":34}},"loc":{"start":{"line":5,"column":65},"end":{"line":14,"column":1}},"line":5}},"branchMap":{"0":{"loc":{"start":{"line":7,"column":17},"end":{"line":7,"column":53}},"type":"binary-expr","locations":[{"start":{"line":7,"column":17},"end":{"line":7,"column":27}},{"start":{"line":7,"column":31},"end":{"line":7,"column":53}}],"line":7},"1":{"loc":{"start":{"line":9,"column":4},"end":{"line":13,"column":5}},"type":"if","locations":[{"start":{"line":9,"column":4},"end":{"line":13,"column":5}},{"start":{"line":11,"column":11},"end":{"line":13,"column":5}}],"line":9},"2":{"loc":{"start":{"line":9,"column":8},"end":{"line":9,"column":32}},"type":"binary-expr","locations":[{"start":{"line":9,"column":8},"end":{"line":9,"column":12}},{"start":{"line":9,"column":16},"end":{"line":9,"column":32}}],"line":9}},"s":{"0":1,"1":1,"2":1,"3":1,"4":0},"f":{"0":1},"b":{"0":[1,1],"1":[1,0],"2":[1,1]},"_coverageSchema":"1a1c01bbd47fc00a2c39e90264f33305004495a9","hash":"79890a46a22a086f73bb8103789cf2e3473ee1de"}
,"/home/runner/work/multiJSnake/multiJSnake/src/main/js/visualization/canvas.tsx": {"path":"/home/runner/work/multiJSnake/multiJSnake/src/main/js/visualization/canvas.tsx","statementMap":{"0":{"start":{"line":18,"column":22},"end":{"line":18,"column":58}},"1":{"start":{"line":20,"column":44},"end":{"line":20,"column":49}},"2":{"start":{"line":22,"column":4},"end":{"line":30,"column":11}},"3":{"start":{"line":23,"column":23},"end":{"line":23,"column":40}},"4":{"start":{"line":25,"column":8},"end":{"line":27,"column":9}},"5":{"start":{"line":26,"column":12},"end":{"line":26,"column":47}},"6":{"start":{"line":29,"column":8},"end":{"line":29,"column":23}},"7":{"start":{"line":32,"column":4},"end":{"line":46,"column":7}},"8":{"start":{"line":33,"column":23},"end":{"line":33,"column":40}},"9":{"start":{"line":35,"column":8},"end":{"line":37,"column":9}},"10":{"start":{"line":36,"column":12},"end":{"line":36,"column":47}},"11":{"start":{"line":39,"column":24},"end":{"line":39,"column":47}},"12":{"start":{"line":41,"column":8},"end":{"line":43,"column":9}},"13":{"start":{"line":42,"column":12},"end":{"line":42,"column":72}},"14":{"start":{"line":45,"column":8},"end":{"line":45,"column":22}},"15":{"start":{"line":48,"column":4},"end":{"line":58,"column":5}},"16":{"start":{"line":55,"column":25},"end":{"line":55,"column":39}},"17":{"start":{"line":56,"column":26},"end":{"line":56,"column":39}}},"fnMap":{"0":{"name":"Canvas","decl":{"start":{"line":17,"column":24},"end":{"line":17,"column":30}},"loc":{"start":{"line":17,"column":45},"end":{"line":59,"column":1}},"line":17},"1":{"name":"(anonymous_1)","decl":{"start":{"line":22,"column":14},"end":{"line":22,"column":15}},"loc":{"start":{"line":22,"column":20},"end":{"line":30,"column":5}},"line":22},"2":{"name":"(anonymous_2)","decl":{"start":{"line":32,"column":14},"end":{"line":32,"column":15}},"loc":{"start":{"line":32,"column":20},"end":{"line":46,"column":5}},"line":32},"3":{"name":"(anonymous_3)","decl":{"start":{"line":55,"column":20},"end":{"line":55,"column":21}},"loc":{"start":{"line":55,"column":25},"end":{"line":55,"column":39}},"line":55},"4":{"name":"(anonymous_4)","decl":{"start":{"line":56,"column":21},"end":{"line":56,"column":22}},"loc":{"start":{"line":56,"column":26},"end":{"line":56,"column":39}},"line":56}},"branchMap":{"0":{"loc":{"start":{"line":25,"column":8},"end":{"line":27,"column":9}},"type":"if","locations":[{"start":{"line":25,"column":8},"end":{"line":27,"column":9}},{"start":{},"end":{}}],"line":25},"1":{"loc":{"start":{"line":35,"column":8},"end":{"line":37,"column":9}},"type":"if","locations":[{"start":{"line":35,"column":8},"end":{"line":37,"column":9}},{"start":{},"end":{}}],"line":35},"2":{"loc":{"start":{"line":41,"column":8},"end":{"line":43,"column":9}},"type":"if","locations":[{"start":{"line":41,"column":8},"end":{"line":43,"column":9}},{"start":{},"end":{}}],"line":41}},"s":{"0":244,"1":244,"2":244,"3":14,"4":14,"5":0,"6":14,"7":244,"8":243,"9":243,"10":0,"11":243,"12":243,"13":0,"14":243,"15":244,"16":12,"17":16},"f":{"0":244,"1":14,"2":243,"3":12,"4":16},"b":{"0":[0,14],"1":[0,243],"2":[0,243]},"_coverageSchema":"1a1c01bbd47fc00a2c39e90264f33305004495a9","hash":"18493c57a35973aadcb1b6476a1595d706dc1c2d"}
,"/home/runner/work/multiJSnake/multiJSnake/src/main/js/visualization/canvasDraw.ts": {"path":"/home/runner/work/multiJSnake/multiJSnake/src/main/js/visualization/canvasDraw.ts","statementMap":{"0":{"start":{"line":12,"column":65},"end":{"line":17,"column":1}},"1":{"start":{"line":20,"column":20},"end":{"line":20,"column":27}},"2":{"start":{"line":21,"column":22},"end":{"line":21,"column":25}},"3":{"start":{"line":23,"column":4},"end":{"line":27,"column":5}},"4":{"start":{"line":24,"column":8},"end":{"line":24,"column":49}},"5":{"start":{"line":26,"column":8},"end":{"line":26,"column":36}},"6":{"start":{"line":29,"column":4},"end":{"line":29,"column":26}},"7":{"start":{"line":30,"column":12},"end":{"line":30,"column":24}},"8":{"start":{"line":31,"column":12},"end":{"line":31,"column":24}},"9":{"start":{"line":32,"column":4},"end":{"line":34,"column":5}},"10":{"start":{"line":33,"column":8},"end":{"line":33,"column":75}},"11":{"start":{"line":35,"column":4},"end":{"line":37,"column":5}},"12":{"start":{"line":36,"column":8},"end":{"line":36,"column":66}},"13":{"start":{"line":38,"column":4},"end":{"line":40,"column":5}},"14":{"start":{"line":39,"column":8},"end":{"line":39,"column":75}},"15":{"start":{"line":41,"column":4},"end":{"line":43,"column":5}},"16":{"start":{"line":42,"column":8},"end":{"line":42,"column":67}},"17":{"start":{"line":45,"column":4},"end":{"line":45,"column":36}},"18":{"start":{"line":46,"column":4},"end":{"line":46,"column":28}},"19":{"start":{"line":47,"column":4},"end":{"line":47,"column":20}},"20":{"start":{"line":48,"column":4},"end":{"line":50,"column":5}},"21":{"start":{"line":49,"column":8},"end":{"line":49,"column":65}},"22":{"start":{"line":51,"column":4},"end":{"line":51,"column":53}},"23":{"start":{"line":52,"column":4},"end":{"line":52,"column":17}},"24":{"start":{"line":56,"column":4},"end":{"line":58,"column":5}},"25":{"start":{"line":57,"column":8},"end":{"line":57,"column":15}},"26":{"start":{"line":60,"column":49},"end":{"line":60,"column":56}},"27":{"start":{"line":61,"column":16},"end":{"line":61,"column":27}},"28":{"start":{"line":62,"column":17},"end":{"line":62,"column":29}},"29":{"start":{"line":64,"column":4},"end":{"line":64,"column":28}},"30":{"start":{"line":65,"column":4},"end":{"line":65,"column":50}},"31":{"start":{"line":67,"column":4},"end":{"line":72,"column":5}},"32":{"start":{"line":68,"column":8},"end":{"line":68,"column":34}},"33":{"start":{"line":69,"column":16},"end":{"line":69,"column":28}},"34":{"start":{"line":70,"column":16},"end":{"line":70,"column":28}},"35":{"start":{"line":71,"column":8},"end":{"line":71,"column":57}},"36":{"start":{"line":74,"column":4},"end":{"line":74,"column":81}},"37":{"start":{"line":74,"column":49},"end":{"line":74,"column":79}},"38":{"start":{"line":76,"column":4},"end":{"line":83,"column":5}},"39":{"start":{"line":77,"column":8},"end":{"line":77,"column":34}},"40":{"start":{"line":78,"column":8},"end":{"line":78,"column":33}},"41":{"start":{"line":79,"column":8},"end":{"line":79,"column":32}},"42":{"start":{"line":80,"column":8},"end":{"line":80,"column":75}},"43":{"start":{"line":81,"column":8},"end":{"line":81,"column":32}},"44":{"start":{"line":82,"column":8},"end":{"line":82,"column":106}},"45":{"start":{"line":85,"column":4},"end":{"line":92,"column":5}},"46":{"start":{"line":86,"column":8},"end":{"line":86,"column":34}},"47":{"start":{"line":87,"column":8},"end":{"line":87,"column":32}},"48":{"start":{"line":88,"column":8},"end":{"line":88,"column":33}},"49":{"start":{"line":89,"column":8},"end":{"line":89,"column":70}},"50":{"start":{"line":90,"column":8},"end":{"line":90,"column":32}},"51":{"start":{"line":91,"column":8},"end":{"line":91,"column":101}},"52":{"start":{"line":94,"column":4},"end":{"line":101,"column":5}},"53":{"start":{"line":95,"column":8},"end":{"line":95,"column":34}},"54":{"start":{"line":96,"column":8},"end":{"line":96,"column":32}},"55":{"start":{"line":97,"column":8},"end":{"line":97,"column":33}},"56":{"start":{"line":98,"column":8},"end":{"line":98,"column":77}},"57":{"start":{"line":99,"column":8},"end":{"line":99,"column":32}},"58":{"start":{"line":100,"column":8},"end":{"line":100,"column":102}}},"fnMap":{"0":{"name":"drawSnake","decl":{"start":{"line":19,"column":9},"end":{"line":19,"column":18}},"loc":{"start":{"line":19,"column":97},"end":{"line":53,"column":1}},"line":19},"1":{"name":"draw","decl":{"start":{"line":55,"column":16},"end":{"line":55,"column":20}},"loc":{"start":{"line":55,"column":103},"end":{"line":102,"column":1}},"line":55},"2":{"name":"(anonymous_2)","decl":{"start":{"line":74,"column":40},"end":{"line":74,"column":41}},"loc":{"start":{"line":74,"column":49},"end":{"line":74,"column":79}},"line":74}},"branchMap":{"0":{"loc":{"start":{"line":23,"column":4},"end":{"line":27,"column":5}},"type":"if","locations":[{"start":{"line":23,"column":4},"end":{"line":27,"column":5}},{"start":{"line":25,"column":11},"end":{"line":27,"column":5}}],"line":23},"1":{"loc":{"start":{"line":32,"column":4},"end":{"line":34,"column":5}},"type":"if","locations":[{"start":{"line":32,"column":4},"end":{"line":34,"column":5}},{"start":{},"end":{}}],"line":32},"2":{"loc":{"start":{"line":35,"column":4},"end":{"line":37,"column":5}},"type":"if","locations":[{"start":{"line":35,"column":4},"end":{"line":37,"column":5}},{"start":{},"end":{}}],"line":35},"3":{"loc":{"start":{"line":38,"column":4},"end":{"line":40,"column":5}},"type":"if","locations":[{"start":{"line":38,"column":4},"end":{"line":40,"column":5}},{"start":{},"end":{}}],"line":38},"4":{"loc":{"start":{"line":41,"column":4},"end":{"line":43,"column":5}},"type":"if","locations":[{"start":{"line":41,"column":4},"end":{"line":43,"column":5}},{"start":{},"end":{}}],"line":41},"5":{"loc":{"start":{"line":56,"column":4},"end":{"line":58,"column":5}},"type":"if","locations":[{"start":{"line":56,"column":4},"end":{"line":58,"column":5}},{"start":{},"end":{}}],"line":56},"6":{"loc":{"start":{"line":67,"column":4},"end":{"line":72,"column":5}},"type":"if","locations":[{"start":{"line":67,"column":4},"end":{"line":72,"column":5}},{"start":{},"end":{}}],"line":67},"7":{"loc":{"start":{"line":76,"column":4},"end":{"line":83,"column":5}},"type":"if","locations":[{"start":{"line":76,"column":4},"end":{"line":83,"column":5}},{"start":{},"end":{}}],"line":76},"8":{"loc":{"start":{"line":85,"column":4},"end":{"line":92,"column":5}},"type":"if","locations":[{"start":{"line":85,"column":4},"end":{"line":92,"column":5}},{"start":{},"end":{}}],"line":85},"9":{"loc":{"start":{"line":94,"column":4},"end":{"line":101,"column":5}},"type":"if","locations":[{"start":{"line":94,"column":4},"end":{"line":101,"column":5}},{"start":{},"end":{}}],"line":94}},"s":{"0":15,"1":490,"2":490,"3":490,"4":2,"5":488,"6":490,"7":490,"8":490,"9":490,"10":94,"11":490,"12":107,"13":490,"14":109,"15":490,"16":180,"17":490,"18":490,"19":490,"20":490,"21":2650,"22":490,"23":490,"24":477,"25":0,"26":477,"27":477,"28":477,"29":477,"30":477,"31":477,"32":477,"33":477,"34":477,"35":477,"36":477,"37":490,"38":477,"39":102,"40":102,"41":102,"42":102,"43":102,"44":102,"45":477,"46":155,"47":155,"48":155,"49":155,"50":155,"51":155,"52":477,"53":2,"54":2,"55":2,"56":2,"57":2,"58":2},"f":{"0":490,"1":477,"2":490},"b":{"0":[2,488],"1":[94,396],"2":[107,383],"3":[109,381],"4":[180,310],"5":[0,477],"6":[477,0],"7":[102,375],"8":[155,322],"9":[2,475]},"_coverageSchema":"1a1c01bbd47fc00a2c39e90264f33305004495a9","hash":"7f2f2b2e25728d49648aece325466ab8318a6830"}
,"/home/runner/work/multiJSnake/multiJSnake/src/main/js/visualization/color.ts": {"path":"/home/runner/work/multiJSnake/multiJSnake/src/main/js/visualization/color.ts","statementMap":{"0":{"start":{"line":4,"column":16},"end":{"line":4,"column":31}},"1":{"start":{"line":5,"column":14},"end":{"line":5,"column":23}},"2":{"start":{"line":6,"column":14},"end":{"line":6,"column":25}},"3":{"start":{"line":7,"column":14},"end":{"line":7,"column":27}},"4":{"start":{"line":8,"column":14},"end":{"line":8,"column":35}},"5":{"start":{"line":11,"column":4},"end":{"line":25,"column":5}},"6":{"start":{"line":12,"column":8},"end":{"line":12,"column":30}},"7":{"start":{"line":13,"column":11},"end":{"line":25,"column":5}},"8":{"start":{"line":14,"column":8},"end":{"line":14,"column":30}},"9":{"start":{"line":15,"column":11},"end":{"line":25,"column":5}},"10":{"start":{"line":16,"column":8},"end":{"line":16,"column":30}},"11":{"start":{"line":17,"column":11},"end":{"line":25,"column":5}},"12":{"start":{"line":18,"column":8},"end":{"line":18,"column":30}},"13":{"start":{"line":19,"column":11},"end":{"line":25,"column":5}},"14":{"start":{"line":20,"column":8},"end":{"line":20,"column":30}},"15":{"start":{"line":21,"column":11},"end":{"line":25,"column":5}},"16":{"start":{"line":22,"column":8},"end":{"line":22,"column":30}},"17":{"start":{"line":24,"column":8},"end":{"line":24,"column":28}},"18":{"start":{"line":28,"column":20},"end":{"line":28,"column":34}},"19":{"start":{"line":29,"column":8},"end":{"line":29,"column":50}},"20":{"start":{"line":33,"column":8},"end":{"line":33,"column":79}},"21":{"start":{"line":36,"column":4},"end":{"line":36,"column":77}},"22":{"start":{"line":40,"column":35},"end":{"line":40,"column":52}},"23":{"start":{"line":41,"column":16},"end":{"line":41,"column":19}},"24":{"start":{"line":43,"column":12},"end":{"line":43,"column":44}},"25":{"start":{"line":44,"column":4},"end":{"line":44,"column":23}},"26":{"start":{"line":46,"column":4},"end":{"line":46,"column":13}},"27":{"start":{"line":50,"column":14},"end":{"line":50,"column":29}},"28":{"start":{"line":51,"column":4},"end":{"line":51,"column":36}},"29":{"start":{"line":55,"column":14},"end":{"line":55,"column":29}},"30":{"start":{"line":56,"column":4},"end":{"line":56,"column":37}}},"fnMap":{"0":{"name":"hsv_to_rgb","decl":{"start":{"line":3,"column":9},"end":{"line":3,"column":19}},"loc":{"start":{"line":3,"column":53},"end":{"line":37,"column":1}},"line":3},"1":{"name":"componentToHex","decl":{"start":{"line":27,"column":13},"end":{"line":27,"column":27}},"loc":{"start":{"line":27,"column":39},"end":{"line":30,"column":5}},"line":27},"2":{"name":"rgbToHex","decl":{"start":{"line":32,"column":13},"end":{"line":32,"column":21}},"loc":{"start":{"line":32,"column":55},"end":{"line":34,"column":5}},"line":32},"3":{"name":"hue_from_idx","decl":{"start":{"line":39,"column":9},"end":{"line":39,"column":21}},"loc":{"start":{"line":39,"column":33},"end":{"line":47,"column":1}},"line":39},"4":{"name":"idx2color","decl":{"start":{"line":49,"column":16},"end":{"line":49,"column":25}},"loc":{"start":{"line":49,"column":38},"end":{"line":52,"column":1}},"line":49},"5":{"name":"desaturized_idx2color","decl":{"start":{"line":54,"column":16},"end":{"line":54,"column":37}},"loc":{"start":{"line":54,"column":49},"end":{"line":57,"column":1}},"line":54}},"branchMap":{"0":{"loc":{"start":{"line":11,"column":4},"end":{"line":25,"column":5}},"type":"if","locations":[{"start":{"line":11,"column":4},"end":{"line":25,"column":5}},{"start":{"line":13,"column":11},"end":{"line":25,"column":5}}],"line":11},"1":{"loc":{"start":{"line":13,"column":11},"end":{"line":25,"column":5}},"type":"if","locations":[{"start":{"line":13,"column":11},"end":{"line":25,"column":5}},{"start":{"line":15,"column":11},"end":{"line":25,"column":5}}],"line":13},"2":{"loc":{"start":{"line":15,"column":11},"end":{"line":25,"column":5}},"type":"if","locations":[{"start":{"line":15,"column":11},"end":{"line":25,"column":5}},{"start":{"line":17,"column":11},"end":{"line":25,"column":5}}],"line":15},"3":{"loc":{"start":{"line":17,"column":11},"end":{"line":25,"column":5}},"type":"if","locations":[{"start":{"line":17,"column":11},"end":{"line":25,"column":5}},{"start":{"line":19,"column":11},"end":{"line":25,"column":5}}],"line":17},"4":{"loc":{"start":{"line":19,"column":11},"end":{"line":25,"column":5}},"type":"if","locations":[{"start":{"line":19,"column":11},"end":{"line":25,"column":5}},{"start":{"line":21,"column":11},"end":{"line":25,"column":5}}],"line":19},"5":{"loc":{"start":{"line":21,"column":11},"end":{"line":25,"column":5}},"type":"if","locations":[{"start":{"line":21,"column":11},"end":{"line":25,"column":5}},{"start":{"line":23,"column":11},"end":{"line":25,"column":5}}],"line":21},"6":{"loc":{"start":{"line":29,"column":15},"end":{"line":29,"column":49}},"type":"cond-expr","locations":[{"start":{"line":29,"column":34},"end":{"line":29,"column":43}},{"start":{"line":29,"column":46},"end":{"line":29,"column":49}}],"line":29}},"s":{"0":863,"1":863,"2":863,"3":863,"4":863,"5":863,"6":7,"7":856,"8":834,"9":22,"10":0,"11":22,"12":9,"13":13,"14":0,"15":13,"16":13,"17":0,"18":2589,"19":2589,"20":863,"21":863,"22":863,"23":863,"24":863,"25":863,"26":863,"27":861,"28":861,"29":2,"30":2},"f":{"0":863,"1":2589,"2":863,"3":863,"4":861,"5":2},"b":{"0":[7,856],"1":[834,22],"2":[0,22],"3":[9,13],"4":[0,13],"5":[13,0],"6":[0,2589]},"_coverageSchema":"1a1c01bbd47fc00a2c39e90264f33305004495a9","hash":"ae487e30b01a62095085d78d6f84e613f6a9219a"}
,"/home/runner/work/multiJSnake/multiJSnake/src/main/js/websockets/BufferedStompClient.ts": {"path":"/home/runner/work/multiJSnake/multiJSnake/src/main/js/websockets/BufferedStompClient.ts","statementMap":{"0":{"start":{"line":9,"column":8},"end":{"line":9,"column":22}},"1":{"start":{"line":11,"column":8},"end":{"line":11,"column":24}},"2":{"start":{"line":15,"column":8},"end":{"line":19,"column":9}},"3":{"start":{"line":16,"column":12},"end":{"line":16,"column":34}},"4":{"start":{"line":18,"column":12},"end":{"line":18,"column":30}},"5":{"start":{"line":23,"column":8},"end":{"line":25,"column":9}},"6":{"start":{"line":24,"column":12},"end":{"line":24,"column":30}}},"fnMap":{"0":{"name":"(anonymous_0)","decl":{"start":{"line":8,"column":4},"end":{"line":8,"column":5}},"loc":{"start":{"line":8,"column":37},"end":{"line":12,"column":5}},"line":8},"1":{"name":"(anonymous_1)","decl":{"start":{"line":14,"column":4},"end":{"line":14,"column":5}},"loc":{"start":{"line":14,"column":41},"end":{"line":20,"column":5}},"line":14},"2":{"name":"(anonymous_2)","decl":{"start":{"line":22,"column":4},"end":{"line":22,"column":5}},"loc":{"start":{"line":22,"column":17},"end":{"line":26,"column":5}},"line":22}},"branchMap":{"0":{"loc":{"start":{"line":15,"column":8},"end":{"line":19,"column":9}},"type":"if","locations":[{"start":{"line":15,"column":8},"end":{"line":19,"column":9}},{"start":{"line":17,"column":15},"end":{"line":19,"column":9}}],"line":15}},"s":{"0":15,"1":15,"2":67,"3":15,"4":52,"5":15,"6":15},"f":{"0":15,"1":67,"2":15},"b":{"0":[15,52]},"_coverageSchema":"1a1c01bbd47fc00a2c39e90264f33305004495a9","hash":"4e93b1d619a956c526974cc43564f3e33c18d811"}
,"/home/runner/work/multiJSnake/multiJSnake/src/main/js/websockets/websocket-listener.ts": {"path":"/home/runner/work/multiJSnake/multiJSnake/src/main/js/websockets/websocket-listener.ts","statementMap":{"0":{"start":{"line":13,"column":29},"end":{"line":44,"column":1}},"1":{"start":{"line":15,"column":4},"end":{"line":19,"column":5}},"2":{"start":{"line":16,"column":8},"end":{"line":16,"column":34}},"3":{"start":{"line":18,"column":8},"end":{"line":18,"column":33}},"4":{"start":{"line":21,"column":19},"end":{"line":27,"column":6}},"5":{"start":{"line":24,"column":12},"end":{"line":24,"column":29}},"6":{"start":{"line":29,"column":4},"end":{"line":34,"column":6}},"7":{"start":{"line":30,"column":8},"end":{"line":32,"column":10}},"8":{"start":{"line":31,"column":12},"end":{"line":31,"column":71}},"9":{"start":{"line":33,"column":8},"end":{"line":33,"column":28}},"10":{"start":{"line":36,"column":4},"end":{"line":39,"column":6}},"11":{"start":{"line":37,"column":8},"end":{"line":37,"column":74}},"12":{"start":{"line":38,"column":8},"end":{"line":38,"column":57}},"13":{"start":{"line":41,"column":4},"end":{"line":41,"column":22}},"14":{"start":{"line":43,"column":4},"end":{"line":43,"column":18}}},"fnMap":{"0":{"name":"(anonymous_0)","decl":{"start":{"line":13,"column":29},"end":{"line":13,"column":30}},"loc":{"start":{"line":13,"column":64},"end":{"line":44,"column":1}},"line":13},"1":{"name":"(anonymous_1)","decl":{"start":{"line":23,"column":15},"end":{"line":23,"column":16}},"loc":{"start":{"line":23,"column":38},"end":{"line":25,"column":9}},"line":23},"2":{"name":"(anonymous_2)","decl":{"start":{"line":29,"column":23},"end":{"line":29,"column":24}},"loc":{"start":{"line":29,"column":33},"end":{"line":34,"column":5}},"line":29},"3":{"name":"(anonymous_3)","decl":{"start":{"line":30,"column":26},"end":{"line":30,"column":27}},"loc":{"start":{"line":31,"column":12},"end":{"line":31,"column":71}},"line":31},"4":{"name":"(anonymous_4)","decl":{"start":{"line":36,"column":26},"end":{"line":36,"column":27}},"loc":{"start":{"line":36,"column":35},"end":{"line":39,"column":5}},"line":36}},"branchMap":{"0":{"loc":{"start":{"line":15,"column":4},"end":{"line":19,"column":5}},"type":"if","locations":[{"start":{"line":15,"column":4},"end":{"line":19,"column":5}},{"start":{"line":17,"column":11},"end":{"line":19,"column":5}}],"line":15}},"s":{"0":15,"1":15,"2":0,"3":15,"4":15,"5":451,"6":15,"7":15,"8":60,"9":15,"10":15,"11":0,"12":0,"13":15,"14":15},"f":{"0":15,"1":451,"2":15,"3":60,"4":0},"b":{"0":[0,15]},"_coverageSchema":"1a1c01bbd47fc00a2c39e90264f33305004495a9","hash":"5d2f1589b3791bf960f5cdd9eaa7d743820ae094"}
,"/home/runner/work/multiJSnake/multiJSnake/src/main/js/widgets/AddAutopilot.tsx": {"path":"/home/runner/work/multiJSnake/multiJSnake/src/main/js/widgets/AddAutopilot.tsx","statementMap":{"0":{"start":{"line":17,"column":30},"end":{"line":17,"column":66}},"1":{"start":{"line":19,"column":4},"end":{"line":49,"column":6}},"2":{"start":{"line":27,"column":57},"end":{"line":27,"column":79}},"3":{"start":{"line":28,"column":41},"end":{"line":28,"column":86}},"4":{"start":{"line":30,"column":20},"end":{"line":30,"column":51}},"5":{"start":{"line":31,"column":20},"end":{"line":31,"column":74}},"6":{"start":{"line":38,"column":30},"end":{"line":38,"column":60}}},"fnMap":{"0":{"name":"AddAutopilot","decl":{"start":{"line":16,"column":9},"end":{"line":16,"column":21}},"loc":{"start":{"line":16,"column":36},"end":{"line":50,"column":1}},"line":16},"1":{"name":"(anonymous_1)","decl":{"start":{"line":27,"column":38},"end":{"line":27,"column":39}},"loc":{"start":{"line":27,"column":57},"end":{"line":27,"column":79}},"line":27},"2":{"name":"(anonymous_2)","decl":{"start":{"line":28,"column":29},"end":{"line":28,"column":30}},"loc":{"start":{"line":28,"column":41},"end":{"line":28,"column":86}},"line":28},"3":{"name":"(anonymous_3)","decl":{"start":{"line":29,"column":26},"end":{"line":29,"column":27}},"loc":{"start":{"line":29,"column":43},"end":{"line":32,"column":17}},"line":29},"4":{"name":"(anonymous_4)","decl":{"start":{"line":38,"column":25},"end":{"line":38,"column":26}},"loc":{"start":{"line":38,"column":30},"end":{"line":38,"column":60}},"line":38}},"branchMap":{"0":{"loc":{"start":{"line":17,"column":39},"end":{"line":17,"column":65}},"type":"binary-expr","locations":[{"start":{"line":17,"column":39},"end":{"line":17,"column":57}},{"start":{"line":17,"column":61},"end":{"line":17,"column":65}}],"line":17},"1":{"loc":{"start":{"line":25,"column":29},"end":{"line":25,"column":47}},"type":"binary-expr","locations":[{"start":{"line":25,"column":29},"end":{"line":25,"column":40}},{"start":{"line":25,"column":44},"end":{"line":25,"column":47}}],"line":25},"2":{"loc":{"start":{"line":30,"column":20},"end":{"line":30,"column":50}},"type":"binary-expr","locations":[{"start":{"line":30,"column":20},"end":{"line":30,"column":28}},{"start":{"line":30,"column":32},"end":{"line":30,"column":50}}],"line":30},"3":{"loc":{"start":{"line":31,"column":20},"end":{"line":31,"column":74}},"type":"binary-expr","locations":[{"start":{"line":31,"column":20},"end":{"line":31,"column":34}},{"start":{"line":31,"column":38},"end":{"line":31,"column":46}},{"start":{"line":31,"column":50},"end":{"line":31,"column":74}}],"line":31},"4":{"loc":{"start":{"line":34,"column":13},"end":{"line":43,"column":21}},"type":"binary-expr","locations":[{"start":{"line":34,"column":13},"end":{"line":34,"column":29}},{"start":{"line":35,"column":12},"end":{"line":43,"column":21}}],"line":34},"5":{"loc":{"start":{"line":38,"column":30},"end":{"line":38,"column":60}},"type":"binary-expr","locations":[{"start":{"line":38,"column":30},"end":{"line":38,"column":35}},{"start":{"line":38,"column":39},"end":{"line":38,"column":60}}],"line":38},"6":{"loc":{"start":{"line":41,"column":17},"end":{"line":41,"column":52}},"type":"binary-expr","locations":[{"start":{"line":41,"column":17},"end":{"line":41,"column":33}},{"start":{"line":41,"column":37},"end":{"line":41,"column":52}}],"line":41},"7":{"loc":{"start":{"line":45,"column":30},"end":{"line":45,"column":48}},"type":"binary-expr","locations":[{"start":{"line":45,"column":30},"end":{"line":45,"column":41}},{"start":{"line":45,"column":45},"end":{"line":45,"column":48}}],"line":45},"8":{"loc":{"start":{"line":46,"column":17},"end":{"line":46,"column":43}},"type":"binary-expr","locations":[{"start":{"line":46,"column":17},"end":{"line":46,"column":22}},{"start":{"line":46,"column":26},"end":{"line":46,"column":43}}],"line":46}},"s":{"0":255,"1":255,"2":264,"3":285,"4":6,"5":6,"6":4},"f":{"0":255,"1":264,"2":285,"3":6,"4":4},"b":{"0":[255,248],"1":[255,248],"2":[6,6],"3":[6,2,2],"4":[255,248],"5":[4,4],"6":[248,248],"7":[255,248],"8":[255,18]},"_coverageSchema":"1a1c01bbd47fc00a2c39e90264f33305004495a9","hash":"95ccfc16e72044dc918bae8d69a6d15f4eab1817"}
,"/home/runner/work/multiJSnake/multiJSnake/src/main/js/widgets/Ai.tsx": {"path":"/home/runner/work/multiJSnake/multiJSnake/src/main/js/widgets/Ai.tsx","statementMap":{"0":{"start":{"line":12,"column":42},"end":{"line":12,"column":74}},"1":{"start":{"line":32,"column":27},"end":{"line":32,"column":52}},"2":{"start":{"line":34,"column":36},"end":{"line":34,"column":100}},"3":{"start":{"line":34,"column":77},"end":{"line":34,"column":99}},"4":{"start":{"line":36,"column":20},"end":{"line":36,"column":47}},"5":{"start":{"line":39,"column":22},"end":{"line":39,"column":83}},"6":{"start":{"line":39,"column":66},"end":{"line":39,"column":81}},"7":{"start":{"line":40,"column":30},"end":{"line":43,"column":6}},"8":{"start":{"line":44,"column":22},"end":{"line":44,"column":58}},"9":{"start":{"line":46,"column":4},"end":{"line":59,"column":6}},"10":{"start":{"line":48,"column":8},"end":{"line":50,"column":9}},"11":{"start":{"line":49,"column":12},"end":{"line":49,"column":18}},"12":{"start":{"line":52,"column":24},"end":{"line":52,"column":60}},"13":{"start":{"line":52,"column":49},"end":{"line":52,"column":55}},"14":{"start":{"line":54,"column":8},"end":{"line":54,"column":41}},"15":{"start":{"line":56,"column":8},"end":{"line":58,"column":10}},"16":{"start":{"line":57,"column":12},"end":{"line":57,"column":42}},"17":{"start":{"line":61,"column":4},"end":{"line":67,"column":23}},"18":{"start":{"line":62,"column":8},"end":{"line":66,"column":12}},"19":{"start":{"line":62,"column":63},"end":{"line":66,"column":10}},"20":{"start":{"line":64,"column":12},"end":{"line":64,"column":80}},"21":{"start":{"line":64,"column":67},"end":{"line":64,"column":78}},"22":{"start":{"line":65,"column":12},"end":{"line":65,"column":54}},"23":{"start":{"line":75,"column":8},"end":{"line":77,"column":9}},"24":{"start":{"line":76,"column":12},"end":{"line":76,"column":18}},"25":{"start":{"line":79,"column":8},"end":{"line":79,"column":29}},"26":{"start":{"line":80,"column":8},"end":{"line":92,"column":9}},"27":{"start":{"line":81,"column":26},"end":{"line":81,"column":57}},"28":{"start":{"line":82,"column":24},"end":{"line":82,"column":50}},"29":{"start":{"line":84,"column":27},"end":{"line":84,"column":58}},"30":{"start":{"line":85,"column":12},"end":{"line":85,"column":45}},"31":{"start":{"line":87,"column":26},"end":{"line":87,"column":56}},"32":{"start":{"line":88,"column":24},"end":{"line":88,"column":50}},"33":{"start":{"line":90,"column":27},"end":{"line":90,"column":58}},"34":{"start":{"line":91,"column":12},"end":{"line":91,"column":45}},"35":{"start":{"line":93,"column":8},"end":{"line":93,"column":28}},"36":{"start":{"line":95,"column":8},"end":{"line":95,"column":22}},"37":{"start":{"line":96,"column":8},"end":{"line":96,"column":41}},"38":{"start":{"line":100,"column":23},"end":{"line":100,"column":40}},"39":{"start":{"line":101,"column":8},"end":{"line":103,"column":9}},"40":{"start":{"line":102,"column":12},"end":{"line":102,"column":47}},"41":{"start":{"line":104,"column":24},"end":{"line":104,"column":47}},"42":{"start":{"line":105,"column":8},"end":{"line":107,"column":9}},"43":{"start":{"line":106,"column":12},"end":{"line":106,"column":72}},"44":{"start":{"line":108,"column":8},"end":{"line":108,"column":23}},"45":{"start":{"line":112,"column":8},"end":{"line":112,"column":26}},"46":{"start":{"line":115,"column":4},"end":{"line":141,"column":5}},"47":{"start":{"line":129,"column":45},"end":{"line":129,"column":87}},"48":{"start":{"line":130,"column":45},"end":{"line":130,"column":87}}},"fnMap":{"0":{"name":"Ai","decl":{"start":{"line":30,"column":24},"end":{"line":30,"column":26}},"loc":{"start":{"line":30,"column":29},"end":{"line":142,"column":1}},"line":30},"1":{"name":"(anonymous_1)","decl":{"start":{"line":34,"column":58},"end":{"line":34,"column":59}},"loc":{"start":{"line":34,"column":77},"end":{"line":34,"column":99}},"line":34},"2":{"name":"(anonymous_2)","decl":{"start":{"line":39,"column":55},"end":{"line":39,"column":56}},"loc":{"start":{"line":39,"column":66},"end":{"line":39,"column":81}},"line":39},"3":{"name":"(anonymous_3)","decl":{"start":{"line":46,"column":14},"end":{"line":46,"column":15}},"loc":{"start":{"line":46,"column":20},"end":{"line":59,"column":5}},"line":46},"4":{"name":"(anonymous_4)","decl":{"start":{"line":52,"column":43},"end":{"line":52,"column":44}},"loc":{"start":{"line":52,"column":49},"end":{"line":52,"column":55}},"line":52},"5":{"name":"(anonymous_5)","decl":{"start":{"line":56,"column":15},"end":{"line":56,"column":16}},"loc":{"start":{"line":56,"column":21},"end":{"line":58,"column":9}},"line":56},"6":{"name":"(anonymous_6)","decl":{"start":{"line":61,"column":14},"end":{"line":61,"column":15}},"loc":{"start":{"line":61,"column":20},"end":{"line":67,"column":5}},"line":61},"7":{"name":"(anonymous_7)","decl":{"start":{"line":62,"column":58},"end":{"line":62,"column":59}},"loc":{"start":{"line":62,"column":63},"end":{"line":66,"column":10}},"line":62},"8":{"name":"(anonymous_8)","decl":{"start":{"line":62,"column":72},"end":{"line":62,"column":73}},"loc":{"start":{"line":62,"column":85},"end":{"line":66,"column":9}},"line":62},"9":{"name":"(anonymous_9)","decl":{"start":{"line":64,"column":62},"end":{"line":64,"column":63}},"loc":{"start":{"line":64,"column":67},"end":{"line":64,"column":78}},"line":64},"10":{"name":"step","decl":{"start":{"line":74,"column":13},"end":{"line":74,"column":17}},"loc":{"start":{"line":74,"column":20},"end":{"line":97,"column":5}},"line":74},"11":{"name":"getContext","decl":{"start":{"line":99,"column":13},"end":{"line":99,"column":23}},"loc":{"start":{"line":99,"column":52},"end":{"line":109,"column":5}},"line":99},"12":{"name":"gameOver","decl":{"start":{"line":111,"column":13},"end":{"line":111,"column":21}},"loc":{"start":{"line":111,"column":37},"end":{"line":113,"column":5}},"line":111},"13":{"name":"(anonymous_13)","decl":{"start":{"line":129,"column":38},"end":{"line":129,"column":39}},"loc":{"start":{"line":129,"column":45},"end":{"line":129,"column":87}},"line":129},"14":{"name":"(anonymous_14)","decl":{"start":{"line":130,"column":38},"end":{"line":130,"column":39}},"loc":{"start":{"line":130,"column":45},"end":{"line":130,"column":87}},"line":130}},"branchMap":{"0":{"loc":{"start":{"line":48,"column":8},"end":{"line":50,"column":9}},"type":"if","locations":[{"start":{"line":48,"column":8},"end":{"line":50,"column":9}},{"start":{},"end":{}}],"line":48},"1":{"loc":{"start":{"line":64,"column":12},"end":{"line":64,"column":79}},"type":"binary-expr","locations":[{"start":{"line":64,"column":12},"end":{"line":64,"column":27}},{"start":{"line":64,"column":31},"end":{"line":64,"column":79}}],"line":64},"2":{"loc":{"start":{"line":75,"column":8},"end":{"line":77,"column":9}},"type":"if","locations":[{"start":{"line":75,"column":8},"end":{"line":77,"column":9}},{"start":{},"end":{}}],"line":75},"3":{"loc":{"start":{"line":80,"column":8},"end":{"line":92,"column":9}},"type":"if","locations":[{"start":{"line":80,"column":8},"end":{"line":92,"column":9}},{"start":{"line":86,"column":15},"end":{"line":92,"column":9}}],"line":80},"4":{"loc":{"start":{"line":101,"column":8},"end":{"line":103,"column":9}},"type":"if","locations":[{"start":{"line":101,"column":8},"end":{"line":103,"column":9}},{"start":{},"end":{}}],"line":101},"5":{"loc":{"start":{"line":105,"column":8},"end":{"line":107,"column":9}},"type":"if","locations":[{"start":{"line":105,"column":8},"end":{"line":107,"column":9}},{"start":{},"end":{}}],"line":105}},"s":{"0":15,"1":7,"2":7,"3":84,"4":7,"5":7,"6":0,"7":7,"8":7,"9":7,"10":7,"11":4,"12":3,"13":231,"14":3,"15":3,"16":2,"17":7,"18":3,"19":3,"20":3,"21":0,"22":3,"23":231,"24":0,"25":231,"26":231,"27":105,"28":105,"29":105,"30":105,"31":126,"32":126,"33":126,"34":126,"35":231,"36":231,"37":231,"38":234,"39":234,"40":0,"41":234,"42":234,"43":0,"44":234,"45":0,"46":7,"47":0,"48":2},"f":{"0":7,"1":84,"2":0,"3":7,"4":231,"5":2,"6":3,"7":3,"8":3,"9":0,"10":231,"11":234,"12":0,"13":0,"14":2},"b":{"0":[4,3],"1":[3,0],"2":[0,231],"3":[105,126],"4":[0,234],"5":[0,234]},"_coverageSchema":"1a1c01bbd47fc00a2c39e90264f33305004495a9","hash":"11ebe2d1333e75b22ae880e5f156add0667d9207"}
,"/home/runner/work/multiJSnake/multiJSnake/src/main/js/widgets/ColorViewer.tsx": {"path":"/home/runner/work/multiJSnake/multiJSnake/src/main/js/widgets/ColorViewer.tsx","statementMap":{"0":{"start":{"line":9,"column":4},"end":{"line":15,"column":6}}},"fnMap":{"0":{"name":"ColorViewer","decl":{"start":{"line":8,"column":24},"end":{"line":8,"column":35}},"loc":{"start":{"line":8,"column":50},"end":{"line":16,"column":1}},"line":8}},"branchMap":{},"s":{"0":398},"f":{"0":398},"b":{},"_coverageSchema":"1a1c01bbd47fc00a2c39e90264f33305004495a9","hash":"f0d382a5cbf3437f5f7bd085942958c0e54682ee"}
,"/home/runner/work/multiJSnake/multiJSnake/src/main/js/widgets/FieldSizeSelector.tsx": {"path":"/home/runner/work/multiJSnake/multiJSnake/src/main/js/widgets/FieldSizeSelector.tsx","statementMap":{"0":{"start":{"line":13,"column":30},"end":{"line":13,"column":55}},"1":{"start":{"line":14,"column":32},"end":{"line":14,"column":58}},"2":{"start":{"line":16,"column":4},"end":{"line":41,"column":6}},"3":{"start":{"line":23,"column":31},"end":{"line":23,"column":65}},"4":{"start":{"line":30,"column":31},"end":{"line":30,"column":66}},"5":{"start":{"line":34,"column":30},"end":{"line":34,"column":59}}},"fnMap":{"0":{"name":"FieldSizeSelector","decl":{"start":{"line":12,"column":24},"end":{"line":12,"column":41}},"loc":{"start":{"line":12,"column":56},"end":{"line":42,"column":1}},"line":12},"1":{"name":"(anonymous_1)","decl":{"start":{"line":23,"column":26},"end":{"line":23,"column":27}},"loc":{"start":{"line":23,"column":31},"end":{"line":23,"column":65}},"line":23},"2":{"name":"(anonymous_2)","decl":{"start":{"line":30,"column":26},"end":{"line":30,"column":27}},"loc":{"start":{"line":30,"column":31},"end":{"line":30,"column":66}},"line":30},"3":{"name":"(anonymous_3)","decl":{"start":{"line":34,"column":25},"end":{"line":34,"column":26}},"loc":{"start":{"line":34,"column":30},"end":{"line":34,"column":59}},"line":34}},"branchMap":{},"s":{"0":253,"1":252,"2":252,"3":4,"4":4,"5":1},"f":{"0":253,"1":4,"2":4,"3":1},"b":{},"_coverageSchema":"1a1c01bbd47fc00a2c39e90264f33305004495a9","hash":"285c2f91d3b2e6730b77ce6998c7fe9b809582da"}
,"/home/runner/work/multiJSnake/multiJSnake/src/main/js/widgets/GameView.tsx": {"path":"/home/runner/work/multiJSnake/multiJSnake/src/main/js/widgets/GameView.tsx","statementMap":{"0":{"start":{"line":35,"column":28},"end":{"line":35,"column":71}},"1":{"start":{"line":36,"column":19},"end":{"line":36,"column":64}},"2":{"start":{"line":37,"column":31},"end":{"line":37,"column":43}},"3":{"start":{"line":39,"column":26},"end":{"line":39,"column":31}},"4":{"start":{"line":41,"column":4},"end":{"line":46,"column":5}},"5":{"start":{"line":44,"column":29},"end":{"line":44,"column":110}},"6":{"start":{"line":45,"column":8},"end":{"line":45,"column":73}},"7":{"start":{"line":48,"column":34},"end":{"line":48,"column":71}},"8":{"start":{"line":49,"column":28},"end":{"line":49,"column":74}},"9":{"start":{"line":50,"column":40},"end":{"line":50,"column":61}},"10":{"start":{"line":51,"column":52},"end":{"line":51,"column":73}},"11":{"start":{"line":52,"column":26},"end":{"line":52,"column":38}},"12":{"start":{"line":53,"column":40},"end":{"line":53,"column":52}},"13":{"start":{"line":54,"column":36},"end":{"line":54,"column":48}},"14":{"start":{"line":55,"column":38},"end":{"line":55,"column":50}},"15":{"start":{"line":57,"column":38},"end":{"line":57,"column":68}},"16":{"start":{"line":58,"column":42},"end":{"line":58,"column":92}},"17":{"start":{"line":59,"column":36},"end":{"line":59,"column":73}},"18":{"start":{"line":61,"column":38},"end":{"line":61,"column":91}},"19":{"start":{"line":63,"column":4},"end":{"line":70,"column":11}},"20":{"start":{"line":64,"column":8},"end":{"line":64,"column":38}},"21":{"start":{"line":66,"column":8},"end":{"line":69,"column":15}},"22":{"start":{"line":68,"column":16},"end":{"line":68,"column":44}},"23":{"start":{"line":72,"column":4},"end":{"line":76,"column":22}},"24":{"start":{"line":73,"column":8},"end":{"line":75,"column":9}},"25":{"start":{"line":74,"column":12},"end":{"line":74,"column":48}},"26":{"start":{"line":78,"column":4},"end":{"line":89,"column":44}},"27":{"start":{"line":79,"column":8},"end":{"line":81,"column":9}},"28":{"start":{"line":80,"column":12},"end":{"line":80,"column":19}},"29":{"start":{"line":83,"column":8},"end":{"line":86,"column":11}},"30":{"start":{"line":88,"column":8},"end":{"line":88,"column":55}},"31":{"start":{"line":91,"column":4},"end":{"line":119,"column":19}},"32":{"start":{"line":92,"column":8},"end":{"line":94,"column":9}},"33":{"start":{"line":93,"column":12},"end":{"line":93,"column":19}},"34":{"start":{"line":96,"column":19},"end":{"line":101,"column":10}},"35":{"start":{"line":103,"column":21},"end":{"line":105,"column":41}},"36":{"start":{"line":107,"column":8},"end":{"line":110,"column":11}},"37":{"start":{"line":112,"column":8},"end":{"line":112,"column":27}},"38":{"start":{"line":114,"column":8},"end":{"line":118,"column":11}},"39":{"start":{"line":115,"column":12},"end":{"line":115,"column":28}},"40":{"start":{"line":116,"column":12},"end":{"line":116,"column":38}},"41":{"start":{"line":117,"column":12},"end":{"line":117,"column":35}},"42":{"start":{"line":122,"column":8},"end":{"line":122,"column":23}},"43":{"start":{"line":123,"column":8},"end":{"line":123,"column":28}},"44":{"start":{"line":130,"column":8},"end":{"line":134,"column":9}},"45":{"start":{"line":131,"column":12},"end":{"line":131,"column":38}},"46":{"start":{"line":133,"column":12},"end":{"line":133,"column":21}},"47":{"start":{"line":138,"column":17},"end":{"line":138,"column":26}},"48":{"start":{"line":139,"column":8},"end":{"line":144,"column":11}},"49":{"start":{"line":148,"column":8},"end":{"line":151,"column":11}},"50":{"start":{"line":155,"column":39},"end":{"line":155,"column":63}},"51":{"start":{"line":157,"column":8},"end":{"line":157,"column":31}},"52":{"start":{"line":158,"column":8},"end":{"line":158,"column":41}},"53":{"start":{"line":159,"column":8},"end":{"line":159,"column":33}},"54":{"start":{"line":160,"column":8},"end":{"line":160,"column":23}},"55":{"start":{"line":161,"column":8},"end":{"line":161,"column":29}},"56":{"start":{"line":163,"column":20},"end":{"line":163,"column":56}},"57":{"start":{"line":164,"column":8},"end":{"line":164,"column":25}},"58":{"start":{"line":165,"column":8},"end":{"line":165,"column":31}},"59":{"start":{"line":169,"column":19},"end":{"line":169,"column":53}},"60":{"start":{"line":170,"column":8},"end":{"line":174,"column":9}},"61":{"start":{"line":171,"column":12},"end":{"line":171,"column":32}},"62":{"start":{"line":173,"column":12},"end":{"line":173,"column":43}},"63":{"start":{"line":178,"column":8},"end":{"line":181,"column":9}},"64":{"start":{"line":179,"column":12},"end":{"line":179,"column":70}},"65":{"start":{"line":180,"column":12},"end":{"line":180,"column":18}},"66":{"start":{"line":183,"column":8},"end":{"line":186,"column":11}},"67":{"start":{"line":190,"col
[...]
,"/home/runner/work/multiJSnake/multiJSnake/src/main/js/widgets/PlayerName.tsx": {"path":"/home/runner/work/multiJSnake/multiJSnake/src/main/js/widgets/PlayerName.tsx","statementMap":{"0":{"start":{"line":17,"column":36},"end":{"line":17,"column":51}},"1":{"start":{"line":18,"column":36},"end":{"line":18,"column":56}},"2":{"start":{"line":19,"column":28},"end":{"line":19,"column":48}},"3":{"start":{"line":22,"column":8},"end":{"line":22,"column":31}},"4":{"start":{"line":23,"column":8},"end":{"line":23,"column":32}},"5":{"start":{"line":27,"column":8},"end":{"line":27,"column":26}},"6":{"start":{"line":28,"column":8},"end":{"line":28,"column":27}},"7":{"start":{"line":32,"column":8},"end":{"line":32,"column":29}},"8":{"start":{"line":33,"column":8},"end":{"line":33,"column":27}},"9":{"start":{"line":36,"column":4},"end":{"line":82,"column":6}},"10":{"start":{"line":47,"column":43},"end":{"line":47,"column":66}}},"fnMap":{"0":{"name":"PlayerName","decl":{"start":{"line":15,"column":24},"end":{"line":15,"column":34}},"loc":{"start":{"line":15,"column":49},"end":{"line":83,"column":1}},"line":15},"1":{"name":"onToggleEditMode","decl":{"start":{"line":21,"column":13},"end":{"line":21,"column":29}},"loc":{"start":{"line":21,"column":32},"end":{"line":24,"column":5}},"line":21},"2":{"name":"onRevert","decl":{"start":{"line":26,"column":13},"end":{"line":26,"column":21}},"loc":{"start":{"line":26,"column":24},"end":{"line":29,"column":5}},"line":26},"3":{"name":"onAccept","decl":{"start":{"line":31,"column":13},"end":{"line":31,"column":21}},"loc":{"start":{"line":31,"column":24},"end":{"line":34,"column":5}},"line":31},"4":{"name":"(anonymous_4)","decl":{"start":{"line":47,"column":38},"end":{"line":47,"column":39}},"loc":{"start":{"line":47,"column":43},"end":{"line":47,"column":66}},"line":47}},"branchMap":{"0":{"loc":{"start":{"line":42,"column":21},"end":{"line":51,"column":21}},"type":"cond-expr","locations":[{"start":{"line":43,"column":24},"end":{"line":48,"column":26}},{"start":{"line":50,"column":24},"end":{"line":50,"column":34}}],"line":42},"1":{"loc":{"start":{"line":54,"column":17},"end":{"line":61,"column":29}},"type":"binary-expr","locations":[{"start":{"line":54,"column":17},"end":{"line":54,"column":32}},{"start":{"line":54,"column":36},"end":{"line":54,"column":44}},{"start":{"line":55,"column":16},"end":{"line":61,"column":29}}],"line":54},"2":{"loc":{"start":{"line":63,"column":17},"end":{"line":70,"column":29}},"type":"binary-expr","locations":[{"start":{"line":63,"column":17},"end":{"line":63,"column":32}},{"start":{"line":63,"column":36},"end":{"line":63,"column":44}},{"start":{"line":64,"column":16},"end":{"line":70,"column":29}}],"line":63},"3":{"loc":{"start":{"line":72,"column":17},"end":{"line":78,"column":29}},"type":"binary-expr","locations":[{"start":{"line":72,"column":17},"end":{"line":72,"column":32}},{"start":{"line":72,"column":36},"end":{"line":72,"column":45}},{"start":{"line":73,"column":16},"end":{"line":78,"column":29}}],"line":72}},"s":{"0":138,"1":138,"2":138,"3":4,"4":4,"5":1,"6":1,"7":1,"8":1,"9":138,"10":22},"f":{"0":138,"1":4,"2":1,"3":1,"4":22},"b":{"0":[24,114],"1":[138,131,24],"2":[138,131,24],"3":[138,131,107]},"_coverageSchema":"1a1c01bbd47fc00a2c39e90264f33305004495a9","hash":"aa96e1b568512a93a99055888ad18e72835a19b1"}
,"/home/runner/work/multiJSnake/multiJSnake/src/main/js/widgets/PlayerPane.tsx": {"path":"/home/runner/work/multiJSnake/multiJSnake/src/main/js/widgets/PlayerPane.tsx","statementMap":{"0":{"start":{"line":31,"column":4},"end":{"line":81,"column":5}},"1":{"start":{"line":42,"column":61},"end":{"line":42,"column":80}},"2":{"start":{"line":45,"column":61},"end":{"line":45,"column":74}},"3":{"start":{"line":68,"column":49},"end":{"line":68,"column":77}},"4":{"start":{"line":75,"column":38},"end":{"line":75,"column":62}}},"fnMap":{"0":{"name":"PlayerPane","decl":{"start":{"line":30,"column":24},"end":{"line":30,"column":34}},"loc":{"start":{"line":30,"column":49},"end":{"line":82,"column":1}},"line":30},"1":{"name":"(anonymous_1)","decl":{"start":{"line":42,"column":56},"end":{"line":42,"column":57}},"loc":{"start":{"line":42,"column":61},"end":{"line":42,"column":80}},"line":42},"2":{"name":"(anonymous_2)","decl":{"start":{"line":45,"column":56},"end":{"line":45,"column":57}},"loc":{"start":{"line":45,"column":61},"end":{"line":45,"column":74}},"line":45},"3":{"name":"(anonymous_3)","decl":{"start":{"line":68,"column":30},"end":{"line":68,"column":31}},"loc":{"start":{"line":68,"column":49},"end":{"line":68,"column":77}},"line":68},"4":{"name":"(anonymous_4)","decl":{"start":{"line":75,"column":30},"end":{"line":75,"column":31}},"loc":{"start":{"line":75,"column":38},"end":{"line":75,"column":62}},"line":75}},"branchMap":{"0":{"loc":{"start":{"line":43,"column":25},"end":{"line":43,"column":64}},"type":"cond-expr","locations":[{"start":{"line":43,"column":45},"end":{"line":43,"column":54}},{"start":{"line":43,"column":57},"end":{"line":43,"column":64}}],"line":43},"1":{"loc":{"start":{"line":58,"column":17},"end":{"line":64,"column":18}},"type":"binary-expr","locations":[{"start":{"line":58,"column":17},"end":{"line":58,"column":31}},{"start":{"line":59,"column":16},"end":{"line":64,"column":18}}],"line":58}},"s":{"0":245,"1":8,"2":1,"3":1,"4":4},"f":{"0":245,"1":8,"2":1,"3":1,"4":4},"b":{"0":[155,89],"1":[244,113]},"_coverageSchema":"1a1c01bbd47fc00a2c39e90264f33305004495a9","hash":"f0095f59d7fbc57d5038e844ac7ca555f1105b84"}
,"/home/runner/work/multiJSnake/multiJSnake/src/main/js/widgets/Profile.tsx": {"path":"/home/runner/work/multiJSnake/multiJSnake/src/main/js/widgets/Profile.tsx","statementMap":{"0":{"start":{"line":26,"column":40},"end":{"line":26,"column":61}},"1":{"start":{"line":27,"column":28},"end":{"line":27,"column":63}},"2":{"start":{"line":29,"column":4},"end":{"line":29,"column":39}},"3":{"start":{"line":29,"column":20},"end":{"line":29,"column":33}},"4":{"start":{"line":32,"column":8},"end":{"line":32,"column":26}},"5":{"start":{"line":36,"column":23},"end":{"line":36,"column":35}},"6":{"start":{"line":37,"column":8},"end":{"line":39,"column":9}},"7":{"start":{"line":38,"column":12},"end":{"line":38,"column":35}},"8":{"start":{"line":41,"column":8},"end":{"line":43,"column":41}},"9":{"start":{"line":42,"column":30},"end":{"line":42,"column":52}},"10":{"start":{"line":43,"column":24},"end":{"line":43,"column":39}},"11":{"start":{"line":45,"column":8},"end":{"line":55,"column":41}},"12":{"start":{"line":47,"column":16},"end":{"line":53,"column":13}},"13":{"start":{"line":48,"column":20},"end":{"line":52,"column":31}},"14":{"start":{"line":54,"column":29},"end":{"line":54,"column":51}},"15":{"start":{"line":55,"column":24},"end":{"line":55,"column":39}},"16":{"start":{"line":58,"column":4},"end":{"line":82,"column":5}}},"fnMap":{"0":{"name":"Profile","decl":{"start":{"line":24,"column":24},"end":{"line":24,"column":31}},"loc":{"start":{"line":24,"column":46},"end":{"line":83,"column":1}},"line":24},"1":{"name":"(anonymous_1)","decl":{"start":{"line":29,"column":14},"end":{"line":29,"column":15}},"loc":{"start":{"line":29,"column":20},"end":{"line":29,"column":33}},"line":29},"2":{"name":"getUserFailed","decl":{"start":{"line":31,"column":13},"end":{"line":31,"column":26}},"loc":{"start":{"line":31,"column":29},"end":{"line":33,"column":5}},"line":31},"3":{"name":"getUserData","decl":{"start":{"line":35,"column":13},"end":{"line":35,"column":24}},"loc":{"start":{"line":35,"column":27},"end":{"line":56,"column":5}},"line":35},"4":{"name":"(anonymous_4)","decl":{"start":{"line":42,"column":18},"end":{"line":42,"column":19}},"loc":{"start":{"line":42,"column":30},"end":{"line":42,"column":52}},"line":42},"5":{"name":"(anonymous_5)","decl":{"start":{"line":43,"column":19},"end":{"line":43,"column":20}},"loc":{"start":{"line":43,"column":24},"end":{"line":43,"column":39}},"line":43},"6":{"name":"(anonymous_6)","decl":{"start":{"line":46,"column":18},"end":{"line":46,"column":19}},"loc":{"start":{"line":47,"column":16},"end":{"line":53,"column":13}},"line":47},"7":{"name":"(anonymous_7)","decl":{"start":{"line":47,"column":34},"end":{"line":47,"column":35}},"loc":{"start":{"line":48,"column":20},"end":{"line":52,"column":31}},"line":48},"8":{"name":"(anonymous_8)","decl":{"start":{"line":54,"column":18},"end":{"line":54,"column":19}},"loc":{"start":{"line":54,"column":29},"end":{"line":54,"column":51}},"line":54},"9":{"name":"(anonymous_9)","decl":{"start":{"line":55,"column":19},"end":{"line":55,"column":20}},"loc":{"start":{"line":55,"column":24},"end":{"line":55,"column":39}},"line":55}},"branchMap":{"0":{"loc":{"start":{"line":37,"column":8},"end":{"line":39,"column":9}},"type":"if","locations":[{"start":{"line":37,"column":8},"end":{"line":39,"column":9}},{"start":{},"end":{}}],"line":37},"1":{"loc":{"start":{"line":60,"column":13},"end":{"line":79,"column":46}},"type":"cond-expr","locations":[{"start":{"line":60,"column":20},"end":{"line":78,"column":15}},{"start":{"line":79,"column":16},"end":{"line":79,"column":46}}],"line":60}},"s":{"0":4,"1":4,"2":4,"3":1,"4":0,"5":1,"6":1,"7":0,"8":1,"9":1,"10":0,"11":1,"12":1,"13":0,"14":1,"15":0,"16":4},"f":{"0":4,"1":1,"2":0,"3":1,"4":1,"5":0,"6":1,"7":0,"8":1,"9":0},"b":{"0":[0,1],"1":[3,1]},"_coverageSchema":"1a1c01bbd47fc00a2c39e90264f33305004495a9","hash":"6da208586a808bf409ac0b5a393901544451f741"}
,"/home/runner/work/multiJSnake/multiJSnake/src/main/js/widgets/RegisterDialog.tsx": {"path":"/home/runner/work/multiJSnake/multiJSnake/src/main/js/widgets/RegisterDialog.tsx","statementMap":{"0":{"start":{"line":23,"column":37},"end":{"line":39,"column":6}},"1":{"start":{"line":41,"column":19},"end":{"line":59,"column":6}},"2":{"start":{"line":49,"column":12},"end":{"line":57,"column":19}},"3":{"start":{"line":51,"column":20},"end":{"line":51,"column":44}},"4":{"start":{"line":54,"column":20},"end":{"line":56,"column":21}},"5":{"start":{"line":55,"column":24},"end":{"line":55,"column":63}},"6":{"start":{"line":61,"column":19},"end":{"line":93,"column":12}},"7":{"start":{"line":95,"column":4},"end":{"line":102,"column":5}}},"fnMap":{"0":{"name":"RegisterDialog","decl":{"start":{"line":21,"column":24},"end":{"line":21,"column":38}},"loc":{"start":{"line":21,"column":53},"end":{"line":103,"column":1}},"line":21},"1":{"name":"(anonymous_1)","decl":{"start":{"line":48,"column":18},"end":{"line":48,"column":19}},"loc":{"start":{"line":48,"column":30},"end":{"line":58,"column":9}},"line":48},"2":{"name":"(anonymous_2)","decl":{"start":{"line":50,"column":22},"end":{"line":50,"column":23}},"loc":{"start":{"line":50,"column":42},"end":{"line":52,"column":17}},"line":50},"3":{"name":"(anonymous_3)","decl":{"start":{"line":53,"column":23},"end":{"line":53,"column":24}},"loc":{"start":{"line":53,"column":40},"end":{"line":57,"column":17}},"line":53}},"branchMap":{"0":{"loc":{"start":{"line":54,"column":20},"end":{"line":56,"column":21}},"type":"if","locations":[{"start":{"line":54,"column":20},"end":{"line":56,"column":21}},{"start":{},"end":{}}],"line":54},"1":{"loc":{"start":{"line":69,"column":19},"end":{"line":69,"column":71}},"type":"binary-expr","locations":[{"start":{"line":69,"column":19},"end":{"line":69,"column":39}},{"start":{"line":69,"column":43},"end":{"line":69,"column":71}}],"line":69},"2":{"loc":{"start":{"line":70,"column":24},"end":{"line":70,"column":67}},"type":"binary-expr","locations":[{"start":{"line":70,"column":24},"end":{"line":70,"column":44}},{"start":{"line":70,"column":48},"end":{"line":70,"column":67}}],"line":70},"3":{"loc":{"start":{"line":79,"column":19},"end":{"line":79,"column":77}},"type":"binary-expr","locations":[{"start":{"line":79,"column":19},"end":{"line":79,"column":42}},{"start":{"line":79,"column":46},"end":{"line":79,"column":77}}],"line":79},"4":{"loc":{"start":{"line":80,"column":24},"end":{"line":80,"column":73}},"type":"binary-expr","locations":[{"start":{"line":80,"column":24},"end":{"line":80,"column":47}},{"start":{"line":80,"column":51},"end":{"line":80,"column":73}}],"line":80},"5":{"loc":{"start":{"line":90,"column":19},"end":{"line":90,"column":77}},"type":"binary-expr","locations":[{"start":{"line":90,"column":19},"end":{"line":90,"column":42}},{"start":{"line":90,"column":46},"end":{"line":90,"column":77}}],"line":90},"6":{"loc":{"start":{"line":91,"column":24},"end":{"line":91,"column":73}},"type":"binary-expr","locations":[{"start":{"line":91,"column":24},"end":{"line":91,"column":47}},{"start":{"line":91,"column":51},"end":{"line":91,"column":73}}],"line":91}},"s":{"0":386,"1":386,"2":4,"3":2,"4":2,"5":2,"6":386,"7":386},"f":{"0":386,"1":4,"2":2,"3":2},"b":{"0":[2,0],"1":[386,132],"2":[386,132],"3":[386,132],"4":[386,132],"5":[386,132],"6":[386,132]},"_coverageSchema":"1a1c01bbd47fc00a2c39e90264f33305004495a9","hash":"291b9b4ae2c7152fd8b2a802485c2d009c47aeb1"}
,"/home/runner/work/multiJSnake/multiJSnake/src/main/js/widgets/ScorePane.tsx": {"path":"/home/runner/work/multiJSnake/multiJSnake/src/main/js/widgets/ScorePane.tsx","statementMap":{"0":{"start":{"line":15,"column":19},"end":{"line":22,"column":6}},"1":{"start":{"line":16,"column":8},"end":{"line":21,"column":9}},"2":{"start":{"line":24,"column":4},"end":{"line":55,"column":6}}},"fnMap":{"0":{"name":"ScorePane","decl":{"start":{"line":13,"column":24},"end":{"line":13,"column":33}},"loc":{"start":{"line":13,"column":48},"end":{"line":56,"column":1}},"line":13},"1":{"name":"(anonymous_1)","decl":{"start":{"line":15,"column":56},"end":{"line":15,"column":57}},"loc":{"start":{"line":15,"column":65},"end":{"line":22,"column":5}},"line":15}},"branchMap":{},"s":{"0":244,"1":260,"2":244},"f":{"0":244,"1":260},"b":{},"_coverageSchema":"1a1c01bbd47fc00a2c39e90264f33305004495a9","hash":"9a5a51d9fac46e92406a2c3065e80583cc4c1a6c"}
,"/home/runner/work/multiJSnake/multiJSnake/src/main/js/widgets/Scores.tsx": {"path":"/home/runner/work/multiJSnake/multiJSnake/src/main/js/widgets/Scores.tsx","statementMap":{"0":{"start":{"line":18,"column":19},"end":{"line":30,"column":5}},"1":{"start":{"line":19,"column":8},"end":{"line":29,"column":19}},"2":{"start":{"line":32,"column":4},"end":{"line":43,"column":5}}},"fnMap":{"0":{"name":"Scores","decl":{"start":{"line":17,"column":24},"end":{"line":17,"column":30}},"loc":{"start":{"line":17,"column":45},"end":{"line":44,"column":1}},"line":17},"1":{"name":"(anonymous_1)","decl":{"start":{"line":18,"column":36},"end":{"line":18,"column":37}},"loc":{"start":{"line":19,"column":8},"end":{"line":29,"column":19}},"line":19}},"branchMap":{},"s":{"0":732,"1":260,"2":732},"f":{"0":732,"1":260},"b":{},"_coverageSchema":"1a1c01bbd47fc00a2c39e90264f33305004495a9","hash":"c641b155a5bbe345086beed9bbee6d28a74ba433"}
,"/home/runner/work/multiJSnake/multiJSnake/src/main/js/widgets/ShareLink.tsx": {"path":"/home/runner/work/multiJSnake/multiJSnake/src/main/js/widgets/ShareLink.tsx","statementMap":{"0":{"start":{"line":10,"column":34},"end":{"line":10,"column":59}},"1":{"start":{"line":12,"column":4},"end":{"line":30,"column":6}},"2":{"start":{"line":22,"column":24},"end":{"line":22,"column":66}},"3":{"start":{"line":23,"column":24},"end":{"line":23,"column":45}},"4":{"start":{"line":25,"column":40},"end":{"line":25,"column":67}},"5":{"start":{"line":26,"column":35},"end":{"line":26,"column":53}}},"fnMap":{"0":{"name":"ShareLink","decl":{"start":{"line":8,"column":24},"end":{"line":8,"column":33}},"loc":{"start":{"line":8,"column":48},"end":{"line":31,"column":1}},"line":8},"1":{"name":"(anonymous_1)","decl":{"start":{"line":21,"column":29},"end":{"line":21,"column":30}},"loc":{"start":{"line":21,"column":35},"end":{"line":24,"column":21}},"line":21},"2":{"name":"(anonymous_2)","decl":{"start":{"line":25,"column":34},"end":{"line":25,"column":35}},"loc":{"start":{"line":25,"column":40},"end":{"line":25,"column":67}},"line":25},"3":{"name":"(anonymous_3)","decl":{"start":{"line":26,"column":30},"end":{"line":26,"column":31}},"loc":{"start":{"line":26,"column":35},"end":{"line":26,"column":53}},"line":26}},"branchMap":{},"s":{"0":245,"1":245,"2":1,"3":1,"4":0,"5":0},"f":{"0":245,"1":1,"2":0,"3":0},"b":{},"_coverageSchema":"1a1c01bbd47fc00a2c39e90264f33305004495a9","hash":"2821a80737df2f4b19a8601389c7216000a02084"}
,"/home/runner/work/multiJSnake/multiJSnake/src/main/js/widgets/SimpleFormDialog.tsx": {"path":"/home/runner/work/multiJSnake/multiJSnake/src/main/js/widgets/SimpleFormDialog.tsx","statementMap":{"0":{"start":{"line":24,"column":28},"end":{"line":24,"column":43}},"1":{"start":{"line":27,"column":8},"end":{"line":27,"column":22}},"2":{"start":{"line":31,"column":8},"end":{"line":31,"column":23}},"3":{"start":{"line":32,"column":8},"end":{"line":32,"column":33}},"4":{"start":{"line":35,"column":4},"end":{"line":53,"column":6}},"5":{"start":{"line":37,"column":53},"end":{"line":37,"column":70}},"6":{"start":{"line":40,"column":47},"end":{"line":40,"column":60}},"7":{"start":{"line":47,"column":47},"end":{"line":47,"column":60}}},"fnMap":{"0":{"name":"SimpleFormDialog","decl":{"start":{"line":22,"column":24},"end":{"line":22,"column":40}},"loc":{"start":{"line":22,"column":55},"end":{"line":54,"column":1}},"line":22},"1":{"name":"handleClickOpen","decl":{"start":{"line":26,"column":13},"end":{"line":26,"column":28}},"loc":{"start":{"line":26,"column":31},"end":{"line":28,"column":5}},"line":26},"2":{"name":"handleClose","decl":{"start":{"line":30,"column":13},"end":{"line":30,"column":24}},"loc":{"start":{"line":30,"column":27},"end":{"line":33,"column":5}},"line":30},"3":{"name":"(anonymous_3)","decl":{"start":{"line":37,"column":47},"end":{"line":37,"column":48}},"loc":{"start":{"line":37,"column":53},"end":{"line":37,"column":70}},"line":37},"4":{"name":"(anonymous_4)","decl":{"start":{"line":40,"column":41},"end":{"line":40,"column":42}},"loc":{"start":{"line":40,"column":47},"end":{"line":40,"column":60}},"line":40},"5":{"name":"(anonymous_5)","decl":{"start":{"line":47,"column":41},"end":{"line":47,"column":42}},"loc":{"start":{"line":47,"column":47},"end":{"line":47,"column":60}},"line":47}},"branchMap":{},"s":{"0":558,"1":6,"2":2,"3":2,"4":558,"5":6,"6":1,"7":1},"f":{"0":558,"1":6,"2":2,"3":6,"4":1,"5":1},"b":{},"_coverageSchema":"1a1c01bbd47fc00a2c39e90264f33305004495a9","hash":"7df46d19df86bf4fd8465e2f3a98d07f671707e7"}
}
