{"total": {"lines":{"total":617,"covered":565,"skipped":0,"pct":91.57},"statements":{"total":632,"covered":575,"skipped":0,"pct":90.98},"functions":{"total":166,"covered":152,"skipped":0,"pct":91.57},"branches":{"total":295,"covered":247,"skipped":0,"pct":83.73}}
,"/home/runner/work/multiJSnake/multiJSnake/src/main/js/App.tsx": {"lines":{"total":7,"covered":6,"skipped":0,"pct":85.71},"functions":{"total":3,"covered":3,"skipped":0,"pct":100},"statements":{"total":8,"covered":7,"skipped":0,"pct":87.5},"branches":{"total":4,"covered":3,"skipped":0,"pct":75}}
,"/home/runner/work/multiJSnake/multiJSnake/src/main/js/GenId.ts": {"lines":{"total":6,"covered":6,"skipped":0,"pct":100},"functions":{"total":1,"covered":1,"skipped":0,"pct":100},"statements":{"total":7,"covered":7,"skipped":0,"pct":100},"branches":{"total":0,"covered":0,"skipped":0,"pct":100}}
,"/home/runner/work/multiJSnake/multiJSnake/src/main/js/NavBar.tsx": {"lines":{"total":13,"covered":10,"skipped":0,"pct":76.92},"functions":{"total":9,"covered":6,"skipped":0,"pct":66.67},"statements":{"total":16,"covered":10,"skipped":0,"pct":62.5},"branches":{"total":12,"covered":9,"skipped":0,"pct":75}}
,"/home/runner/work/multiJSnake/multiJSnake/src/main/js/SnakeLogic/JsGameState.ts": {"lines":{"total":159,"covered":148,"skipped":0,"pct":93.08},"functions":{"total":21,"covered":21,"skipped":0,"pct":100},"statements":{"total":162,"covered":151,"skipped":0,"pct":93.21},"branches":{"total":78,"covered":64,"skipped":0,"pct":82.05}}
,"/home/runner/work/multiJSnake/multiJSnake/src/main/js/SnakeLogic/JsSnake.ts": {"lines":{"total":7,"covered":7,"skipped":0,"pct":100},"functions":{"total":1,"covered":1,"skipped":0,"pct":100},"statements":{"total":7,"covered":7,"skipped":0,"pct":100},"branches":{"total":0,"covered":0,"skipped":0,"pct":100}}
,"/home/runner/work/multiJSnake/multiJSnake/src/main/js/auth/AuthService.ts": {"lines":{"total":16,"covered":16,"skipped":0,"pct":100},"functions":{"total":6,"covered":6,"skipped":0,"pct":100},"statements":{"total":16,"covered":16,"skipped":0,"pct":100},"branches":{"total":8,"covered":6,"skipped":0,"pct":75}}
,"/home/runner/work/multiJSnake/multiJSnake/src/main/js/auth/authHeader.ts": {"lines":{"total":5,"covered":4,"skipped":0,"pct":80},"functions":{"total":1,"covered":1,"skipped":0,"pct":100},"statements":{"total":5,"covered":4,"skipped":0,"pct":80},"branches":{"total":6,"covered":5,"skipped":0,"pct":83.33}}
,"/home/runner/work/multiJSnake/multiJSnake/src/main/js/visualization/canvas.tsx": {"lines":{"total":18,"covered":15,"skipped":0,"pct":83.33},"functions":{"total":5,"covered":5,"skipped":0,"pct":100},"statements":{"total":18,"covered":15,"skipped":0,"pct":83.33},"branches":{"total":6,"covered":3,"skipped":0,"pct":50}}
,"/home/runner/work/multiJSnake/multiJSnake/src/main/js/visualization/canvasDraw.ts": {"lines":{"total":58,"covered":57,"skipped":0,"pct":98.28},"functions":{"total":3,"covered":3,"skipped":0,"pct":100},"statements":{"total":59,"covered":58,"skipped":0,"pct":98.31},"branches":{"total":20,"covered":18,"skipped":0,"pct":90}}
,"/home/runner/work/multiJSnake/multiJSnake/src/main/js/visualization/color.ts": {"lines":{"total":31,"covered":28,"skipped":0,"pct":90.32},"functions":{"total":6,"covered":6,"skipped":0,"pct":100},"statements":{"total":31,"covered":28,"skipped":0,"pct":90.32},"branches":{"total":14,"covered":10,"skipped":0,"pct":71.43}}
,"/home/runner/work/multiJSnake/multiJSnake/src/main/js/websockets/BufferedStompClient.ts": {"lines":{"total":7,"covered":7,"skipped":0,"pct":100},"functions":{"total":3,"covered":3,"skipped":0,"pct":100},"statements":{"total":7,"covered":7,"skipped":0,"pct":100},"branches":{"total":2,"covered":2,"skipped":0,"pct":100}}
,"/home/runner/work/multiJSnake/multiJSnake/src/main/js/websockets/websocket-listener.ts": {"lines":{"total":15,"covered":12,"skipped":0,"pct":80},"functions":{"total":5,"covered":4,"skipped":0,"pct":80},"statements":{"total":15,"covered":12,"skipped":0,"pct":80},"branches":{"total":2,"covered":1,"skipped":0,"pct":50}}
,"/home/runner/work/multiJSnake/multiJSnake/src/main/js/widgets/AddAutopilot.tsx": {"lines":{"total":7,"covered":7,"skipped":0,"pct":100},"functions":{"total":5,"covered":5,"skipped":0,"pct":100},"statements":{"total":7,"covered":7,"skipped":0,"pct":100},"branches":{"total":19,"covered":19,"skipped":0,"pct":100}}
,"/home/runner/work/multiJSnake/multiJSnake/src/main/js/widgets/Ai.tsx": {"lines":{"total":44,"covered":39,"skipped":0,"pct":88.64},"functions":{"total":15,"covered":11,"skipped":0,"pct":73.33},"statements":{"total":49,"covered":42,"skipped":0,"pct":85.71},"branches":{"total":12,"covered":8,"skipped":0,"pct":66.67}}
,"/home/runner/work/multiJSnake/multiJSnake/src/main/js/widgets/ColorViewer.tsx": {"lines":{"total":1,"covered":1,"skipped":0,"pct":100},"functions":{"total":1,"covered":1,"skipped":0,"pct":100},"statements":{"total":1,"covered":1,"skipped":0,"pct":100},"branches":{"total":0,"covered":0,"skipped":0,"pct":100}}
,"/home/runner/work/multiJSnake/multiJSnake/src/main/js/widgets/FieldSizeSelector.tsx": {"lines":{"total":6,"covered":6,"skipped":0,"pct":100},"functions":{"total":4,"covered":4,"skipped":0,"pct":100},"statements":{"total":6,"covered":6,"skipped":0,"pct":100},"branches":{"total":0,"covered":0,"skipped":0,"pct":100}}
,"/home/runner/work/multiJSnake/multiJSnake/src/main/js/widgets/GameView.tsx": {"lines":{"total":147,"covered":134,"skipped":0,"pct":91.16},"functions":{"total":35,"covered":35,"skipped":0,"pct":100},"statements":{"total":147,"covered":134,"skipped":0,"pct":91.16},"branches":{"total":67,"covered":58,"skipped":0,"pct":86.57}}
,"/home/runner/work/multiJSnake/multiJSnake/src/main/js/widgets/LoginDialog.tsx": {"lines":{"total":10,"covered":9,"skipped":0,"pct":90},"functions":{"total":4,"covered":4,"skipped":0,"pct":100},"statements":{"total":10,"covered":9,"skipped":0,"pct":90},"branches":{"total":12,"covered":10,"skipped":0,"pct":83.33}}
,"/home/runner/work/multiJSnake/multiJSnake/src/main/js/widgets/PlayerName.tsx": {"lines":{"total":11,"covered":11,"skipped":0,"pct":100},"functions":{"total":5,"covered":5,"skipped":0,"pct":100},"statements":{"total":11,"covered":11,"skipped":0,"pct":100},"branches":{"total":11,"covered":11,"skipped":0,"pct":100}}
,"/home/runner/work/multiJSnake/multiJSnake/src/main/js/widgets/PlayerPane.tsx": {"lines":{"total":5,"covered":5,"skipped":0,"pct":100},"functions":{"total":5,"covered":5,"skipped":0,"pct":100},"statements":{"total":5,"covered":5,"skipped":0,"pct":100},"branches":{"total":4,"covered":4,"skipped":0,"pct":100}}
,"/home/runner/work/multiJSnake/multiJSnake/src/main/js/widgets/Profile.tsx": {"lines":{"total":16,"covered":11,"skipped":0,"pct":68.75},"functions":{"total":10,"covered":6,"skipped":0,"pct":60},"statements":{"total":17,"covered":12,"skipped":0,"pct":70.59},"branches":{"total":4,"covered":3,"skipped":0,"pct":75}}
,"/home/runner/work/multiJSnake/multiJSnake/src/main/js/widgets/RegisterDialog.tsx": {"lines":{"total":8,"covered":8,"skipped":0,"pct":100},"functions":{"total":4,"covered":4,"skipped":0,"pct":100},"statements":{"total":8,"covered":8,"skipped":0,"pct":100},"branches":{"total":14,"covered":13,"skipped":0,"pct":92.86}}
,"/home/runner/work/multiJSnake/multiJSnake/src/main/js/widgets/ScorePane.tsx": {"lines":{"total":3,"covered":3,"skipped":0,"pct":100},"functions":{"total":2,"covered":2,"skipped":0,"pct":100},"statements":{"total":3,"covered":3,"skipped":0,"pct":100},"branches":{"total":0,"covered":0,"skipped":0,"pct":100}}
,"/home/runner/work/multiJSnake/multiJSnake/src/main/js/widgets/Scores.tsx": {"lines":{"total":3,"covered":3,"skipped":0,"pct":100},"functions":{"total":2,"covered":2,"skipped":0,"pct":100},"statements":{"total":3,"covered":3,"skipped":0,"pct":100},"branches":{"total":0,"covered":0,"skipped":0,"pct":100}}
,"/home/runner/work/multiJSnake/multiJSnake/src/main/js/widgets/ShareLink.tsx": {"lines":{"total":6,"covered":4,"skipped":0,"pct":66.67},"functions":{"total":4,"covered":2,"skipped":0,"pct":50},"statements":{"total":6,"covered":4,"skipped":0,"pct":66.67},"branches":{"total":0,"covered":0,"skipped":0,"pct":100}}
,"/home/runner/work/multiJSnake/multiJSnake/src/main/js/widgets/SimpleFormDialog.tsx": {"lines":{"total":8,"covered":8,"skipped":0,"pct":100},"functions":{"total":6,"covered":6,"skipped":0,"pct":100},"statements":{"total":8,"covered":8,"skipped":0,"pct":100},"branches":{"total":0,"covered":0,"skipped":0,"pct":100}}
}
