TN:
SF:src/main/js/App.tsx
FN:16,App
FN:19,(anonymous_1)
FN:25,(anonymous_2)
FNF:3
FNH:3
FNDA:37,App
FNDA:15,(anonymous_1)
FNDA:6,(anonymous_2)
DA:12,15
DA:13,0
DA:17,37
DA:19,36
DA:21,36
DA:25,6
DA:43,15
LF:7
LH:6
BRDA:12,0,0,0
BRDA:12,0,1,15
BRDA:12,1,0,15
BRDA:12,1,1,15
BRF:4
BRH:3
end_of_record
TN:
SF:src/main/js/GenId.ts
FN:2,genId
FNF:1
FNH:1
FNDA:13,genId
DA:3,13
DA:4,13
DA:5,13
DA:6,13
DA:7,130
DA:9,13
LF:6
LH:6
BRF:0
BRH:0
end_of_record
TN:
SF:src/main/js/NavBar.tsx
FN:31,NavBar
FN:32,(anonymous_1)
FN:35,testJwt
FN:40,(anonymous_3)
FN:47,(anonymous_4)
FN:49,(anonymous_5)
FN:92,(anonymous_6)
FN:105,(anonymous_7)
FN:113,(anonymous_8)
FNF:9
FNH:6
FNDA:36,NavBar
FNDA:15,(anonymous_1)
FNDA:15,testJwt
FNDA:0,(anonymous_3)
FNDA:0,(anonymous_4)
FNDA:0,(anonymous_5)
FNDA:3,(anonymous_6)
FNDA:1,(anonymous_7)
FNDA:2,(anonymous_8)
DA:32,36
DA:36,15
DA:37,0
DA:38,0
DA:40,0
DA:44,15
DA:47,15
DA:49,15
DA:52,36
DA:93,3
DA:94,3
DA:105,1
DA:113,2
LF:13
LH:10
BRDA:36,0,0,0
BRDA:36,0,1,15
BRDA:38,1,0,0
BRDA:38,1,1,0
BRDA:67,2,0,36
BRDA:67,2,1,3
BRDA:91,3,0,36
BRDA:91,3,1,3
BRDA:100,4,0,36
BRDA:100,4,1,33
BRDA:108,5,0,36
BRDA:108,5,1,33
BRF:12
BRH:9
end_of_record
TN:
SF:src/main/js/SnakeLogic/JsGameState.ts
FN:22,(anonymous_0)
FN:37,(anonymous_1)
FN:40,(anonymous_2)
FN:41,(anonymous_3)
FN:46,(anonymous_4)
FN:51,(anonymous_5)
FN:55,(anonymous_6)
FN:60,(anonymous_7)
FN:71,(anonymous_8)
FN:85,(anonymous_9)
FN:124,(anonymous_10)
FN:192,(anonymous_11)
FN:198,(anonymous_12)
FN:224,(anonymous_13)
FN:241,(anonymous_14)
FN:263,(anonymous_15)
FN:280,(anonymous_16)
FN:293,(anonymous_17)
FN:306,(anonymous_18)
FN:319,(anonymous_19)
FN:333,(anonymous_20)
FNF:21
FNH:21
FNDA:243,(anonymous_0)
FNDA:2088,(anonymous_1)
FNDA:2088,(anonymous_2)
FNDA:20097,(anonymous_3)
FNDA:1591,(anonymous_4)
FNDA:223,(anonymous_5)
FNDA:723,(anonymous_6)
FNDA:499,(anonymous_7)
FNDA:255,(anonymous_8)
FNDA:129,(anonymous_9)
FNDA:124,(anonymous_10)
FNDA:1364,(anonymous_11)
FNDA:124,(anonymous_12)
FNDA:124,(anonymous_13)
FNDA:129,(anonymous_14)
FNDA:1711,(anonymous_15)
FNDA:263,(anonymous_16)
FNDA:248,(anonymous_17)
FNDA:496,(anonymous_18)
FNDA:244,(anonymous_19)
FNDA:253,(anonymous_20)
DA:23,243
DA:24,243
DA:25,243
DA:26,243
DA:27,243
DA:28,243
DA:30,243
DA:31,243
DA:33,243
DA:38,2088
DA:39,2088
DA:40,2088
DA:41,20097
DA:47,1591
DA:48,1591
DA:52,223
DA:56,723
DA:57,723
DA:61,499
DA:62,0
DA:65,499
DA:66,501
DA:68,499
DA:72,255
DA:86,129
DA:87,129
DA:88,1290
DA:89,1290
DA:90,12900
DA:91,12900
DA:92,38700
DA:96,129
DA:99,129
DA:100,129
DA:103,129
DA:104,129
DA:107,129
DA:108,129
DA:109,825
DA:110,825
DA:113,129
DA:125,124
DA:126,124
DA:128,124
DA:129,124
DA:132,124
DA:133,44
DA:135,80
DA:139,124
DA:140,120
DA:142,4
DA:146,124
DA:147,4
DA:149,120
DA:153,124
DA:154,66
DA:156,58
DA:160,124
DA:161,124
DA:162,124
DA:163,124
DA:164,124
DA:165,124
DA:166,124
DA:170,124
DA:171,124
DA:172,124
DA:173,124
DA:174,124
DA:175,124
DA:176,124
DA:177,124
DA:180,124
DA:181,124
DA:182,124
DA:183,124
DA:184,124
DA:185,124
DA:186,124
DA:187,124
DA:189,124
DA:193,1364
DA:194,679
DA:195,685
DA:200,124
DA:201,124
DA:206,124
DA:208,31
DA:209,31
DA:211,30
DA:212,30
DA:214,36
DA:215,36
DA:217,27
DA:218,27
DA:221,124
DA:225,124
DA:226,124
DA:229,15
DA:230,15
DA:233,109
DA:236,0
DA:237,0
DA:242,129
DA:243,129
DA:246,56
DA:247,56
DA:250,23
DA:251,23
DA:254,27
DA:255,27
DA:258,23
DA:259,23
DA:264,1711
DA:267,418
DA:270,435
DA:273,417
DA:276,441
DA:281,263
DA:283,64
DA:285,57
DA:287,76
DA:289,66
DA:294,248
DA:296,60
DA:298,54
DA:300,72
DA:302,62
DA:307,496
DA:309,120
DA:311,108
DA:313,144
DA:315,124
DA:320,244
DA:321,244
DA:322,244
DA:324,244
DA:325,244
DA:326,0
DA:329,244
DA:330,244
DA:334,253
DA:335,253
DA:337,223
DA:340,223
DA:342,223
DA:343,11
DA:344,11
DA:347,223
DA:348,208
DA:351,223
DA:352,1
DA:355,223
DA:357,30
DA:358,30
DA:359,1
DA:360,1
DA:361,1
DA:362,1
LF:159
LH:155
BRDA:41,0,0,20097
BRDA:41,0,1,1982
BRDA:48,1,0,1591
BRDA:48,1,1,1460
BRDA:48,1,2,1316
BRDA:48,1,3,1157
BRDA:52,2,0,223
BRDA:52,2,1,223
BRDA:52,2,2,34
BRDA:61,3,0,0
BRDA:61,3,1,499
BRDA:99,4,0,129
BRDA:99,4,1,0
BRDA:103,5,0,129
BRDA:103,5,1,0
BRDA:128,6,0,0
BRDA:128,6,1,124
BRDA:132,7,0,44
BRDA:132,7,1,80
BRDA:139,8,0,120
BRDA:139,8,1,4
BRDA:139,9,0,124
BRDA:139,9,1,120
BRDA:146,10,0,4
BRDA:146,10,1,120
BRDA:146,11,0,124
BRDA:146,11,1,4
BRDA:153,12,0,66
BRDA:153,12,1,58
BRDA:193,13,0,679
BRDA:193,13,1,685
BRDA:193,14,0,1364
BRDA:193,14,1,1239
BRDA:206,15,0,31
BRDA:206,15,1,30
BRDA:206,15,2,36
BRDA:206,15,3,27
BRDA:226,16,0,15
BRDA:226,16,1,109
BRDA:226,16,2,0
BRDA:243,17,0,56
BRDA:243,17,1,23
BRDA:243,17,2,27
BRDA:243,17,3,23
BRDA:264,18,0,418
BRDA:264,18,1,435
BRDA:264,18,2,417
BRDA:264,18,3,441
BRDA:281,19,0,64
BRDA:281,19,1,57
BRDA:281,19,2,76
BRDA:281,19,3,66
BRDA:294,20,0,60
BRDA:294,20,1,54
BRDA:294,20,2,72
BRDA:294,20,3,62
BRDA:307,21,0,120
BRDA:307,21,1,108
BRDA:307,21,2,144
BRDA:307,21,3,124
BRDA:325,22,0,0
BRDA:325,22,1,244
BRDA:335,23,0,223
BRDA:335,23,1,30
BRDA:335,24,0,253
BRDA:335,24,1,223
BRDA:342,25,0,11
BRDA:342,25,1,212
BRDA:351,26,0,1
BRDA:351,26,1,222
BRDA:351,27,0,223
BRDA:351,27,1,223
BRDA:358,28,0,1
BRDA:358,28,1,29
BRDA:359,29,0,0
BRDA:359,29,1,1
BRDA:360,30,0,1
BRDA:360,30,1,1
BRF:78
BRH:71
end_of_record
TN:
SF:src/main/js/SnakeLogic/JsSnake.ts
FN:16,(anonymous_0)
FNF:1
FNH:1
FNDA:243,(anonymous_0)
DA:17,243
DA:18,243
DA:19,243
DA:20,243
DA:21,243
DA:22,243
DA:24,243
LF:7
LH:7
BRF:0
BRH:0
end_of_record
TN:
SF:src/main/js/auth/AuthService.ts
FN:19,(anonymous_0)
FN:25,(anonymous_1)
FN:35,(anonymous_2)
FN:39,(anonymous_3)
FN:46,(anonymous_4)
FN:49,(anonymous_5)
FNF:6
FNH:6
FNDA:4,(anonymous_0)
FNDA:3,(anonymous_1)
FNDA:3,(anonymous_2)
FNDA:4,(anonymous_3)
FNDA:2,(anonymous_4)
FNDA:36,(anonymous_5)
DA:5,15
DA:7,15
DA:8,15
DA:9,15
DA:11,15
DA:13,15
DA:15,15
DA:20,4
DA:27,3
DA:28,3
DA:31,3
DA:36,3
DA:40,4
DA:46,2
DA:50,36
DA:51,36
LF:16
LH:16
BRDA:9,0,0,15
BRDA:9,0,1,0
BRDA:9,1,0,15
BRDA:9,1,1,15
BRDA:27,2,0,3
BRDA:27,2,1,0
BRDA:51,3,0,36
BRDA:51,3,1,3
BRF:8
BRH:6
end_of_record
TN:
SF:src/main/js/auth/authHeader.ts
FN:5,authHeader
FNF:1
FNH:1
FNDA:1,authHeader
DA:6,1
DA:7,1
DA:9,1
DA:10,1
DA:12,0
LF:5
LH:4
BRDA:7,0,0,1
BRDA:7,0,1,1
BRDA:9,1,0,1
BRDA:9,1,1,0
BRDA:9,2,0,1
BRDA:9,2,1,1
BRF:6
BRH:5
end_of_record
TN:
SF:src/main/js/visualization/canvas.tsx
FN:17,Canvas
FN:22,(anonymous_1)
FN:32,(anonymous_2)
FN:55,(anonymous_3)
FN:56,(anonymous_4)
FNF:5
FNH:5
FNDA:236,Canvas
FNDA:14,(anonymous_1)
FNDA:235,(anonymous_2)
FNDA:12,(anonymous_3)
FNDA:16,(anonymous_4)
DA:18,236
DA:20,236
DA:22,236
DA:23,14
DA:25,14
DA:26,0
DA:29,14
DA:32,236
DA:33,235
DA:35,235
DA:36,0
DA:39,235
DA:41,235
DA:42,0
DA:45,235
DA:48,236
DA:55,12
DA:56,16
LF:18
LH:15
BRDA:25,0,0,0
BRDA:25,0,1,14
BRDA:35,1,0,0
BRDA:35,1,1,235
BRDA:41,2,0,0
BRDA:41,2,1,235
BRF:6
BRH:3
end_of_record
TN:
SF:src/main/js/visualization/canvasDraw.ts
FN:19,drawSnake
FN:55,draw
FN:74,(anonymous_2)
FNF:3
FNH:3
FNDA:503,drawSnake
FNDA:490,draw
FNDA:503,(anonymous_2)
DA:12,15
DA:20,503
DA:21,503
DA:23,503
DA:24,31
DA:26,472
DA:29,503
DA:30,503
DA:31,503
DA:32,503
DA:33,78
DA:35,503
DA:36,113
DA:38,503
DA:39,100
DA:41,503
DA:42,212
DA:45,503
DA:46,503
DA:47,503
DA:48,503
DA:49,2507
DA:51,503
DA:52,503
DA:56,490
DA:57,0
DA:60,490
DA:61,490
DA:62,490
DA:64,490
DA:65,490
DA:67,490
DA:68,490
DA:69,490
DA:70,490
DA:71,490
DA:74,503
DA:76,490
DA:77,98
DA:78,98
DA:79,98
DA:80,98
DA:81,98
DA:82,98
DA:85,490
DA:86,149
DA:87,149
DA:88,149
DA:89,149
DA:90,149
DA:91,149
DA:94,490
DA:95,1
DA:96,1
DA:97,1
DA:98,1
DA:99,1
DA:100,1
LF:58
LH:57
BRDA:23,0,0,31
BRDA:23,0,1,472
BRDA:32,1,0,78
BRDA:32,1,1,425
BRDA:35,2,0,113
BRDA:35,2,1,390
BRDA:38,3,0,100
BRDA:38,3,1,403
BRDA:41,4,0,212
BRDA:41,4,1,291
BRDA:56,5,0,0
BRDA:56,5,1,490
BRDA:67,6,0,490
BRDA:67,6,1,0
BRDA:76,7,0,98
BRDA:76,7,1,392
BRDA:85,8,0,149
BRDA:85,8,1,341
BRDA:94,9,0,1
BRDA:94,9,1,489
BRF:20
BRH:18
end_of_record
TN:
SF:src/main/js/visualization/color.ts
FN:3,hsv_to_rgb
FN:27,componentToHex
FN:32,rgbToHex
FN:39,hue_from_idx
FN:49,idx2color
FN:54,desaturized_idx2color
FNF:6
FNH:6
FNDA:860,hsv_to_rgb
FNDA:2580,componentToHex
FNDA:860,rgbToHex
FNDA:860,hue_from_idx
FNDA:829,idx2color
FNDA:31,desaturized_idx2color
DA:4,860
DA:5,860
DA:6,860
DA:7,860
DA:8,860
DA:11,860
DA:12,6
DA:13,854
DA:14,834
DA:15,20
DA:16,0
DA:17,20
DA:18,8
DA:19,12
DA:20,0
DA:21,12
DA:22,12
DA:24,0
DA:28,2580
DA:29,2580
DA:33,860
DA:36,860
DA:40,860
DA:41,860
DA:43,860
DA:44,860
DA:46,860
DA:50,829
DA:51,829
DA:55,31
DA:56,31
LF:31
LH:28
BRDA:11,0,0,6
BRDA:11,0,1,854
BRDA:13,1,0,834
BRDA:13,1,1,20
BRDA:15,2,0,0
BRDA:15,2,1,20
BRDA:17,3,0,8
BRDA:17,3,1,12
BRDA:19,4,0,0
BRDA:19,4,1,12
BRDA:21,5,0,12
BRDA:21,5,1,0
BRDA:29,6,0,0
BRDA:29,6,1,2580
BRF:14
BRH:10
end_of_record
TN:
SF:src/main/js/websockets/BufferedStompClient.ts
FN:8,(anonymous_0)
FN:14,(anonymous_1)
FN:22,(anonymous_2)
FNF:3
FNH:3
FNDA:15,(anonymous_0)
FNDA:66,(anonymous_1)
FNDA:15,(anonymous_2)
DA:9,15
DA:11,15
DA:15,66
DA:16,15
DA:18,51
DA:23,15
DA:24,15
LF:7
LH:7
BRDA:15,0,0,15
BRDA:15,0,1,51
BRF:2
BRH:2
end_of_record
TN:
SF:src/main/js/websockets/websocket-listener.ts
FN:13,(anonymous_0)
FN:23,(anonymous_1)
FN:29,(anonymous_2)
FN:30,(anonymous_3)
FN:36,(anonymous_4)
FNF:5
FNH:4
FNDA:15,(anonymous_0)
FNDA:440,(anonymous_1)
FNDA:15,(anonymous_2)
FNDA:60,(anonymous_3)
FNDA:0,(anonymous_4)
DA:13,15
DA:15,15
DA:16,0
DA:18,15
DA:21,15
DA:24,440
DA:29,15
DA:30,15
DA:31,60
DA:33,15
DA:36,15
DA:37,0
DA:38,0
DA:41,15
DA:43,15
LF:15
LH:12
BRDA:15,0,0,0
BRDA:15,0,1,15
BRF:2
BRH:1
end_of_record
TN:
SF:src/main/js/widgets/AddAutopilot.tsx
FN:16,AddAutopilot
FN:27,(anonymous_1)
FN:28,(anonymous_2)
FN:29,(anonymous_3)
FN:38,(anonymous_4)
FNF:5
FNH:5
FNDA:246,AddAutopilot
FNDA:254,(anonymous_1)
FNDA:276,(anonymous_2)
FNDA:6,(anonymous_3)
FNDA:4,(anonymous_4)
DA:17,246
DA:19,246
DA:27,254
DA:28,276
DA:30,6
DA:31,6
DA:38,4
LF:7
LH:7
BRDA:17,0,0,246
BRDA:17,0,1,240
BRDA:25,1,0,246
BRDA:25,1,1,240
BRDA:30,2,0,6
BRDA:30,2,1,6
BRDA:31,3,0,6
BRDA:31,3,1,2
BRDA:31,3,2,2
BRDA:34,4,0,246
BRDA:34,4,1,240
BRDA:38,5,0,4
BRDA:38,5,1,4
BRDA:41,6,0,240
BRDA:41,6,1,240
BRDA:45,7,0,246
BRDA:45,7,1,240
BRDA:46,8,0,246
BRDA:46,8,1,16
BRF:19
BRH:19
end_of_record
TN:
SF:src/main/js/widgets/Ai.tsx
FN:30,Ai
FN:34,(anonymous_1)
FN:39,(anonymous_2)
FN:46,(anonymous_3)
FN:52,(anonymous_4)
FN:56,(anonymous_5)
FN:61,(anonymous_6)
FN:62,(anonymous_7)
FN:62,(anonymous_8)
FN:64,(anonymous_9)
FN:74,step
FN:99,getContext
FN:111,gameOver
FN:129,(anonymous_13)
FN:130,(anonymous_14)
FNF:15
FNH:13
FNDA:6,Ai
FNDA:72,(anonymous_1)
FNDA:1,(anonymous_2)
FNDA:6,(anonymous_3)
FNDA:253,(anonymous_4)
FNDA:2,(anonymous_5)
FNDA:3,(anonymous_6)
FNDA:2,(anonymous_7)
FNDA:2,(anonymous_8)
FNDA:0,(anonymous_9)
FNDA:253,step
FNDA:255,getContext
FNDA:1,gameOver
FNDA:0,(anonymous_13)
FNDA:2,(anonymous_14)
DA:12,15
DA:32,6
DA:34,72
DA:36,6
DA:39,6
DA:40,6
DA:44,6
DA:46,6
DA:48,6
DA:49,4
DA:52,253
DA:54,2
DA:56,2
DA:57,2
DA:61,6
DA:62,3
DA:64,2
DA:65,2
DA:75,253
DA:76,0
DA:79,253
DA:80,253
DA:81,129
DA:82,129
DA:84,129
DA:85,129
DA:87,124
DA:88,124
DA:90,124
DA:91,124
DA:93,253
DA:95,253
DA:96,253
DA:100,255
DA:101,255
DA:102,0
DA:104,255
DA:105,255
DA:106,0
DA:108,255
DA:112,1
DA:115,6
DA:129,0
DA:130,2
LF:44
LH:40
BRDA:48,0,0,4
BRDA:48,0,1,2
BRDA:64,1,0,2
BRDA:64,1,1,0
BRDA:75,2,0,0
BRDA:75,2,1,253
BRDA:80,3,0,129
BRDA:80,3,1,124
BRDA:101,4,0,0
BRDA:101,4,1,255
BRDA:105,5,0,0
BRDA:105,5,1,255
BRF:12
BRH:8
end_of_record
TN:
SF:src/main/js/widgets/ColorViewer.tsx
FN:8,ColorViewer
FNF:1
FNH:1
FNDA:382,ColorViewer
DA:9,382
LF:1
LH:1
BRF:0
BRH:0
end_of_record
TN:
SF:src/main/js/widgets/FieldSizeSelector.tsx
FN:12,FieldSizeSelector
FN:23,(anonymous_1)
FN:30,(anonymous_2)
FN:34,(anonymous_3)
FNF:4
FNH:4
FNDA:245,FieldSizeSelector
FNDA:4,(anonymous_1)
FNDA:4,(anonymous_2)
FNDA:1,(anonymous_3)
DA:13,245
DA:14,244
DA:16,244
DA:23,4
DA:30,4
DA:34,1
LF:6
LH:6
BRF:0
BRH:0
end_of_record
TN:
SF:src/main/js/widgets/GameView.tsx
FN:34,GameView
FN:63,(anonymous_1)
FN:67,(anonymous_2)
FN:72,(anonymous_3)
FN:78,(anonymous_4)
FN:91,(anonymous_5)
FN:114,(anonymous_6)
FN:121,newGame
FN:126,init
FN:137,joinNewGame
FN:147,join
FN:154,updateIdentity
FN:177,move
FN:189,reset
FN:200,unpause
FN:213,pause
FN:226,togglePause
FN:234,updateGameState
FN:239,updateHighscore
FN:248,updateGlobalHighscore
FN:257,handleKeydown
FN:288,handleTouchStart
FN:297,handleTouchMove
FN:330,handleNameCommit
FN:334,addAutopilot
FN:353,(anonymous_25)
FN:357,(anonymous_26)
FN:358,(anonymous_27)
FN:359,(anonymous_28)
FN:360,(anonymous_29)
FN:371,(anonymous_30)
FN:372,(anonymous_31)
FN:373,(anonymous_32)
FN:375,(anonymous_33)
FN:376,(anonymous_34)
FNF:35
FNH:35
FNDA:238,GameView
FNDA:14,(anonymous_1)
FNDA:14,(anonymous_2)
FNDA:33,(anonymous_3)
FNDA:59,(anonymous_4)
FNDA:29,(anonymous_5)
FNDA:2,(anonymous_6)
FNDA:1,newGame
FNDA:15,init
FNDA:13,joinNewGame
FNDA:2,join
FNDA:14,updateIdentity
FNDA:13,move
FNDA:2,reset
FNDA:16,unpause
FNDA:6,pause
FNDA:9,togglePause
FNDA:65,updateGameState
FNDA:15,updateHighscore
FNDA:14,updateGlobalHighscore
FNDA:11,handleKeydown
FNDA:4,handleTouchStart
FNDA:4,handleTouchMove
FNDA:1,handleNameCommit
FNDA:4,addAutopilot
FNDA:235,(anonymous_25)
FNDA:11,(anonymous_26)
FNDA:4,(anonymous_27)
FNDA:4,(anonymous_28)
FNDA:28,(anonymous_29)
FNDA:1,(anonymous_30)
FNDA:1,(anonymous_31)
FNDA:4,(anonymous_32)
FNDA:8,(anonymous_33)
FNDA:1,(anonymous_34)
DA:35,238
DA:36,238
DA:37,238
DA:39,238
DA:41,237
DA:44,2
DA:45,2
DA:48,237
DA:49,237
DA:50,237
DA:51,237
DA:52,237
DA:53,237
DA:54,237
DA:55,237
DA:57,237
DA:58,237
DA:59,237
DA:61,237
DA:63,237
DA:64,14
DA:66,14
DA:68,14
DA:72,237
DA:73,33
DA:74,3
DA:78,237
DA:79,59
DA:80,42
DA:83,17
DA:88,17
DA:91,237
DA:92,29
DA:93,14
DA:96,15
DA:103,15
DA:107,15
DA:112,15
DA:114,15
DA:115,2
DA:116,2
DA:117,2
DA:122,1
DA:123,1
DA:130,15
DA:131,13
DA:133,2
DA:138,13
DA:139,13
DA:148,2
DA:155,14
DA:157,14
DA:158,14
DA:159,14
DA:160,14
DA:161,14
DA:163,14
DA:164,14
DA:165,14
DA:169,14
DA:170,14
DA:171,2
DA:173,12
DA:178,13
DA:179,0
DA:180,0
DA:183,13
DA:190,2
DA:191,0
DA:192,0
DA:195,2
DA:201,16
DA:202,9
DA:203,0
DA:204,0
DA:207,9
DA:214,6
DA:215,6
DA:216,0
DA:217,0
DA:220,6
DA:227,9
DA:228,3
DA:230,6
DA:235,65
DA:236,65
DA:240,15
DA:241,0
DA:244,15
DA:245,15
DA:249,14
DA:250,0
DA:253,14
DA:254,14
DA:258,11
DA:261,3
DA:262,3
DA:263,3
DA:266,1
DA:267,1
DA:268,1
DA:271,2
DA:272,2
DA:273,2
DA:276,3
DA:277,3
DA:278,3
DA:280,1
DA:281,1
DA:283,1
DA:284,1
DA:289,4
DA:291,4
DA:298,4
DA:299,4
DA:300,0
DA:303,4
DA:304,4
DA:306,4
DA:307,4
DA:310,4
DA:311,2
DA:312,1
DA:314,1
DA:317,2
DA:318,1
DA:320,1
DA:324,4
DA:326,4
DA:327,4
DA:331,1
DA:335,4
DA:337,4
DA:338,0
DA:339,0
DA:342,4
DA:348,237
DA:353,235
DA:357,11
DA:358,4
DA:359,4
DA:360,28
DA:371,1
DA:372,1
DA:373,4
DA:375,8
DA:376,1
LF:147
LH:134
BRDA:41,0,0,2
BRDA:41,0,1,235
BRDA:73,1,0,3
BRDA:73,1,1,30
BRDA:79,2,0,42
BRDA:79,2,1,17
BRDA:79,3,0,59
BRDA:79,3,1,45
BRDA:79,3,2,30
BRDA:92,4,0,14
BRDA:92,4,1,15
BRDA:103,5,0,13
BRDA:103,5,1,2
BRDA:130,6,0,13
BRDA:130,6,1,2
BRDA:170,7,0,2
BRDA:170,7,1,12
BRDA:178,8,0,0
BRDA:178,8,1,13
BRDA:178,9,0,13
BRDA:178,9,1,13
BRDA:190,10,0,0
BRDA:190,10,1,2
BRDA:190,11,0,2
BRDA:190,11,1,2
BRDA:201,12,0,9
BRDA:201,12,1,7
BRDA:202,13,0,0
BRDA:202,13,1,9
BRDA:202,14,0,9
BRDA:202,14,1,9
BRDA:214,15,0,6
BRDA:214,15,1,0
BRDA:215,16,0,0
BRDA:215,16,1,6
BRDA:215,17,0,6
BRDA:215,17,1,6
BRDA:227,18,0,3
BRDA:227,18,1,6
BRDA:240,19,0,0
BRDA:240,19,1,15
BRDA:249,20,0,0
BRDA:249,20,1,14
BRDA:258,21,0,1
BRDA:258,21,1,3
BRDA:258,21,2,1
BRDA:258,21,3,1
BRDA:258,21,4,1
BRDA:258,21,5,2
BRDA:258,21,6,1
BRDA:258,21,7,3
BRDA:258,21,8,1
BRDA:258,21,9,1
BRDA:299,22,0,0
BRDA:299,22,1,4
BRDA:299,23,0,4
BRDA:299,23,1,4
BRDA:310,24,0,2
BRDA:310,24,1,2
BRDA:311,25,0,1
BRDA:311,25,1,1
BRDA:317,26,0,1
BRDA:317,26,1,1
BRDA:337,27,0,0
BRDA:337,27,1,4
BRDA:337,28,0,4
BRDA:337,28,1,4
BRF:67
BRH:58
end_of_record
TN:
SF:src/main/js/widgets/LoginDialog.tsx
FN:20,LoginDialog
FN:39,(anonymous_1)
FN:41,(anonymous_2)
FN:44,(anonymous_3)
FNF:4
FNH:4
FNDA:166,LoginDialog
FNDA:2,(anonymous_1)
FNDA:1,(anonymous_2)
FNDA:1,(anonymous_3)
DA:22,166
DA:33,166
DA:40,2
DA:42,1
DA:45,1
DA:46,0
DA:49,1
DA:50,1
DA:59,166
DA:83,166
LF:10
LH:9
BRDA:45,0,0,0
BRDA:45,0,1,1
BRDA:49,1,0,1
BRDA:49,1,1,0
BRDA:67,2,0,166
BRDA:67,2,1,5
BRDA:68,3,0,166
BRDA:68,3,1,5
BRDA:78,4,0,166
BRDA:78,4,1,5
BRDA:79,5,0,166
BRDA:79,5,1,5
BRF:12
BRH:10
end_of_record
TN:
SF:src/main/js/widgets/PlayerName.tsx
FN:15,PlayerName
FN:21,onToggleEditMode
FN:26,onRevert
FN:31,onAccept
FN:47,(anonymous_4)
FNF:5
FNH:5
FNDA:133,PlayerName
FNDA:4,onToggleEditMode
FNDA:1,onRevert
FNDA:1,onAccept
FNDA:22,(anonymous_4)
DA:17,133
DA:18,133
DA:19,133
DA:22,4
DA:23,4
DA:27,1
DA:28,1
DA:32,1
DA:33,1
DA:36,133
DA:47,22
LF:11
LH:11
BRDA:42,0,0,24
BRDA:42,0,1,109
BRDA:54,1,0,133
BRDA:54,1,1,126
BRDA:54,1,2,24
BRDA:63,2,0,133
BRDA:63,2,1,126
BRDA:63,2,2,24
BRDA:72,3,0,133
BRDA:72,3,1,126
BRDA:72,3,2,102
BRF:11
BRH:11
end_of_record
TN:
SF:src/main/js/widgets/PlayerPane.tsx
FN:30,PlayerPane
FN:42,(anonymous_1)
FN:45,(anonymous_2)
FN:68,(anonymous_3)
FN:75,(anonymous_4)
FNF:5
FNH:5
FNDA:237,PlayerPane
FNDA:8,(anonymous_1)
FNDA:1,(anonymous_2)
FNDA:1,(anonymous_3)
FNDA:4,(anonymous_4)
DA:31,237
DA:42,8
DA:45,1
DA:68,1
DA:75,4
LF:5
LH:5
BRDA:43,0,0,150
BRDA:43,0,1,86
BRDA:58,1,0,236
BRDA:58,1,1,108
BRF:4
BRH:4
end_of_record
TN:
SF:src/main/js/widgets/Profile.tsx
FN:24,Profile
FN:29,(anonymous_1)
FN:31,getUserFailed
FN:35,getUserData
FN:42,(anonymous_4)
FN:43,(anonymous_5)
FN:46,(anonymous_6)
FN:47,(anonymous_7)
FN:54,(anonymous_8)
FN:55,(anonymous_9)
FNF:10
FNH:6
FNDA:4,Profile
FNDA:1,(anonymous_1)
FNDA:0,getUserFailed
FNDA:1,getUserData
FNDA:1,(anonymous_4)
FNDA:0,(anonymous_5)
FNDA:1,(anonymous_6)
FNDA:0,(anonymous_7)
FNDA:1,(anonymous_8)
FNDA:0,(anonymous_9)
DA:26,4
DA:27,4
DA:29,4
DA:32,0
DA:36,1
DA:37,1
DA:38,0
DA:41,1
DA:42,1
DA:43,0
DA:45,1
DA:47,1
DA:48,0
DA:54,1
DA:55,0
DA:58,4
LF:16
LH:11
BRDA:37,0,0,0
BRDA:37,0,1,1
BRDA:60,1,0,3
BRDA:60,1,1,1
BRF:4
BRH:3
end_of_record
TN:
SF:src/main/js/widgets/RegisterDialog.tsx
FN:21,RegisterDialog
FN:48,(anonymous_1)
FN:50,(anonymous_2)
FN:53,(anonymous_3)
FNF:4
FNH:4
FNDA:386,RegisterDialog
FNDA:4,(anonymous_1)
FNDA:2,(anonymous_2)
FNDA:2,(anonymous_3)
DA:23,386
DA:41,386
DA:49,4
DA:51,2
DA:54,2
DA:55,2
DA:61,386
DA:95,386
LF:8
LH:8
BRDA:54,0,0,2
BRDA:54,0,1,0
BRDA:69,1,0,386
BRDA:69,1,1,132
BRDA:70,2,0,386
BRDA:70,2,1,132
BRDA:79,3,0,386
BRDA:79,3,1,132
BRDA:80,4,0,386
BRDA:80,4,1,132
BRDA:90,5,0,386
BRDA:90,5,1,132
BRDA:91,6,0,386
BRDA:91,6,1,132
BRF:14
BRH:13
end_of_record
TN:
SF:src/main/js/widgets/ScorePane.tsx
FN:13,ScorePane
FN:15,(anonymous_1)
FNF:2
FNH:2
FNDA:236,ScorePane
FNDA:249,(anonymous_1)
DA:15,236
DA:16,249
DA:24,236
LF:3
LH:3
BRF:0
BRH:0
end_of_record
TN:
SF:src/main/js/widgets/Scores.tsx
FN:17,Scores
FN:18,(anonymous_1)
FNF:2
FNH:2
FNDA:708,Scores
FNDA:249,(anonymous_1)
DA:18,708
DA:19,249
DA:32,708
LF:3
LH:3
BRF:0
BRH:0
end_of_record
TN:
SF:src/main/js/widgets/ShareLink.tsx
FN:8,ShareLink
FN:21,(anonymous_1)
FN:25,(anonymous_2)
FN:26,(anonymous_3)
FNF:4
FNH:2
FNDA:237,ShareLink
FNDA:1,(anonymous_1)
FNDA:0,(anonymous_2)
FNDA:0,(anonymous_3)
DA:10,237
DA:12,237
DA:22,1
DA:23,1
DA:25,0
DA:26,0
LF:6
LH:4
BRF:0
BRH:0
end_of_record
TN:
SF:src/main/js/widgets/SimpleFormDialog.tsx
FN:22,SimpleFormDialog
FN:26,handleClickOpen
FN:30,handleClose
FN:37,(anonymous_3)
FN:40,(anonymous_4)
FN:47,(anonymous_5)
FNF:6
FNH:6
FNDA:558,SimpleFormDialog
FNDA:6,handleClickOpen
FNDA:2,handleClose
FNDA:6,(anonymous_3)
FNDA:1,(anonymous_4)
FNDA:1,(anonymous_5)
DA:24,558
DA:27,6
DA:31,2
DA:32,2
DA:35,558
DA:37,6
DA:40,1
DA:47,1
LF:8
LH:8
BRF:0
BRH:0
end_of_record
