TN:
SF:src/main/js/App.tsx
FN:16,App
FN:19,(anonymous_1)
FN:25,(anonymous_2)
FNF:3
FNH:3
FNDA:37,App
FNDA:15,(anonymous_1)
FNDA:6,(anonymous_2)
DA:12,15
DA:13,0
DA:17,37
DA:19,36
DA:21,36
DA:25,6
DA:43,15
LF:7
LH:6
BRDA:12,0,0,0
BRDA:12,0,1,15
BRDA:12,1,0,15
BRDA:12,1,1,15
BRF:4
BRH:3
end_of_record
TN:
SF:src/main/js/GenId.ts
FN:2,genId
FNF:1
FNH:1
FNDA:13,genId
DA:3,13
DA:4,13
DA:5,13
DA:6,13
DA:7,130
DA:9,13
LF:6
LH:6
BRF:0
BRH:0
end_of_record
TN:
SF:src/main/js/NavBar.tsx
FN:31,NavBar
FN:32,(anonymous_1)
FN:35,testJwt
FN:40,(anonymous_3)
FN:47,(anonymous_4)
FN:49,(anonymous_5)
FN:92,(anonymous_6)
FN:105,(anonymous_7)
FN:113,(anonymous_8)
FNF:9
FNH:6
FNDA:36,NavBar
FNDA:15,(anonymous_1)
FNDA:15,testJwt
FNDA:0,(anonymous_3)
FNDA:0,(anonymous_4)
FNDA:0,(anonymous_5)
FNDA:3,(anonymous_6)
FNDA:1,(anonymous_7)
FNDA:2,(anonymous_8)
DA:32,36
DA:36,15
DA:37,0
DA:38,0
DA:40,0
DA:44,15
DA:47,15
DA:49,15
DA:52,36
DA:93,3
DA:94,3
DA:105,1
DA:113,2
LF:13
LH:10
BRDA:36,0,0,0
BRDA:36,0,1,15
BRDA:38,1,0,0
BRDA:38,1,1,0
BRDA:67,2,0,36
BRDA:67,2,1,3
BRDA:91,3,0,36
BRDA:91,3,1,3
BRDA:100,4,0,36
BRDA:100,4,1,33
BRDA:108,5,0,36
BRDA:108,5,1,33
BRF:12
BRH:9
end_of_record
TN:
SF:src/main/js/SnakeLogic/JsGameState.ts
FN:22,(anonymous_0)
FN:37,(anonymous_1)
FN:40,(anonymous_2)
FN:41,(anonymous_3)
FN:46,(anonymous_4)
FN:51,(anonymous_5)
FN:55,(anonymous_6)
FN:60,(anonymous_7)
FN:71,(anonymous_8)
FN:85,(anonymous_9)
FN:124,(anonymous_10)
FN:192,(anonymous_11)
FN:198,(anonymous_12)
FN:224,(anonymous_13)
FN:241,(anonymous_14)
FN:263,(anonymous_15)
FN:280,(anonymous_16)
FN:293,(anonymous_17)
FN:306,(anonymous_18)
FN:319,(anonymous_19)
FN:333,(anonymous_20)
FNF:21
FNH:21
FNDA:250,(anonymous_0)
FNDA:2131,(anonymous_1)
FNDA:2131,(anonymous_2)
FNDA:7990,(anonymous_3)
FNDA:1459,(anonymous_4)
FNDA:205,(anonymous_5)
FNDA:720,(anonymous_6)
FNDA:514,(anonymous_7)
FNDA:263,(anonymous_8)
FNDA:107,(anonymous_9)
FNDA:128,(anonymous_10)
FNDA:1408,(anonymous_11)
FNDA:128,(anonymous_12)
FNDA:128,(anonymous_13)
FNDA:107,(anonymous_14)
FNDA:1741,(anonymous_15)
FNDA:269,(anonymous_16)
FNDA:256,(anonymous_17)
FNDA:512,(anonymous_18)
FNDA:251,(anonymous_19)
FNDA:235,(anonymous_20)
DA:23,250
DA:24,250
DA:25,250
DA:26,250
DA:27,250
DA:28,250
DA:30,250
DA:31,250
DA:33,250
DA:38,2131
DA:39,2131
DA:40,2131
DA:41,7990
DA:47,1459
DA:48,1459
DA:52,205
DA:56,720
DA:57,720
DA:61,514
DA:62,0
DA:65,514
DA:66,518
DA:68,514
DA:72,263
DA:86,107
DA:87,107
DA:88,1070
DA:89,1070
DA:90,10700
DA:91,10700
DA:92,32100
DA:96,107
DA:99,107
DA:100,107
DA:103,107
DA:104,107
DA:107,107
DA:108,107
DA:109,790
DA:110,790
DA:113,107
DA:125,128
DA:126,128
DA:128,128
DA:129,128
DA:132,128
DA:133,63
DA:135,65
DA:139,128
DA:140,123
DA:142,5
DA:146,128
DA:147,5
DA:149,123
DA:153,128
DA:154,53
DA:156,75
DA:160,128
DA:161,128
DA:162,128
DA:163,128
DA:164,128
DA:165,128
DA:166,128
DA:170,128
DA:171,128
DA:172,128
DA:173,128
DA:174,128
DA:175,128
DA:176,128
DA:177,128
DA:180,128
DA:181,128
DA:182,128
DA:183,128
DA:184,128
DA:185,128
DA:186,128
DA:187,128
DA:189,128
DA:193,1408
DA:194,727
DA:195,681
DA:200,128
DA:201,128
DA:206,128
DA:208,32
DA:209,32
DA:211,20
DA:212,20
DA:214,22
DA:215,22
DA:217,54
DA:218,54
DA:221,128
DA:225,128
DA:226,128
DA:229,13
DA:230,13
DA:233,115
DA:236,0
DA:237,0
DA:242,107
DA:243,107
DA:246,34
DA:247,34
DA:250,24
DA:251,24
DA:254,27
DA:255,27
DA:258,22
DA:259,22
DA:264,1741
DA:267,459
DA:270,419
DA:273,455
DA:276,408
DA:281,269
DA:283,43
DA:285,111
DA:287,47
DA:289,68
DA:294,256
DA:296,40
DA:298,108
DA:300,44
DA:302,64
DA:307,512
DA:309,80
DA:311,216
DA:313,88
DA:315,128
DA:320,251
DA:321,251
DA:322,251
DA:324,251
DA:325,251
DA:326,0
DA:329,251
DA:330,251
DA:334,235
DA:335,235
DA:337,205
DA:340,205
DA:342,205
DA:343,12
DA:344,12
DA:347,205
DA:348,189
DA:351,205
DA:352,1
DA:355,205
DA:357,30
DA:358,30
DA:359,1
DA:360,1
DA:361,1
DA:362,1
LF:159
LH:155
BRDA:41,0,0,7990
BRDA:41,0,1,1259
BRDA:48,1,0,1459
BRDA:48,1,1,1350
BRDA:48,1,2,1247
BRDA:48,1,3,1113
BRDA:52,2,0,205
BRDA:52,2,1,205
BRDA:52,2,2,51
BRDA:61,3,0,0
BRDA:61,3,1,514
BRDA:99,4,0,107
BRDA:99,4,1,0
BRDA:103,5,0,107
BRDA:103,5,1,0
BRDA:128,6,0,0
BRDA:128,6,1,128
BRDA:132,7,0,63
BRDA:132,7,1,65
BRDA:139,8,0,123
BRDA:139,8,1,5
BRDA:139,9,0,128
BRDA:139,9,1,123
BRDA:146,10,0,5
BRDA:146,10,1,123
BRDA:146,11,0,128
BRDA:146,11,1,5
BRDA:153,12,0,53
BRDA:153,12,1,75
BRDA:193,13,0,727
BRDA:193,13,1,681
BRDA:193,14,0,1408
BRDA:193,14,1,1147
BRDA:206,15,0,32
BRDA:206,15,1,20
BRDA:206,15,2,22
BRDA:206,15,3,54
BRDA:226,16,0,13
BRDA:226,16,1,115
BRDA:226,16,2,0
BRDA:243,17,0,34
BRDA:243,17,1,24
BRDA:243,17,2,27
BRDA:243,17,3,22
BRDA:264,18,0,459
BRDA:264,18,1,419
BRDA:264,18,2,455
BRDA:264,18,3,408
BRDA:281,19,0,43
BRDA:281,19,1,111
BRDA:281,19,2,47
BRDA:281,19,3,68
BRDA:294,20,0,40
BRDA:294,20,1,108
BRDA:294,20,2,44
BRDA:294,20,3,64
BRDA:307,21,0,80
BRDA:307,21,1,216
BRDA:307,21,2,88
BRDA:307,21,3,128
BRDA:325,22,0,0
BRDA:325,22,1,251
BRDA:335,23,0,205
BRDA:335,23,1,30
BRDA:335,24,0,235
BRDA:335,24,1,205
BRDA:342,25,0,12
BRDA:342,25,1,193
BRDA:351,26,0,1
BRDA:351,26,1,204
BRDA:351,27,0,205
BRDA:351,27,1,205
BRDA:358,28,0,1
BRDA:358,28,1,29
BRDA:359,29,0,0
BRDA:359,29,1,1
BRDA:360,30,0,1
BRDA:360,30,1,1
BRF:78
BRH:71
end_of_record
TN:
SF:src/main/js/SnakeLogic/JsSnake.ts
FN:16,(anonymous_0)
FNF:1
FNH:1
FNDA:250,(anonymous_0)
DA:17,250
DA:18,250
DA:19,250
DA:20,250
DA:21,250
DA:22,250
DA:24,250
LF:7
LH:7
BRF:0
BRH:0
end_of_record
TN:
SF:src/main/js/auth/AuthService.ts
FN:19,(anonymous_0)
FN:25,(anonymous_1)
FN:35,(anonymous_2)
FN:39,(anonymous_3)
FN:46,(anonymous_4)
FN:49,(anonymous_5)
FNF:6
FNH:6
FNDA:4,(anonymous_0)
FNDA:3,(anonymous_1)
FNDA:3,(anonymous_2)
FNDA:4,(anonymous_3)
FNDA:2,(anonymous_4)
FNDA:36,(anonymous_5)
DA:5,15
DA:7,15
DA:8,15
DA:9,15
DA:11,15
DA:13,15
DA:15,15
DA:20,4
DA:27,3
DA:28,3
DA:31,3
DA:36,3
DA:40,4
DA:46,2
DA:50,36
DA:51,36
LF:16
LH:16
BRDA:9,0,0,15
BRDA:9,0,1,0
BRDA:9,1,0,15
BRDA:9,1,1,15
BRDA:27,2,0,3
BRDA:27,2,1,0
BRDA:51,3,0,36
BRDA:51,3,1,3
BRF:8
BRH:6
end_of_record
TN:
SF:src/main/js/auth/authHeader.ts
FN:5,authHeader
FNF:1
FNH:1
FNDA:1,authHeader
DA:6,1
DA:7,1
DA:9,1
DA:10,1
DA:12,0
LF:5
LH:4
BRDA:7,0,0,1
BRDA:7,0,1,1
BRDA:9,1,0,1
BRDA:9,1,1,0
BRDA:9,2,0,1
BRDA:9,2,1,1
BRF:6
BRH:5
end_of_record
TN:
SF:src/main/js/visualization/canvas.tsx
FN:17,Canvas
FN:22,(anonymous_1)
FN:32,(anonymous_2)
FN:55,(anonymous_3)
FN:56,(anonymous_4)
FNF:5
FNH:5
FNDA:242,Canvas
FNDA:14,(anonymous_1)
FNDA:242,(anonymous_2)
FNDA:12,(anonymous_3)
FNDA:16,(anonymous_4)
DA:18,242
DA:20,242
DA:22,242
DA:23,14
DA:25,14
DA:26,0
DA:29,14
DA:32,242
DA:33,242
DA:35,242
DA:36,0
DA:39,242
DA:41,242
DA:42,0
DA:45,242
DA:48,242
DA:55,12
DA:56,16
LF:18
LH:15
BRDA:25,0,0,0
BRDA:25,0,1,14
BRDA:35,1,0,0
BRDA:35,1,1,242
BRDA:41,2,0,0
BRDA:41,2,1,242
BRF:6
BRH:3
end_of_record
TN:
SF:src/main/js/visualization/canvasDraw.ts
FN:19,drawSnake
FN:55,draw
FN:74,(anonymous_2)
FNF:3
FNH:3
FNDA:496,drawSnake
FNDA:480,draw
FNDA:496,(anonymous_2)
DA:12,15
DA:20,496
DA:21,496
DA:23,496
DA:24,32
DA:26,464
DA:29,496
DA:30,496
DA:31,496
DA:32,496
DA:33,84
DA:35,496
DA:36,116
DA:38,496
DA:39,136
DA:41,496
DA:42,160
DA:45,496
DA:46,496
DA:47,496
DA:48,496
DA:49,1593
DA:51,496
DA:52,496
DA:56,480
DA:57,0
DA:60,480
DA:61,480
DA:62,480
DA:64,480
DA:65,480
DA:67,480
DA:68,480
DA:69,480
DA:70,480
DA:71,480
DA:74,496
DA:76,480
DA:77,99
DA:78,99
DA:79,99
DA:80,99
DA:81,99
DA:82,99
DA:85,480
DA:86,155
DA:87,155
DA:88,155
DA:89,155
DA:90,155
DA:91,155
DA:94,480
DA:95,1
DA:96,1
DA:97,1
DA:98,1
DA:99,1
DA:100,1
LF:58
LH:57
BRDA:23,0,0,32
BRDA:23,0,1,464
BRDA:32,1,0,84
BRDA:32,1,1,412
BRDA:35,2,0,116
BRDA:35,2,1,380
BRDA:38,3,0,136
BRDA:38,3,1,360
BRDA:41,4,0,160
BRDA:41,4,1,336
BRDA:56,5,0,0
BRDA:56,5,1,480
BRDA:67,6,0,480
BRDA:67,6,1,0
BRDA:76,7,0,99
BRDA:76,7,1,381
BRDA:85,8,0,155
BRDA:85,8,1,325
BRDA:94,9,0,1
BRDA:94,9,1,479
BRF:20
BRH:18
end_of_record
TN:
SF:src/main/js/visualization/color.ts
FN:3,hsv_to_rgb
FN:27,componentToHex
FN:32,rgbToHex
FN:39,hue_from_idx
FN:49,idx2color
FN:54,desaturized_idx2color
FNF:6
FNH:6
FNDA:865,hsv_to_rgb
FNDA:2595,componentToHex
FNDA:865,rgbToHex
FNDA:865,hue_from_idx
FNDA:833,idx2color
FNDA:32,desaturized_idx2color
DA:4,865
DA:5,865
DA:6,865
DA:7,865
DA:8,865
DA:11,865
DA:12,8
DA:13,857
DA:14,833
DA:15,24
DA:16,0
DA:17,24
DA:18,10
DA:19,14
DA:20,0
DA:21,14
DA:22,14
DA:24,0
DA:28,2595
DA:29,2595
DA:33,865
DA:36,865
DA:40,865
DA:41,865
DA:43,865
DA:44,865
DA:46,865
DA:50,833
DA:51,833
DA:55,32
DA:56,32
LF:31
LH:28
BRDA:11,0,0,8
BRDA:11,0,1,857
BRDA:13,1,0,833
BRDA:13,1,1,24
BRDA:15,2,0,0
BRDA:15,2,1,24
BRDA:17,3,0,10
BRDA:17,3,1,14
BRDA:19,4,0,0
BRDA:19,4,1,14
BRDA:21,5,0,14
BRDA:21,5,1,0
BRDA:29,6,0,0
BRDA:29,6,1,2595
BRF:14
BRH:10
end_of_record
TN:
SF:src/main/js/websockets/BufferedStompClient.ts
FN:8,(anonymous_0)
FN:14,(anonymous_1)
FN:22,(anonymous_2)
FNF:3
FNH:3
FNDA:15,(anonymous_0)
FNDA:67,(anonymous_1)
FNDA:15,(anonymous_2)
DA:9,15
DA:11,15
DA:15,67
DA:16,15
DA:18,52
DA:23,15
DA:24,15
LF:7
LH:7
BRDA:15,0,0,15
BRDA:15,0,1,52
BRF:2
BRH:2
end_of_record
TN:
SF:src/main/js/websockets/websocket-listener.ts
FN:13,(anonymous_0)
FN:23,(anonymous_1)
FN:29,(anonymous_2)
FN:30,(anonymous_3)
FN:36,(anonymous_4)
FNF:5
FNH:4
FNDA:15,(anonymous_0)
FNDA:447,(anonymous_1)
FNDA:15,(anonymous_2)
FNDA:60,(anonymous_3)
FNDA:0,(anonymous_4)
DA:13,15
DA:15,15
DA:16,0
DA:18,15
DA:21,15
DA:24,447
DA:29,15
DA:30,15
DA:31,60
DA:33,15
DA:36,15
DA:37,0
DA:38,0
DA:41,15
DA:43,15
LF:15
LH:12
BRDA:15,0,0,0
BRDA:15,0,1,15
BRF:2
BRH:1
end_of_record
TN:
SF:src/main/js/widgets/AddAutopilot.tsx
FN:16,AddAutopilot
FN:27,(anonymous_1)
FN:28,(anonymous_2)
FN:29,(anonymous_3)
FN:38,(anonymous_4)
FNF:5
FNH:5
FNDA:253,AddAutopilot
FNDA:264,(anonymous_1)
FNDA:283,(anonymous_2)
FNDA:6,(anonymous_3)
FNDA:4,(anonymous_4)
DA:17,253
DA:19,253
DA:27,264
DA:28,283
DA:30,6
DA:31,6
DA:38,4
LF:7
LH:7
BRDA:17,0,0,253
BRDA:17,0,1,246
BRDA:25,1,0,253
BRDA:25,1,1,246
BRDA:30,2,0,6
BRDA:30,2,1,6
BRDA:31,3,0,6
BRDA:31,3,1,2
BRDA:31,3,2,2
BRDA:34,4,0,253
BRDA:34,4,1,246
BRDA:38,5,0,4
BRDA:38,5,1,4
BRDA:41,6,0,246
BRDA:41,6,1,246
BRDA:45,7,0,253
BRDA:45,7,1,246
BRDA:46,8,0,253
BRDA:46,8,1,18
BRF:19
BRH:19
end_of_record
TN:
SF:src/main/js/widgets/Ai.tsx
FN:30,Ai
FN:34,(anonymous_1)
FN:39,(anonymous_2)
FN:46,(anonymous_3)
FN:52,(anonymous_4)
FN:56,(anonymous_5)
FN:61,(anonymous_6)
FN:62,(anonymous_7)
FN:62,(anonymous_8)
FN:64,(anonymous_9)
FN:74,step
FN:99,getContext
FN:111,gameOver
FN:129,(anonymous_13)
FN:130,(anonymous_14)
FNF:15
FNH:13
FNDA:7,Ai
FNDA:84,(anonymous_1)
FNDA:1,(anonymous_2)
FNDA:7,(anonymous_3)
FNDA:235,(anonymous_4)
FNDA:2,(anonymous_5)
FNDA:3,(anonymous_6)
FNDA:3,(anonymous_7)
FNDA:3,(anonymous_8)
FNDA:0,(anonymous_9)
FNDA:235,step
FNDA:238,getContext
FNDA:1,gameOver
FNDA:0,(anonymous_13)
FNDA:2,(anonymous_14)
DA:12,15
DA:32,7
DA:34,84
DA:36,7
DA:39,7
DA:40,7
DA:44,7
DA:46,7
DA:48,7
DA:49,4
DA:52,235
DA:54,3
DA:56,3
DA:57,2
DA:61,7
DA:62,3
DA:64,3
DA:65,3
DA:75,235
DA:76,0
DA:79,235
DA:80,235
DA:81,107
DA:82,107
DA:84,107
DA:85,107
DA:87,128
DA:88,128
DA:90,128
DA:91,128
DA:93,235
DA:95,235
DA:96,235
DA:100,238
DA:101,238
DA:102,0
DA:104,238
DA:105,238
DA:106,0
DA:108,238
DA:112,1
DA:115,7
DA:129,0
DA:130,2
LF:44
LH:40
BRDA:48,0,0,4
BRDA:48,0,1,3
BRDA:64,1,0,3
BRDA:64,1,1,0
BRDA:75,2,0,0
BRDA:75,2,1,235
BRDA:80,3,0,107
BRDA:80,3,1,128
BRDA:101,4,0,0
BRDA:101,4,1,238
BRDA:105,5,0,0
BRDA:105,5,1,238
BRF:12
BRH:8
end_of_record
TN:
SF:src/main/js/widgets/ColorViewer.tsx
FN:8,ColorViewer
FNF:1
FNH:1
FNDA:394,ColorViewer
DA:9,394
LF:1
LH:1
BRF:0
BRH:0
end_of_record
TN:
SF:src/main/js/widgets/FieldSizeSelector.tsx
FN:12,FieldSizeSelector
FN:23,(anonymous_1)
FN:30,(anonymous_2)
FN:34,(anonymous_3)
FNF:4
FNH:4
FNDA:251,FieldSizeSelector
FNDA:4,(anonymous_1)
FNDA:4,(anonymous_2)
FNDA:1,(anonymous_3)
DA:13,251
DA:14,250
DA:16,250
DA:23,4
DA:30,4
DA:34,1
LF:6
LH:6
BRF:0
BRH:0
end_of_record
TN:
SF:src/main/js/widgets/GameView.tsx
FN:34,GameView
FN:63,(anonymous_1)
FN:67,(anonymous_2)
FN:72,(anonymous_3)
FN:78,(anonymous_4)
FN:91,(anonymous_5)
FN:114,(anonymous_6)
FN:121,newGame
FN:126,init
FN:137,joinNewGame
FN:147,join
FN:154,updateIdentity
FN:177,move
FN:189,reset
FN:200,unpause
FN:213,pause
FN:226,togglePause
FN:234,updateGameState
FN:239,updateHighscore
FN:248,updateGlobalHighscore
FN:257,handleKeydown
FN:288,handleTouchStart
FN:297,handleTouchMove
FN:330,handleNameCommit
FN:334,addAutopilot
FN:353,(anonymous_25)
FN:357,(anonymous_26)
FN:358,(anonymous_27)
FN:359,(anonymous_28)
FN:360,(anonymous_29)
FN:371,(anonymous_30)
FN:372,(anonymous_31)
FN:373,(anonymous_32)
FN:375,(anonymous_33)
FN:376,(anonymous_34)
FNF:35
FNH:35
FNDA:244,GameView
FNDA:14,(anonymous_1)
FNDA:14,(anonymous_2)
FNDA:33,(anonymous_3)
FNDA:61,(anonymous_4)
FNDA:29,(anonymous_5)
FNDA:2,(anonymous_6)
FNDA:1,newGame
FNDA:15,init
FNDA:13,joinNewGame
FNDA:2,join
FNDA:15,updateIdentity
FNDA:13,move
FNDA:2,reset
FNDA:16,unpause
FNDA:6,pause
FNDA:9,togglePause
FNDA:66,updateGameState
FNDA:15,updateHighscore
FNDA:15,updateGlobalHighscore
FNDA:11,handleKeydown
FNDA:4,handleTouchStart
FNDA:4,handleTouchMove
FNDA:1,handleNameCommit
FNDA:4,addAutopilot
FNDA:242,(anonymous_25)
FNDA:11,(anonymous_26)
FNDA:4,(anonymous_27)
FNDA:4,(anonymous_28)
FNDA:28,(anonymous_29)
FNDA:1,(anonymous_30)
FNDA:1,(anonymous_31)
FNDA:4,(anonymous_32)
FNDA:8,(anonymous_33)
FNDA:1,(anonymous_34)
DA:35,244
DA:36,244
DA:37,244
DA:39,244
DA:41,243
DA:44,2
DA:45,2
DA:48,243
DA:49,243
DA:50,243
DA:51,243
DA:52,243
DA:53,243
DA:54,243
DA:55,243
DA:57,243
DA:58,243
DA:59,243
DA:61,243
DA:63,243
DA:64,14
DA:66,14
DA:68,14
DA:72,243
DA:73,33
DA:74,3
DA:78,243
DA:79,61
DA:80,43
DA:83,18
DA:88,18
DA:91,243
DA:92,29
DA:93,14
DA:96,15
DA:103,15
DA:107,15
DA:112,15
DA:114,15
DA:115,2
DA:116,2
DA:117,2
DA:122,1
DA:123,1
DA:130,15
DA:131,13
DA:133,2
DA:138,13
DA:139,13
DA:148,2
DA:155,15
DA:157,15
DA:158,15
DA:159,15
DA:160,15
DA:161,15
DA:163,15
DA:164,15
DA:165,15
DA:169,15
DA:170,15
DA:171,3
DA:173,12
DA:178,13
DA:179,0
DA:180,0
DA:183,13
DA:190,2
DA:191,0
DA:192,0
DA:195,2
DA:201,16
DA:202,9
DA:203,0
DA:204,0
DA:207,9
DA:214,6
DA:215,6
DA:216,0
DA:217,0
DA:220,6
DA:227,9
DA:228,3
DA:230,6
DA:235,66
DA:236,66
DA:240,15
DA:241,0
DA:244,15
DA:245,15
DA:249,15
DA:250,0
DA:253,15
DA:254,15
DA:258,11
DA:261,3
DA:262,3
DA:263,3
DA:266,1
DA:267,1
DA:268,1
DA:271,2
DA:272,2
DA:273,2
DA:276,3
DA:277,3
DA:278,3
DA:280,1
DA:281,1
DA:283,1
DA:284,1
DA:289,4
DA:291,4
DA:298,4
DA:299,4
DA:300,0
DA:303,4
DA:304,4
DA:306,4
DA:307,4
DA:310,4
DA:311,2
DA:312,1
DA:314,1
DA:317,2
DA:318,1
DA:320,1
DA:324,4
DA:326,4
DA:327,4
DA:331,1
DA:335,4
DA:337,4
DA:338,0
DA:339,0
DA:342,4
DA:348,243
DA:353,242
DA:357,11
DA:358,4
DA:359,4
DA:360,28
DA:371,1
DA:372,1
DA:373,4
DA:375,8
DA:376,1
LF:147
LH:134
BRDA:41,0,0,2
BRDA:41,0,1,241
BRDA:73,1,0,3
BRDA:73,1,1,30
BRDA:79,2,0,43
BRDA:79,2,1,18
BRDA:79,3,0,61
BRDA:79,3,1,47
BRDA:79,3,2,32
BRDA:92,4,0,14
BRDA:92,4,1,15
BRDA:103,5,0,13
BRDA:103,5,1,2
BRDA:130,6,0,13
BRDA:130,6,1,2
BRDA:170,7,0,3
BRDA:170,7,1,12
BRDA:178,8,0,0
BRDA:178,8,1,13
BRDA:178,9,0,13
BRDA:178,9,1,13
BRDA:190,10,0,0
BRDA:190,10,1,2
BRDA:190,11,0,2
BRDA:190,11,1,2
BRDA:201,12,0,9
BRDA:201,12,1,7
BRDA:202,13,0,0
BRDA:202,13,1,9
BRDA:202,14,0,9
BRDA:202,14,1,9
BRDA:214,15,0,6
BRDA:214,15,1,0
BRDA:215,16,0,0
BRDA:215,16,1,6
BRDA:215,17,0,6
BRDA:215,17,1,6
BRDA:227,18,0,3
BRDA:227,18,1,6
BRDA:240,19,0,0
BRDA:240,19,1,15
BRDA:249,20,0,0
BRDA:249,20,1,15
BRDA:258,21,0,1
BRDA:258,21,1,3
BRDA:258,21,2,1
BRDA:258,21,3,1
BRDA:258,21,4,1
BRDA:258,21,5,2
BRDA:258,21,6,1
BRDA:258,21,7,3
BRDA:258,21,8,1
BRDA:258,21,9,1
BRDA:299,22,0,0
BRDA:299,22,1,4
BRDA:299,23,0,4
BRDA:299,23,1,4
BRDA:310,24,0,2
BRDA:310,24,1,2
BRDA:311,25,0,1
BRDA:311,25,1,1
BRDA:317,26,0,1
BRDA:317,26,1,1
BRDA:337,27,0,0
BRDA:337,27,1,4
BRDA:337,28,0,4
BRDA:337,28,1,4
BRF:67
BRH:58
end_of_record
TN:
SF:src/main/js/widgets/LoginDialog.tsx
FN:20,LoginDialog
FN:39,(anonymous_1)
FN:41,(anonymous_2)
FN:44,(anonymous_3)
FNF:4
FNH:4
FNDA:166,LoginDialog
FNDA:2,(anonymous_1)
FNDA:1,(anonymous_2)
FNDA:1,(anonymous_3)
DA:22,166
DA:33,166
DA:40,2
DA:42,1
DA:45,1
DA:46,0
DA:49,1
DA:50,1
DA:59,166
DA:83,166
LF:10
LH:9
BRDA:45,0,0,0
BRDA:45,0,1,1
BRDA:49,1,0,1
BRDA:49,1,1,0
BRDA:67,2,0,166
BRDA:67,2,1,5
BRDA:68,3,0,166
BRDA:68,3,1,5
BRDA:78,4,0,166
BRDA:78,4,1,5
BRDA:79,5,0,166
BRDA:79,5,1,5
BRF:12
BRH:10
end_of_record
TN:
SF:src/main/js/widgets/PlayerName.tsx
FN:15,PlayerName
FN:21,onToggleEditMode
FN:26,onRevert
FN:31,onAccept
FN:47,(anonymous_4)
FNF:5
FNH:5
FNDA:136,PlayerName
FNDA:4,onToggleEditMode
FNDA:1,onRevert
FNDA:1,onAccept
FNDA:22,(anonymous_4)
DA:17,136
DA:18,136
DA:19,136
DA:22,4
DA:23,4
DA:27,1
DA:28,1
DA:32,1
DA:33,1
DA:36,136
DA:47,22
LF:11
LH:11
BRDA:42,0,0,24
BRDA:42,0,1,112
BRDA:54,1,0,136
BRDA:54,1,1,129
BRDA:54,1,2,24
BRDA:63,2,0,136
BRDA:63,2,1,129
BRDA:63,2,2,24
BRDA:72,3,0,136
BRDA:72,3,1,129
BRDA:72,3,2,105
BRF:11
BRH:11
end_of_record
TN:
SF:src/main/js/widgets/PlayerPane.tsx
FN:30,PlayerPane
FN:42,(anonymous_1)
FN:45,(anonymous_2)
FN:68,(anonymous_3)
FN:75,(anonymous_4)
FNF:5
FNH:5
FNDA:243,PlayerPane
FNDA:8,(anonymous_1)
FNDA:1,(anonymous_2)
FNDA:1,(anonymous_3)
FNDA:4,(anonymous_4)
DA:31,243
DA:42,8
DA:45,1
DA:68,1
DA:75,4
LF:5
LH:5
BRDA:43,0,0,155
BRDA:43,0,1,87
BRDA:58,1,0,242
BRDA:58,1,1,111
BRF:4
BRH:4
end_of_record
TN:
SF:src/main/js/widgets/Profile.tsx
FN:24,Profile
FN:29,(anonymous_1)
FN:31,getUserFailed
FN:35,getUserData
FN:42,(anonymous_4)
FN:43,(anonymous_5)
FN:46,(anonymous_6)
FN:47,(anonymous_7)
FN:54,(anonymous_8)
FN:55,(anonymous_9)
FNF:10
FNH:6
FNDA:4,Profile
FNDA:1,(anonymous_1)
FNDA:0,getUserFailed
FNDA:1,getUserData
FNDA:1,(anonymous_4)
FNDA:0,(anonymous_5)
FNDA:1,(anonymous_6)
FNDA:0,(anonymous_7)
FNDA:1,(anonymous_8)
FNDA:0,(anonymous_9)
DA:26,4
DA:27,4
DA:29,4
DA:32,0
DA:36,1
DA:37,1
DA:38,0
DA:41,1
DA:42,1
DA:43,0
DA:45,1
DA:47,1
DA:48,0
DA:54,1
DA:55,0
DA:58,4
LF:16
LH:11
BRDA:37,0,0,0
BRDA:37,0,1,1
BRDA:60,1,0,3
BRDA:60,1,1,1
BRF:4
BRH:3
end_of_record
TN:
SF:src/main/js/widgets/RegisterDialog.tsx
FN:21,RegisterDialog
FN:48,(anonymous_1)
FN:50,(anonymous_2)
FN:53,(anonymous_3)
FNF:4
FNH:4
FNDA:386,RegisterDialog
FNDA:4,(anonymous_1)
FNDA:2,(anonymous_2)
FNDA:2,(anonymous_3)
DA:23,386
DA:41,386
DA:49,4
DA:51,2
DA:54,2
DA:55,2
DA:61,386
DA:95,386
LF:8
LH:8
BRDA:54,0,0,2
BRDA:54,0,1,0
BRDA:69,1,0,386
BRDA:69,1,1,132
BRDA:70,2,0,386
BRDA:70,2,1,132
BRDA:79,3,0,386
BRDA:79,3,1,132
BRDA:80,4,0,386
BRDA:80,4,1,132
BRDA:90,5,0,386
BRDA:90,5,1,132
BRDA:91,6,0,386
BRDA:91,6,1,132
BRF:14
BRH:13
end_of_record
TN:
SF:src/main/js/widgets/ScorePane.tsx
FN:13,ScorePane
FN:15,(anonymous_1)
FNF:2
FNH:2
FNDA:242,ScorePane
FNDA:258,(anonymous_1)
DA:15,242
DA:16,258
DA:24,242
LF:3
LH:3
BRF:0
BRH:0
end_of_record
TN:
SF:src/main/js/widgets/Scores.tsx
FN:17,Scores
FN:18,(anonymous_1)
FNF:2
FNH:2
FNDA:726,Scores
FNDA:258,(anonymous_1)
DA:18,726
DA:19,258
DA:32,726
LF:3
LH:3
BRF:0
BRH:0
end_of_record
TN:
SF:src/main/js/widgets/ShareLink.tsx
FN:8,ShareLink
FN:21,(anonymous_1)
FN:25,(anonymous_2)
FN:26,(anonymous_3)
FNF:4
FNH:2
FNDA:243,ShareLink
FNDA:1,(anonymous_1)
FNDA:0,(anonymous_2)
FNDA:0,(anonymous_3)
DA:10,243
DA:12,243
DA:22,1
DA:23,1
DA:25,0
DA:26,0
LF:6
LH:4
BRF:0
BRH:0
end_of_record
TN:
SF:src/main/js/widgets/SimpleFormDialog.tsx
FN:22,SimpleFormDialog
FN:26,handleClickOpen
FN:30,handleClose
FN:37,(anonymous_3)
FN:40,(anonymous_4)
FN:47,(anonymous_5)
FNF:6
FNH:6
FNDA:558,SimpleFormDialog
FNDA:6,handleClickOpen
FNDA:2,handleClose
FNDA:6,(anonymous_3)
FNDA:1,(anonymous_4)
FNDA:1,(anonymous_5)
DA:24,558
DA:27,6
DA:31,2
DA:32,2
DA:35,558
DA:37,6
DA:40,1
DA:47,1
LF:8
LH:8
BRF:0
BRH:0
end_of_record
